---------------------------------------------------------------

[2022-06-29T01:01:06+08:00] 1.29.83.249 GET tool.ruyo.net/static/style/fonts/glyphicons-halflings-regular.eot?
[ error ] [0]模板文件不存在:/data/wwwroot/tool.ruyo.net/application/index/view/index/static.html
---------------------------------------------------------------

[2022-06-29T01:08:51+08:00] 111.173.114.141 GET tool.ruyo.net/data/admin/allowurl.txt
[ error ] [0]模板文件不存在:/data/wwwroot/tool.ruyo.net/application/index/view/index/data.html
---------------------------------------------------------------

[2022-06-29T01:17:18+08:00] 111.173.114.209 GET tool.ruyo.net/data/admin/allowurl.txt
[ error ] [0]模板文件不存在:/data/wwwroot/tool.ruyo.net/application/index/view/index/data.html
---------------------------------------------------------------

[2022-06-29T01:59:35+08:00] 111.173.114.149 GET tool.ruyo.net/data/admin/allowurl.txt
[ error ] [0]模板文件不存在:/data/wwwroot/tool.ruyo.net/application/index/view/index/data.html
---------------------------------------------------------------

[2022-06-29T02:48:17+08:00] 222.186.43.77 GET tool.ruyo.net/data/admin/allowurl.txt
[ error ] [0]模板文件不存在:/data/wwwroot/tool.ruyo.net/application/index/view/index/data.html
---------------------------------------------------------------

[2022-06-29T03:19:20+08:00] 157.90.181.219 GET tool.ruyo.net/sitemap
[ error ] [0]模板文件不存在:/data/wwwroot/tool.ruyo.net/application/index/view/index/sitemap.html
---------------------------------------------------------------

[2022-06-29T03:19:25+08:00] 157.90.181.219 GET tool.ruyo.net/sitemap.txt
[ error ] [0]模板文件不存在:/data/wwwroot/tool.ruyo.net/application/index/view/index/sitemap.html
---------------------------------------------------------------

[2022-06-29T03:54:18+08:00] 107.167.39.210 POST tool.ruyo.net//index.php?s=/admin/index/dologin
[ error ] [0]模板文件不存在:/data/wwwroot/tool.ruyo.net/application/index/view/index/admin.html
---------------------------------------------------------------

[2022-06-29T03:58:53+08:00] 139.5.200.26 GET tool.ruyo.net/Plugin/ueditor/net/controller.ashx?action=catchimage
[ error ] [0]模板文件不存在:/data/wwwroot/tool.ruyo.net/application/index/view/index/Plugin.html
---------------------------------------------------------------

[2022-06-29T03:58:54+08:00] 139.5.200.26 GET tool.ruyo.net/Scripts/ueditor/net/controller.ashx?action=catchimage
[ error ] [0]模板文件不存在:/data/wwwroot/tool.ruyo.net/application/index/view/index/Scripts.html
---------------------------------------------------------------

[2022-06-29T03:58:54+08:00] 139.5.200.26 GET tool.ruyo.net/content/Ueditor/net/controller.ashx?action=catchimage
[ error ] [0]模板文件不存在:/data/wwwroot/tool.ruyo.net/application/index/view/index/content.html
---------------------------------------------------------------

[2022-06-29T03:58:54+08:00] 139.5.200.26 GET tool.ruyo.net/Controls/Ueditor/net/controller.ashx?action=catchimage
[ error ] [0]模板文件不存在:/data/wwwroot/tool.ruyo.net/application/index/view/index/Controls.html
---------------------------------------------------------------

[2022-06-29T03:58:55+08:00] 139.5.200.26 GET tool.ruyo.net/manager/Ueditor/net/controller.ashx?action=catchimage
[ error ] [0]模板文件不存在:/data/wwwroot/tool.ruyo.net/application/index/view/index/manager.html
---------------------------------------------------------------

[2022-06-29T03:58:55+08:00] 139.5.200.26 GET tool.ruyo.net/admin/Ueditor/net/controller.ashx?action=catchimage
[ error ] [0]模板文件不存在:/data/wwwroot/tool.ruyo.net/application/index/view/index/admin.html
---------------------------------------------------------------

[2022-06-29T03:58:56+08:00] 139.5.200.26 GET tool.ruyo.net/Ueditor/net/controller.ashx?action=catchimage
[ error ] [0]模板文件不存在:/data/wwwroot/tool.ruyo.net/application/index/view/index/Ueditor.html
---------------------------------------------------------------

[2022-06-29T03:58:56+08:00] 139.5.200.26 GET tool.ruyo.net/Content/js/ueditor/net/controller.ashx?action=catchimage
[ error ] [0]模板文件不存在:/data/wwwroot/tool.ruyo.net/application/index/view/index/Content.html
---------------------------------------------------------------

[2022-06-29T03:58:56+08:00] 139.5.200.26 GET tool.ruyo.net/net/controller.ashx?action=catchimage
[ error ] [0]模板文件不存在:/data/wwwroot/tool.ruyo.net/application/index/view/index/net.html
---------------------------------------------------------------

[2022-06-29T03:58:56+08:00] 139.5.200.26 GET tool.ruyo.net/Ueditor/controller.ashx?action=catchimage,/themes/ueditor/net/controller.ashx?action=catchimage
[ error ] [0]模板文件不存在:/data/wwwroot/tool.ruyo.net/application/index/view/index/Ueditor.html
---------------------------------------------------------------

[2022-06-29T03:59:02+08:00] 139.5.200.26 GET tool.ruyo.net/search.asp?searchword=%7Bif:eval(action)%7D99&action=Response.Write(2238888889)
[ error ] [0]模板文件不存在:/data/wwwroot/tool.ruyo.net/application/index/view/index/search.html
---------------------------------------------------------------

[2022-06-29T04:44:18+08:00] 124.248.67.71 GET tool.ruyo.net/data/admin/allowurl.txt
[ error ] [0]模板文件不存在:/data/wwwroot/tool.ruyo.net/application/index/view/index/data.html
---------------------------------------------------------------

[2022-06-29T05:30:15+08:00] 103.85.87.42 POST tool.ruyo.net/?s=captcha
[ error ] [0]模板文件不存在:/data/wwwroot/tool.ruyo.net/application/index/view/index/captcha.html
---------------------------------------------------------------

[2022-06-29T07:37:16+08:00] 27.124.6.187 GET tool.ruyo.net/index.php?s=/admin/index/dologin
[ error ] [0]模板文件不存在:/data/wwwroot/tool.ruyo.net/application/index/view/index/admin.html
---------------------------------------------------------------

[2022-06-29T07:37:34+08:00] 27.124.6.187 GET tool.ruyo.net/index.php?s=/admin/index/dologin
[ error ] [0]模板文件不存在:/data/wwwroot/tool.ruyo.net/application/index/view/index/admin.html
---------------------------------------------------------------

[2022-06-29T07:37:42+08:00] 27.124.6.187 GET tool.ruyo.net/index.php?s=/admin/index/dologin
[ error ] [0]模板文件不存在:/data/wwwroot/tool.ruyo.net/application/index/view/index/admin.html
---------------------------------------------------------------

[2022-06-29T07:38:30+08:00] 27.124.6.187 GET tool.ruyo.net/index.php?s=/admin/index/dologin
[ error ] [0]模板文件不存在:/data/wwwroot/tool.ruyo.net/application/index/view/index/admin.html
---------------------------------------------------------------

[2022-06-29T09:55:35+08:00] 119.90.52.35 GET tool.ruyo.net:443//sitemap.xml
[ error ] [0]模板文件不存在:/data/wwwroot/tool.ruyo.net/application/index/view/index/sitemap.html
---------------------------------------------------------------

[2022-06-29T09:59:04+08:00] 119.90.42.82 GET tool.ruyo.net:443//sitemap.xml
[ error ] [0]模板文件不存在:/data/wwwroot/tool.ruyo.net/application/index/view/index/sitemap.html
---------------------------------------------------------------

[2022-06-29T10:11:13+08:00] 27.124.37.119 GET tool.ruyo.net/data/admin/allowurl.txt
[ error ] [0]模板文件不存在:/data/wwwroot/tool.ruyo.net/application/index/view/index/data.html
---------------------------------------------------------------

[2022-06-29T11:27:44+08:00] 121.33.18.68 POST tool.ruyo.net/favicon/
[ error ] [8]未定义变量: icANDmask
[ error ] [8]未定义数组下标: 0
[ error ] [8]未定义数组下标: 31
[ error ] [8]未定义数组下标: 30
[ error ] [8]未定义数组下标: 29
[ error ] [8]未定义数组下标: 28
[ error ] [8]未定义数组下标: 27
[ error ] [8]未定义数组下标: 26
[ error ] [8]未定义数组下标: 25
[ error ] [8]未定义数组下标: 24
[ error ] [8]未定义数组下标: 23
[ error ] [8]未定义数组下标: 22
[ error ] [8]未定义数组下标: 21
[ error ] [8]未定义数组下标: 20
[ error ] [8]未定义数组下标: 19
[ error ] [8]未定义数组下标: 18
[ error ] [8]未定义数组下标: 17
[ error ] [8]未定义数组下标: 16
[ error ] [8]未定义数组下标: 15
[ error ] [8]未定义数组下标: 14
[ error ] [8]未定义数组下标: 13
[ error ] [8]未定义数组下标: 12
[ error ] [8]未定义数组下标: 11
[ error ] [8]未定义数组下标: 10
[ error ] [8]未定义数组下标: 9
[ error ] [8]未定义数组下标: 8
[ error ] [8]未定义数组下标: 7
[ error ] [8]未定义数组下标: 6
[ error ] [8]未定义数组下标: 5
[ error ] [8]未定义数组下标: 4
[ error ] [8]未定义数组下标: 3
[ error ] [8]未定义数组下标: 2
[ error ] [8]未定义数组下标: 1
[ error ] [8]未定义数组下标: 0
---------------------------------------------------------------

[2022-06-29T11:28:14+08:00] 121.33.18.68 POST tool.ruyo.net/favicon/
[ error ] [8]未定义变量: icANDmask
[ error ] [8]未定义数组下标: 0
[ error ] [8]未定义数组下标: 63
[ error ] [8]未定义数组下标: 62
[ error ] [8]未定义数组下标: 61
[ error ] [8]未定义数组下标: 60
[ error ] [8]未定义数组下标: 59
[ error ] [8]未定义数组下标: 58
[ error ] [8]未定义数组下标: 57
[ error ] [8]未定义数组下标: 56
[ error ] [8]未定义数组下标: 55
[ error ] [8]未定义数组下标: 54
[ error ] [8]未定义数组下标: 53
[ error ] [8]未定义数组下标: 52
[ error ] [8]未定义数组下标: 51
[ error ] [8]未定义数组下标: 50
[ error ] [8]未定义数组下标: 49
[ error ] [8]未定义数组下标: 48
[ error ] [8]未定义数组下标: 47
[ error ] [8]未定义数组下标: 46
[ error ] [8]未定义数组下标: 45
[ error ] [8]未定义数组下标: 44
[ error ] [8]未定义数组下标: 43
[ error ] [8]未定义数组下标: 42
[ error ] [8]未定义数组下标: 41
[ error ] [8]未定义数组下标: 40
[ error ] [8]未定义数组下标: 39
[ error ] [8]未定义数组下标: 38
[ error ] [8]未定义数组下标: 37
[ error ] [8]未定义数组下标: 36
[ error ] [8]未定义数组下标: 35
[ error ] [8]未定义数组下标: 34
[ error ] [8]未定义数组下标: 33
[ error ] [8]未定义数组下标: 32
[ error ] [8]未定义数组下标: 31
[ error ] [8]未定义数组下标: 30
[ error ] [8]未定义数组下标: 29
[ error ] [8]未定义数组下标: 28
[ error ] [8]未定义数组下标: 27
[ error ] [8]未定义数组下标: 26
[ error ] [8]未定义数组下标: 25
[ error ] [8]未定义数组下标: 24
[ error ] [8]未定义数组下标: 23
[ error ] [8]未定义数组下标: 22
[ error ] [8]未定义数组下标: 21
[ error ] [8]未定义数组下标: 20
[ error ] [8]未定义数组下标: 19
[ error ] [8]未定义数组下标: 18
[ error ] [8]未定义数组下标: 17
[ error ] [8]未定义数组下标: 16
[ error ] [8]未定义数组下标: 15
[ error ] [8]未定义数组下标: 14
[ error ] [8]未定义数组下标: 13
[ error ] [8]未定义数组下标: 12
[ error ] [8]未定义数组下标: 11
[ error ] [8]未定义数组下标: 10
[ error ] [8]未定义数组下标: 9
[ error ] [8]未定义数组下标: 8
[ error ] [8]未定义数组下标: 7
[ error ] [8]未定义数组下标: 6
[ error ] [8]未定义数组下标: 5
[ error ] [8]未定义数组下标: 4
[ error ] [8]未定义数组下标: 3
[ error ] [8]未定义数组下标: 2
[ error ] [8]未定义数组下标: 1
[ error ] [8]未定义数组下标: 0
---------------------------------------------------------------

[2022-06-29T11:28:24+08:00] 121.33.18.68 POST tool.ruyo.net/favicon/
[ error ] [8]未定义变量: icANDmask
[ error ] [8]未定义数组下标: 0
[ error ] [8]未定义数组下标: 63
[ error ] [8]未定义数组下标: 62
[ error ] [8]未定义数组下标: 61
[ error ] [8]未定义数组下标: 60
[ error ] [8]未定义数组下标: 59
[ error ] [8]未定义数组下标: 58
[ error ] [8]未定义数组下标: 57
[ error ] [8]未定义数组下标: 56
[ error ] [8]未定义数组下标: 55
[ error ] [8]未定义数组下标: 54
[ error ] [8]未定义数组下标: 53
[ error ] [8]未定义数组下标: 52
[ error ] [8]未定义数组下标: 51
[ error ] [8]未定义数组下标: 50
[ error ] [8]未定义数组下标: 49
[ error ] [8]未定义数组下标: 48
[ error ] [8]未定义数组下标: 47
[ error ] [8]未定义数组下标: 46
[ error ] [8]未定义数组下标: 45
[ error ] [8]未定义数组下标: 44
[ error ] [8]未定义数组下标: 43
[ error ] [8]未定义数组下标: 42
[ error ] [8]未定义数组下标: 41
[ error ] [8]未定义数组下标: 40
[ error ] [8]未定义数组下标: 39
[ error ] [8]未定义数组下标: 38
[ error ] [8]未定义数组下标: 37
[ error ] [8]未定义数组下标: 36
[ error ] [8]未定义数组下标: 35
[ error ] [8]未定义数组下标: 34
[ error ] [8]未定义数组下标: 33
[ error ] [8]未定义数组下标: 32
[ error ] [8]未定义数组下标: 31
[ error ] [8]未定义数组下标: 30
[ error ] [8]未定义数组下标: 29
[ error ] [8]未定义数组下标: 28
[ error ] [8]未定义数组下标: 27
[ error ] [8]未定义数组下标: 26
[ error ] [8]未定义数组下标: 25
[ error ] [8]未定义数组下标: 24
[ error ] [8]未定义数组下标: 23
[ error ] [8]未定义数组下标: 22
[ error ] [8]未定义数组下标: 21
[ error ] [8]未定义数组下标: 20
[ error ] [8]未定义数组下标: 19
[ error ] [8]未定义数组下标: 18
[ error ] [8]未定义数组下标: 17
[ error ] [8]未定义数组下标: 16
[ error ] [8]未定义数组下标: 15
[ error ] [8]未定义数组下标: 14
[ error ] [8]未定义数组下标: 13
[ error ] [8]未定义数组下标: 12
[ error ] [8]未定义数组下标: 11
[ error ] [8]未定义数组下标: 10
[ error ] [8]未定义数组下标: 9
[ error ] [8]未定义数组下标: 8
[ error ] [8]未定义数组下标: 7
[ error ] [8]未定义数组下标: 6
[ error ] [8]未定义数组下标: 5
[ error ] [8]未定义数组下标: 4
[ error ] [8]未定义数组下标: 3
[ error ] [8]未定义数组下标: 2
[ error ] [8]未定义数组下标: 1
[ error ] [8]未定义数组下标: 0
---------------------------------------------------------------

[2022-06-29T11:28:40+08:00] 121.33.18.68 POST tool.ruyo.net/favicon/
[ error ] [8]未定义变量: icANDmask
[ error ] [8]未定义数组下标: 0
[ error ] [8]未定义数组下标: 63
[ error ] [8]未定义数组下标: 62
[ error ] [8]未定义数组下标: 61
[ error ] [8]未定义数组下标: 60
[ error ] [8]未定义数组下标: 59
[ error ] [8]未定义数组下标: 58
[ error ] [8]未定义数组下标: 57
[ error ] [8]未定义数组下标: 56
[ error ] [8]未定义数组下标: 55
[ error ] [8]未定义数组下标: 54
[ error ] [8]未定义数组下标: 53
[ error ] [8]未定义数组下标: 52
[ error ] [8]未定义数组下标: 51
[ error ] [8]未定义数组下标: 50
[ error ] [8]未定义数组下标: 49
[ error ] [8]未定义数组下标: 48
[ error ] [8]未定义数组下标: 47
[ error ] [8]未定义数组下标: 46
[ error ] [8]未定义数组下标: 45
[ error ] [8]未定义数组下标: 44
[ error ] [8]未定义数组下标: 43
[ error ] [8]未定义数组下标: 42
[ error ] [8]未定义数组下标: 41
[ error ] [8]未定义数组下标: 40
[ error ] [8]未定义数组下标: 39
[ error ] [8]未定义数组下标: 38
[ error ] [8]未定义数组下标: 37
[ error ] [8]未定义数组下标: 36
[ error ] [8]未定义数组下标: 35
[ error ] [8]未定义数组下标: 34
[ error ] [8]未定义数组下标: 33
[ error ] [8]未定义数组下标: 32
[ error ] [8]未定义数组下标: 31
[ error ] [8]未定义数组下标: 30
[ error ] [8]未定义数组下标: 29
[ error ] [8]未定义数组下标: 28
[ error ] [8]未定义数组下标: 27
[ error ] [8]未定义数组下标: 26
[ error ] [8]未定义数组下标: 25
[ error ] [8]未定义数组下标: 24
[ error ] [8]未定义数组下标: 23
[ error ] [8]未定义数组下标: 22
[ error ] [8]未定义数组下标: 21
[ error ] [8]未定义数组下标: 20
[ error ] [8]未定义数组下标: 19
[ error ] [8]未定义数组下标: 18
[ error ] [8]未定义数组下标: 17
[ error ] [8]未定义数组下标: 16
[ error ] [8]未定义数组下标: 15
[ error ] [8]未定义数组下标: 14
[ error ] [8]未定义数组下标: 13
[ error ] [8]未定义数组下标: 12
[ error ] [8]未定义数组下标: 11
[ error ] [8]未定义数组下标: 10
[ error ] [8]未定义数组下标: 9
[ error ] [8]未定义数组下标: 8
[ error ] [8]未定义数组下标: 7
[ error ] [8]未定义数组下标: 6
[ error ] [8]未定义数组下标: 5
[ error ] [8]未定义数组下标: 4
[ error ] [8]未定义数组下标: 3
[ error ] [8]未定义数组下标: 2
[ error ] [8]未定义数组下标: 1
[ error ] [8]未定义数组下标: 0
---------------------------------------------------------------

[2022-06-29T11:52:22+08:00] 142.132.248.185 GET tool.ruyo.net/sitemap.xml
[ error ] [0]模板文件不存在:/data/wwwroot/tool.ruyo.net/application/index/view/index/sitemap.html
---------------------------------------------------------------

[2022-06-29T12:34:30+08:00] 40.77.167.68 GET tool.ruyo.net/sitemap.xml
[ error ] [0]模板文件不存在:/data/wwwroot/tool.ruyo.net/application/index/view/index/sitemap.html
---------------------------------------------------------------

[2022-06-29T12:49:49+08:00] 40.77.167.56 GET tool.ruyo.net/atom.xml
[ error ] [0]模板文件不存在:/data/wwwroot/tool.ruyo.net/application/index/view/index/atom.html
---------------------------------------------------------------

[2022-06-29T13:13:58+08:00] 157.55.39.66 GET tool.ruyo.net/sitemap_index.xml
[ error ] [0]模板文件不存在:/data/wwwroot/tool.ruyo.net/application/index/view/index/sitemap_index.html
---------------------------------------------------------------

[2022-06-29T13:38:20+08:00] 207.46.13.144 GET tool.ruyo.net/sitemap.txt
[ error ] [0]模板文件不存在:/data/wwwroot/tool.ruyo.net/application/index/view/index/sitemap.html
---------------------------------------------------------------

[2022-06-29T14:02:33+08:00] 207.46.13.159 GET tool.ruyo.net/sitemaps.xml
[ error ] [0]模板文件不存在:/data/wwwroot/tool.ruyo.net/application/index/view/index/sitemaps.html
---------------------------------------------------------------

[2022-06-29T14:40:30+08:00] 49.232.6.201 GET tool.ruyo.net/uploads/userup/index.html
[ error ] [0]模板文件不存在:/data/wwwroot/tool.ruyo.net/application/index/view/index/uploads.html
---------------------------------------------------------------

[2022-06-29T14:41:41+08:00] 49.232.6.201 GET tool.ruyo.net/data/cache/inc_catalog_base.inc
[ error ] [0]模板文件不存在:/data/wwwroot/tool.ruyo.net/application/index/view/index/data.html
---------------------------------------------------------------

[2022-06-29T16:34:45+08:00] 49.232.6.201 GET tool.ruyo.net/data/index.html
[ error ] [0]模板文件不存在:/data/wwwroot/tool.ruyo.net/application/index/view/index/data.html
---------------------------------------------------------------

[2022-06-29T16:49:57+08:00] 112.60.22.107 GET tool.ruyo.net/minio/logo.svg
[ error ] [0]模板文件不存在:/data/wwwroot/tool.ruyo.net/application/index/view/index/minio.html
---------------------------------------------------------------

[2022-06-29T16:49:58+08:00] 61.241.55.175 GET tool.ruyo.net/minio/logo.svg
[ error ] [0]模板文件不存在:/data/wwwroot/tool.ruyo.net/application/index/view/index/minio.html
---------------------------------------------------------------

[2022-06-29T16:49:58+08:00] 112.60.22.18 GET tool.ruyo.net/minio/logo.svg
[ error ] [0]模板文件不存在:/data/wwwroot/tool.ruyo.net/application/index/view/index/minio.html
---------------------------------------------------------------

[2022-06-29T20:40:51+08:00] 49.232.6.201 GET tool.ruyo.net/uc_server/view/default/admin_frame_main.htm
[ error ] [0]模板文件不存在:/data/wwwroot/tool.ruyo.net/application/index/view/index/uc_server.html
---------------------------------------------------------------

[2022-06-29T23:43:53+08:00] 49.232.6.201 GET tool.ruyo.net/data/cache/index.htm
[ error ] [0]模板文件不存在:/data/wwwroot/tool.ruyo.net/application/index/view/index/data.html
