---------------------------------------------------------------

[2022-03-23T02:13:50+08:00] 101.74.46.141 GET tool.ruyo.net/static/style/fonts/glyphicons-halflings-regular.eot?
[ error ] [0]模板文件不存在:/data/wwwroot/tool.ruyo.net/application/index/view/index/static.html
---------------------------------------------------------------

[2022-03-23T03:33:47+08:00] 121.204.137.142 GET tool.ruyo.net/data/admin/allowurl.txt
[ error ] [0]模板文件不存在:/data/wwwroot/tool.ruyo.net/application/index/view/index/data.html
---------------------------------------------------------------

[2022-03-23T09:44:23+08:00] 114.104.87.72 POST tool.ruyo.net/api/
[ error ] [2]get_headers(): php_network_getaddresses: getaddrinfo failed: Name or service not known
---------------------------------------------------------------

[2022-03-23T10:16:35+08:00] 120.192.185.114 GET tool.ruyo.net/static/style/fonts/glyphicons-halflings-regular.eot?
[ error ] [0]模板文件不存在:/data/wwwroot/tool.ruyo.net/application/index/view/index/static.html
---------------------------------------------------------------

[2022-03-23T10:25:17+08:00] 156.247.11.240 HEAD tool.ruyo.net/wwwroot.rar
[ error ] [0]模板文件不存在:/data/wwwroot/tool.ruyo.net/application/index/view/index/wwwroot.html
---------------------------------------------------------------

[2022-03-23T10:25:17+08:00] 156.247.11.240 HEAD tool.ruyo.net/wwwroot.zip
[ error ] [0]模板文件不存在:/data/wwwroot/tool.ruyo.net/application/index/view/index/wwwroot.html
---------------------------------------------------------------

[2022-03-23T10:25:20+08:00] 156.247.11.240 HEAD tool.ruyo.net/www.rar
[ error ] [0]模板文件不存在:/data/wwwroot/tool.ruyo.net/application/index/view/index/www.html
---------------------------------------------------------------

[2022-03-23T10:25:20+08:00] 156.247.11.240 HEAD tool.ruyo.net/www.zip
[ error ] [0]模板文件不存在:/data/wwwroot/tool.ruyo.net/application/index/view/index/www.html
---------------------------------------------------------------

[2022-03-23T10:25:21+08:00] 156.247.11.240 HEAD tool.ruyo.net/web.rar
[ error ] [0]模板文件不存在:/data/wwwroot/tool.ruyo.net/application/index/view/index/web.html
---------------------------------------------------------------

[2022-03-23T10:25:21+08:00] 156.247.11.240 HEAD tool.ruyo.net/web.zip
[ error ] [0]模板文件不存在:/data/wwwroot/tool.ruyo.net/application/index/view/index/web.html
---------------------------------------------------------------

[2022-03-23T10:25:21+08:00] 156.247.11.240 HEAD tool.ruyo.net/tool.ruyo.net.rar
[ error ] [0]模板文件不存在:/data/wwwroot/tool.ruyo.net/application/index/view/index/tool.html
---------------------------------------------------------------

[2022-03-23T10:25:22+08:00] 156.247.11.240 HEAD tool.ruyo.net/tool.ruyo.net.zip
[ error ] [0]模板文件不存在:/data/wwwroot/tool.ruyo.net/application/index/view/index/tool.html
---------------------------------------------------------------

[2022-03-23T10:25:22+08:00] 156.247.11.240 HEAD tool.ruyo.net/tool_ruyo_net.rar
[ error ] [0]模板文件不存在:/data/wwwroot/tool.ruyo.net/application/index/view/index/tool_ruyo_net.html
---------------------------------------------------------------

[2022-03-23T10:25:23+08:00] 156.247.11.240 HEAD tool.ruyo.net/tool_ruyo_net.zip
[ error ] [0]模板文件不存在:/data/wwwroot/tool.ruyo.net/application/index/view/index/tool_ruyo_net.html
---------------------------------------------------------------

[2022-03-23T10:25:23+08:00] 156.247.11.240 HEAD tool.ruyo.net/toolruyonet.rar
[ error ] [0]模板文件不存在:/data/wwwroot/tool.ruyo.net/application/index/view/index/toolruyonet.html
---------------------------------------------------------------

[2022-03-23T10:25:24+08:00] 156.247.11.240 HEAD tool.ruyo.net/toolruyonet.zip
[ error ] [0]模板文件不存在:/data/wwwroot/tool.ruyo.net/application/index/view/index/toolruyonet.html
---------------------------------------------------------------

[2022-03-23T10:25:24+08:00] 156.247.11.240 HEAD tool.ruyo.net/ruyo.net.rar
[ error ] [0]模板文件不存在:/data/wwwroot/tool.ruyo.net/application/index/view/index/ruyo.html
---------------------------------------------------------------

[2022-03-23T10:25:26+08:00] 156.247.11.240 HEAD tool.ruyo.net/ruyo.net.zip
[ error ] [0]模板文件不存在:/data/wwwroot/tool.ruyo.net/application/index/view/index/ruyo.html
---------------------------------------------------------------

[2022-03-23T10:25:26+08:00] 156.247.11.240 HEAD tool.ruyo.net/ruyo.rar
[ error ] [0]模板文件不存在:/data/wwwroot/tool.ruyo.net/application/index/view/index/ruyo.html
---------------------------------------------------------------

[2022-03-23T10:25:28+08:00] 156.247.11.240 HEAD tool.ruyo.net/ruyo.zip
[ error ] [0]模板文件不存在:/data/wwwroot/tool.ruyo.net/application/index/view/index/ruyo.html
---------------------------------------------------------------

[2022-03-23T10:25:30+08:00] 156.247.11.240 HEAD tool.ruyo.net/bbs.rar
[ error ] [0]模板文件不存在:/data/wwwroot/tool.ruyo.net/application/index/view/index/bbs.html
---------------------------------------------------------------

[2022-03-23T10:25:32+08:00] 156.247.11.240 HEAD tool.ruyo.net/bbs.zip
[ error ] [0]模板文件不存在:/data/wwwroot/tool.ruyo.net/application/index/view/index/bbs.html
---------------------------------------------------------------

[2022-03-23T10:25:32+08:00] 156.247.11.240 HEAD tool.ruyo.net/www.root.rar
[ error ] [0]模板文件不存在:/data/wwwroot/tool.ruyo.net/application/index/view/index/www.html
---------------------------------------------------------------

[2022-03-23T10:25:33+08:00] 156.247.11.240 HEAD tool.ruyo.net/www.root.zip
[ error ] [0]模板文件不存在:/data/wwwroot/tool.ruyo.net/application/index/view/index/www.html
---------------------------------------------------------------

[2022-03-23T10:25:33+08:00] 156.247.11.240 HEAD tool.ruyo.net/123.rar
[ error ] [0]模板文件不存在:/data/wwwroot/tool.ruyo.net/application/index/view/index/123.html
---------------------------------------------------------------

[2022-03-23T10:25:34+08:00] 156.247.11.240 HEAD tool.ruyo.net/123.zip
[ error ] [0]模板文件不存在:/data/wwwroot/tool.ruyo.net/application/index/view/index/123.html
---------------------------------------------------------------

[2022-03-23T10:25:34+08:00] 156.247.11.240 HEAD tool.ruyo.net/bak.rar
[ error ] [0]模板文件不存在:/data/wwwroot/tool.ruyo.net/application/index/view/index/bak.html
---------------------------------------------------------------

[2022-03-23T10:25:35+08:00] 156.247.11.240 HEAD tool.ruyo.net/bak.zip
[ error ] [0]模板文件不存在:/data/wwwroot/tool.ruyo.net/application/index/view/index/bak.html
---------------------------------------------------------------

[2022-03-23T11:13:29+08:00] 182.200.51.2 POST tool.ruyo.net/favicon/
[ error ] [8]未定义变量: icANDmask
[ error ] [8]未定义数组下标: 0
[ error ] [8]未定义数组下标: 47
[ error ] [8]未定义数组下标: 46
[ error ] [8]未定义数组下标: 45
[ error ] [8]未定义数组下标: 44
[ error ] [8]未定义数组下标: 43
[ error ] [8]未定义数组下标: 42
[ error ] [8]未定义数组下标: 41
[ error ] [8]未定义数组下标: 40
[ error ] [8]未定义数组下标: 39
[ error ] [8]未定义数组下标: 38
[ error ] [8]未定义数组下标: 37
[ error ] [8]未定义数组下标: 36
[ error ] [8]未定义数组下标: 35
[ error ] [8]未定义数组下标: 34
[ error ] [8]未定义数组下标: 33
[ error ] [8]未定义数组下标: 32
[ error ] [8]未定义数组下标: 31
[ error ] [8]未定义数组下标: 30
[ error ] [8]未定义数组下标: 29
[ error ] [8]未定义数组下标: 28
[ error ] [8]未定义数组下标: 27
[ error ] [8]未定义数组下标: 26
[ error ] [8]未定义数组下标: 25
[ error ] [8]未定义数组下标: 24
[ error ] [8]未定义数组下标: 23
[ error ] [8]未定义数组下标: 22
[ error ] [8]未定义数组下标: 21
[ error ] [8]未定义数组下标: 20
[ error ] [8]未定义数组下标: 19
[ error ] [8]未定义数组下标: 18
[ error ] [8]未定义数组下标: 17
[ error ] [8]未定义数组下标: 16
[ error ] [8]未定义数组下标: 15
[ error ] [8]未定义数组下标: 14
[ error ] [8]未定义数组下标: 13
[ error ] [8]未定义数组下标: 12
[ error ] [8]未定义数组下标: 11
[ error ] [8]未定义数组下标: 10
[ error ] [8]未定义数组下标: 9
[ error ] [8]未定义数组下标: 8
[ error ] [8]未定义数组下标: 7
[ error ] [8]未定义数组下标: 6
[ error ] [8]未定义数组下标: 5
[ error ] [8]未定义数组下标: 4
[ error ] [8]未定义数组下标: 3
[ error ] [8]未定义数组下标: 2
[ error ] [8]未定义数组下标: 1
[ error ] [8]未定义数组下标: 0
---------------------------------------------------------------

[2022-03-23T12:06:15+08:00] 182.200.51.2 POST tool.ruyo.net/favicon/
[ error ] [8]未定义变量: icANDmask
[ error ] [8]未定义数组下标: 0
[ error ] [8]未定义数组下标: 31
[ error ] [8]未定义数组下标: 30
[ error ] [8]未定义数组下标: 29
[ error ] [8]未定义数组下标: 28
[ error ] [8]未定义数组下标: 27
[ error ] [8]未定义数组下标: 26
[ error ] [8]未定义数组下标: 25
[ error ] [8]未定义数组下标: 24
[ error ] [8]未定义数组下标: 23
[ error ] [8]未定义数组下标: 22
[ error ] [8]未定义数组下标: 21
[ error ] [8]未定义数组下标: 20
[ error ] [8]未定义数组下标: 19
[ error ] [8]未定义数组下标: 18
[ error ] [8]未定义数组下标: 17
[ error ] [8]未定义数组下标: 16
[ error ] [8]未定义数组下标: 15
[ error ] [8]未定义数组下标: 14
[ error ] [8]未定义数组下标: 13
[ error ] [8]未定义数组下标: 12
[ error ] [8]未定义数组下标: 11
[ error ] [8]未定义数组下标: 10
[ error ] [8]未定义数组下标: 9
[ error ] [8]未定义数组下标: 8
[ error ] [8]未定义数组下标: 7
[ error ] [8]未定义数组下标: 6
[ error ] [8]未定义数组下标: 5
[ error ] [8]未定义数组下标: 4
[ error ] [8]未定义数组下标: 3
[ error ] [8]未定义数组下标: 2
[ error ] [8]未定义数组下标: 1
[ error ] [8]未定义数组下标: 0
---------------------------------------------------------------

[2022-03-23T14:28:22+08:00] 183.230.21.63 POST tool.ruyo.net/favicon/
[ error ] [0]没有文件被上传！
---------------------------------------------------------------

[2022-03-23T15:37:59+08:00] 111.33.170.29 POST tool.ruyo.net/api/
[ error ] [2]get_headers(): SSL operation failed with code 1. OpenSSL Error messages:
error:14090086:SSL routines:ssl3_get_server_certificate:certificate verify failed
---------------------------------------------------------------

[2022-03-23T16:07:03+08:00] 222.217.68.134 GET tool.ruyo.net/static/style/fonts/glyphicons-halflings-regular.eot?
[ error ] [0]模板文件不存在:/data/wwwroot/tool.ruyo.net/application/index/view/index/static.html
---------------------------------------------------------------

[2022-03-23T16:35:09+08:00] 222.217.68.134 GET tool.ruyo.net/browserconfig.xml
[ error ] [0]模板文件不存在:/data/wwwroot/tool.ruyo.net/application/index/view/index/browserconfig.html
---------------------------------------------------------------

[2022-03-23T16:52:31+08:00] 58.209.54.35 GET tool.ruyo.net/static/style/fonts/glyphicons-halflings-regular.eot?
[ error ] [0]模板文件不存在:/data/wwwroot/tool.ruyo.net/application/index/view/index/static.html
---------------------------------------------------------------

[2022-03-23T17:19:02+08:00] 120.197.68.254 GET tool.ruyo.net/static/style/fonts/glyphicons-halflings-regular.eot?
[ error ] [0]模板文件不存在:/data/wwwroot/tool.ruyo.net/application/index/view/index/static.html
---------------------------------------------------------------

[2022-03-23T18:17:43+08:00] 116.24.38.8 POST tool.ruyo.net/favicon/?msclkid=505251fcaa9211ec9617178f595b1abb
[ error ] [0]没有文件被上传！
---------------------------------------------------------------

[2022-03-23T18:47:19+08:00] 175.10.39.94 GET tool.ruyo.net/static/style/fonts/glyphicons-halflings-regular.eot?
[ error ] [0]模板文件不存在:/data/wwwroot/tool.ruyo.net/application/index/view/index/static.html
---------------------------------------------------------------

[2022-03-23T19:11:58+08:00] 222.136.161.92 POST tool.ruyo.net/api/
[ error ] [2]get_headers(): php_network_getaddresses: getaddrinfo failed: Name or service not known
---------------------------------------------------------------

[2022-03-23T19:12:17+08:00] 222.136.161.92 POST tool.ruyo.net/api/
[ error ] [2]get_headers(): php_network_getaddresses: getaddrinfo failed: Name or service not known
---------------------------------------------------------------

[2022-03-23T19:12:46+08:00] 123.193.148.228 GET tool.ruyo.net/static/style/fonts/glyphicons-halflings-regular.eot?
[ error ] [0]模板文件不存在:/data/wwwroot/tool.ruyo.net/application/index/view/index/static.html
---------------------------------------------------------------

[2022-03-23T19:12:56+08:00] 123.193.148.228 GET tool.ruyo.net/static/style/fonts/glyphicons-halflings-regular.eot?
[ error ] [0]模板文件不存在:/data/wwwroot/tool.ruyo.net/application/index/view/index/static.html
---------------------------------------------------------------

[2022-03-23T19:13:34+08:00] 123.193.148.228 GET tool.ruyo.net/static/style/fonts/glyphicons-halflings-regular.eot?
[ error ] [0]模板文件不存在:/data/wwwroot/tool.ruyo.net/application/index/view/index/static.html
---------------------------------------------------------------

[2022-03-23T19:35:32+08:00] 58.51.141.238 POST tool.ruyo.net/favicon/
[ error ] [8]未定义变量: icANDmask
[ error ] [8]未定义数组下标: 0
[ error ] [8]未定义数组下标: 63
[ error ] [8]未定义数组下标: 62
[ error ] [8]未定义数组下标: 61
[ error ] [8]未定义数组下标: 60
[ error ] [8]未定义数组下标: 59
[ error ] [8]未定义数组下标: 58
[ error ] [8]未定义数组下标: 57
[ error ] [8]未定义数组下标: 56
[ error ] [8]未定义数组下标: 55
[ error ] [8]未定义数组下标: 54
[ error ] [8]未定义数组下标: 53
[ error ] [8]未定义数组下标: 52
[ error ] [8]未定义数组下标: 51
[ error ] [8]未定义数组下标: 50
[ error ] [8]未定义数组下标: 49
[ error ] [8]未定义数组下标: 48
[ error ] [8]未定义数组下标: 47
[ error ] [8]未定义数组下标: 46
[ error ] [8]未定义数组下标: 45
[ error ] [8]未定义数组下标: 44
[ error ] [8]未定义数组下标: 43
[ error ] [8]未定义数组下标: 42
[ error ] [8]未定义数组下标: 41
[ error ] [8]未定义数组下标: 40
[ error ] [8]未定义数组下标: 39
[ error ] [8]未定义数组下标: 38
[ error ] [8]未定义数组下标: 37
[ error ] [8]未定义数组下标: 36
[ error ] [8]未定义数组下标: 35
[ error ] [8]未定义数组下标: 34
[ error ] [8]未定义数组下标: 33
[ error ] [8]未定义数组下标: 32
[ error ] [8]未定义数组下标: 31
[ error ] [8]未定义数组下标: 30
[ error ] [8]未定义数组下标: 29
[ error ] [8]未定义数组下标: 28
[ error ] [8]未定义数组下标: 27
[ error ] [8]未定义数组下标: 26
[ error ] [8]未定义数组下标: 25
[ error ] [8]未定义数组下标: 24
[ error ] [8]未定义数组下标: 23
[ error ] [8]未定义数组下标: 22
[ error ] [8]未定义数组下标: 21
[ error ] [8]未定义数组下标: 20
[ error ] [8]未定义数组下标: 19
[ error ] [8]未定义数组下标: 18
[ error ] [8]未定义数组下标: 17
[ error ] [8]未定义数组下标: 16
[ error ] [8]未定义数组下标: 15
[ error ] [8]未定义数组下标: 14
[ error ] [8]未定义数组下标: 13
[ error ] [8]未定义数组下标: 12
[ error ] [8]未定义数组下标: 11
[ error ] [8]未定义数组下标: 10
[ error ] [8]未定义数组下标: 9
[ error ] [8]未定义数组下标: 8
[ error ] [8]未定义数组下标: 7
[ error ] [8]未定义数组下标: 6
[ error ] [8]未定义数组下标: 5
[ error ] [8]未定义数组下标: 4
[ error ] [8]未定义数组下标: 3
[ error ] [8]未定义数组下标: 2
[ error ] [8]未定义数组下标: 1
[ error ] [8]未定义数组下标: 0
---------------------------------------------------------------

[2022-03-23T20:34:02+08:00] 124.227.254.208 GET tool.ruyo.net/static/style/fonts/glyphicons-halflings-regular.eot?
[ error ] [0]模板文件不存在:/data/wwwroot/tool.ruyo.net/application/index/view/index/static.html
---------------------------------------------------------------

[2022-03-23T20:44:51+08:00] 112.47.58.209 GET tool.ruyo.net/data/admin/allowurl.txt
[ error ] [0]模板文件不存在:/data/wwwroot/tool.ruyo.net/application/index/view/index/data.html
---------------------------------------------------------------

[2022-03-23T22:20:21+08:00] 101.93.224.132 POST tool.ruyo.net/favicon/
[ error ] [8]未定义变量: icANDmask
[ error ] [8]未定义数组下标: 0
[ error ] [8]未定义数组下标: 31
[ error ] [8]未定义数组下标: 30
[ error ] [8]未定义数组下标: 29
[ error ] [8]未定义数组下标: 28
[ error ] [8]未定义数组下标: 27
[ error ] [8]未定义数组下标: 26
[ error ] [8]未定义数组下标: 25
[ error ] [8]未定义数组下标: 24
[ error ] [8]未定义数组下标: 23
[ error ] [8]未定义数组下标: 22
[ error ] [8]未定义数组下标: 21
[ error ] [8]未定义数组下标: 20
[ error ] [8]未定义数组下标: 19
[ error ] [8]未定义数组下标: 18
[ error ] [8]未定义数组下标: 17
[ error ] [8]未定义数组下标: 16
[ error ] [8]未定义数组下标: 15
[ error ] [8]未定义数组下标: 14
[ error ] [8]未定义数组下标: 13
[ error ] [8]未定义数组下标: 12
[ error ] [8]未定义数组下标: 11
[ error ] [8]未定义数组下标: 10
[ error ] [8]未定义数组下标: 9
[ error ] [8]未定义数组下标: 8
[ error ] [8]未定义数组下标: 7
[ error ] [8]未定义数组下标: 6
[ error ] [8]未定义数组下标: 5
[ error ] [8]未定义数组下标: 4
[ error ] [8]未定义数组下标: 3
[ error ] [8]未定义数组下标: 2
[ error ] [8]未定义数组下标: 1
[ error ] [8]未定义数组下标: 0
---------------------------------------------------------------

[2022-03-23T22:23:20+08:00] 121.204.172.235 GET tool.ruyo.net/data/admin/allowurl.txt
[ error ] [0]模板文件不存在:/data/wwwroot/tool.ruyo.net/application/index/view/index/data.html
---------------------------------------------------------------

[2022-03-23T22:27:51+08:00] 101.93.224.132 POST tool.ruyo.net/favicon/
[ error ] [8]未定义变量: icANDmask
[ error ] [8]未定义数组下标: 0
[ error ] [8]未定义数组下标: 31
[ error ] [8]未定义数组下标: 30
[ error ] [8]未定义数组下标: 29
[ error ] [8]未定义数组下标: 28
[ error ] [8]未定义数组下标: 27
[ error ] [8]未定义数组下标: 26
[ error ] [8]未定义数组下标: 25
[ error ] [8]未定义数组下标: 24
[ error ] [8]未定义数组下标: 23
[ error ] [8]未定义数组下标: 22
[ error ] [8]未定义数组下标: 21
[ error ] [8]未定义数组下标: 20
[ error ] [8]未定义数组下标: 19
[ error ] [8]未定义数组下标: 18
[ error ] [8]未定义数组下标: 17
[ error ] [8]未定义数组下标: 16
[ error ] [8]未定义数组下标: 15
[ error ] [8]未定义数组下标: 14
[ error ] [8]未定义数组下标: 13
[ error ] [8]未定义数组下标: 12
[ error ] [8]未定义数组下标: 11
[ error ] [8]未定义数组下标: 10
[ error ] [8]未定义数组下标: 9
[ error ] [8]未定义数组下标: 8
[ error ] [8]未定义数组下标: 7
[ error ] [8]未定义数组下标: 6
[ error ] [8]未定义数组下标: 5
[ error ] [8]未定义数组下标: 4
[ error ] [8]未定义数组下标: 3
[ error ] [8]未定义数组下标: 2
[ error ] [8]未定义数组下标: 1
[ error ] [8]未定义数组下标: 0
---------------------------------------------------------------

[2022-03-23T23:58:32+08:00] 140.249.205.201 GET tool.ruyo.net/data/admin/allowurl.txt
[ error ] [0]模板文件不存在:/data/wwwroot/tool.ruyo.net/application/index/view/index/data.html
