---------------------------------------------------------------

[2022-03-25T00:38:05+08:00] 123.123.135.224 POST tool.ruyo.net/favicon/
[ error ] [8]未定义变量: icANDmask
[ error ] [8]未定义数组下标: 0
[ error ] [8]未定义数组下标: 127
[ error ] [8]未定义数组下标: 126
[ error ] [8]未定义数组下标: 125
[ error ] [8]未定义数组下标: 124
[ error ] [8]未定义数组下标: 123
[ error ] [8]未定义数组下标: 122
[ error ] [8]未定义数组下标: 121
[ error ] [8]未定义数组下标: 120
[ error ] [8]未定义数组下标: 119
[ error ] [8]未定义数组下标: 118
[ error ] [8]未定义数组下标: 117
[ error ] [8]未定义数组下标: 116
[ error ] [8]未定义数组下标: 115
[ error ] [8]未定义数组下标: 114
[ error ] [8]未定义数组下标: 113
[ error ] [8]未定义数组下标: 112
[ error ] [8]未定义数组下标: 111
[ error ] [8]未定义数组下标: 110
[ error ] [8]未定义数组下标: 109
[ error ] [8]未定义数组下标: 108
[ error ] [8]未定义数组下标: 107
[ error ] [8]未定义数组下标: 106
[ error ] [8]未定义数组下标: 105
[ error ] [8]未定义数组下标: 104
[ error ] [8]未定义数组下标: 103
[ error ] [8]未定义数组下标: 102
[ error ] [8]未定义数组下标: 101
[ error ] [8]未定义数组下标: 100
[ error ] [8]未定义数组下标: 99
[ error ] [8]未定义数组下标: 98
[ error ] [8]未定义数组下标: 97
[ error ] [8]未定义数组下标: 96
[ error ] [8]未定义数组下标: 95
[ error ] [8]未定义数组下标: 94
[ error ] [8]未定义数组下标: 93
[ error ] [8]未定义数组下标: 92
[ error ] [8]未定义数组下标: 91
[ error ] [8]未定义数组下标: 90
[ error ] [8]未定义数组下标: 89
[ error ] [8]未定义数组下标: 88
[ error ] [8]未定义数组下标: 87
[ error ] [8]未定义数组下标: 86
[ error ] [8]未定义数组下标: 85
[ error ] [8]未定义数组下标: 84
[ error ] [8]未定义数组下标: 83
[ error ] [8]未定义数组下标: 82
[ error ] [8]未定义数组下标: 81
[ error ] [8]未定义数组下标: 80
[ error ] [8]未定义数组下标: 79
[ error ] [8]未定义数组下标: 78
[ error ] [8]未定义数组下标: 77
[ error ] [8]未定义数组下标: 76
[ error ] [8]未定义数组下标: 75
[ error ] [8]未定义数组下标: 74
[ error ] [8]未定义数组下标: 73
[ error ] [8]未定义数组下标: 72
[ error ] [8]未定义数组下标: 71
[ error ] [8]未定义数组下标: 70
[ error ] [8]未定义数组下标: 69
[ error ] [8]未定义数组下标: 68
[ error ] [8]未定义数组下标: 67
[ error ] [8]未定义数组下标: 66
[ error ] [8]未定义数组下标: 65
[ error ] [8]未定义数组下标: 64
[ error ] [8]未定义数组下标: 63
[ error ] [8]未定义数组下标: 62
[ error ] [8]未定义数组下标: 61
[ error ] [8]未定义数组下标: 60
[ error ] [8]未定义数组下标: 59
[ error ] [8]未定义数组下标: 58
[ error ] [8]未定义数组下标: 57
[ error ] [8]未定义数组下标: 56
[ error ] [8]未定义数组下标: 55
[ error ] [8]未定义数组下标: 54
[ error ] [8]未定义数组下标: 53
[ error ] [8]未定义数组下标: 52
[ error ] [8]未定义数组下标: 51
[ error ] [8]未定义数组下标: 50
[ error ] [8]未定义数组下标: 49
[ error ] [8]未定义数组下标: 48
[ error ] [8]未定义数组下标: 47
[ error ] [8]未定义数组下标: 46
[ error ] [8]未定义数组下标: 45
[ error ] [8]未定义数组下标: 44
[ error ] [8]未定义数组下标: 43
[ error ] [8]未定义数组下标: 42
[ error ] [8]未定义数组下标: 41
[ error ] [8]未定义数组下标: 40
[ error ] [8]未定义数组下标: 39
[ error ] [8]未定义数组下标: 38
[ error ] [8]未定义数组下标: 37
[ error ] [8]未定义数组下标: 36
[ error ] [8]未定义数组下标: 35
[ error ] [8]未定义数组下标: 34
[ error ] [8]未定义数组下标: 33
[ error ] [8]未定义数组下标: 32
[ error ] [8]未定义数组下标: 31
[ error ] [8]未定义数组下标: 30
[ error ] [8]未定义数组下标: 29
[ error ] [8]未定义数组下标: 28
[ error ] [8]未定义数组下标: 27
[ error ] [8]未定义数组下标: 26
[ error ] [8]未定义数组下标: 25
[ error ] [8]未定义数组下标: 24
[ error ] [8]未定义数组下标: 23
[ error ] [8]未定义数组下标: 22
[ error ] [8]未定义数组下标: 21
[ error ] [8]未定义数组下标: 20
[ error ] [8]未定义数组下标: 19
[ error ] [8]未定义数组下标: 18
[ error ] [8]未定义数组下标: 17
[ error ] [8]未定义数组下标: 16
[ error ] [8]未定义数组下标: 15
[ error ] [8]未定义数组下标: 14
[ error ] [8]未定义数组下标: 13
[ error ] [8]未定义数组下标: 12
[ error ] [8]未定义数组下标: 11
[ error ] [8]未定义数组下标: 10
[ error ] [8]未定义数组下标: 9
[ error ] [8]未定义数组下标: 8
[ error ] [8]未定义数组下标: 7
[ error ] [8]未定义数组下标: 6
[ error ] [8]未定义数组下标: 5
[ error ] [8]未定义数组下标: 4
[ error ] [8]未定义数组下标: 3
[ error ] [8]未定义数组下标: 2
[ error ] [8]未定义数组下标: 1
[ error ] [8]未定义数组下标: 0
---------------------------------------------------------------

[2022-03-25T00:52:54+08:00] 140.249.205.201 GET tool.ruyo.net/data/admin/allowurl.txt
[ error ] [0]模板文件不存在:/data/wwwroot/tool.ruyo.net/application/index/view/index/data.html
---------------------------------------------------------------

[2022-03-25T01:16:34+08:00] 218.63.15.174 GET tool.ruyo.net/static/style/fonts/glyphicons-halflings-regular.eot?
[ error ] [0]模板文件不存在:/data/wwwroot/tool.ruyo.net/application/index/view/index/static.html
---------------------------------------------------------------

[2022-03-25T02:30:08+08:00] 221.234.35.26 GET tool.ruyo.net/static/style/fonts/glyphicons-halflings-regular.eot?
[ error ] [0]模板文件不存在:/data/wwwroot/tool.ruyo.net/application/index/view/index/static.html
---------------------------------------------------------------

[2022-03-25T07:15:05+08:00] 207.46.13.29 GET tool.ruyo.net/500.html
[ error ] [0]模板文件不存在:/data/wwwroot/tool.ruyo.net/application/index/view/index/500.html
---------------------------------------------------------------

[2022-03-25T10:37:10+08:00] 183.36.162.1 POST tool.ruyo.net/favicon/
[ error ] [8]未定义变量: icANDmask
[ error ] [8]未定义数组下标: 0
[ error ] [8]未定义数组下标: 31
[ error ] [8]未定义数组下标: 30
[ error ] [8]未定义数组下标: 29
[ error ] [8]未定义数组下标: 28
[ error ] [8]未定义数组下标: 27
[ error ] [8]未定义数组下标: 26
[ error ] [8]未定义数组下标: 25
[ error ] [8]未定义数组下标: 24
[ error ] [8]未定义数组下标: 23
[ error ] [8]未定义数组下标: 22
[ error ] [8]未定义数组下标: 21
[ error ] [8]未定义数组下标: 20
[ error ] [8]未定义数组下标: 19
[ error ] [8]未定义数组下标: 18
[ error ] [8]未定义数组下标: 17
[ error ] [8]未定义数组下标: 16
[ error ] [8]未定义数组下标: 15
[ error ] [8]未定义数组下标: 14
[ error ] [8]未定义数组下标: 13
[ error ] [8]未定义数组下标: 12
[ error ] [8]未定义数组下标: 11
[ error ] [8]未定义数组下标: 10
[ error ] [8]未定义数组下标: 9
[ error ] [8]未定义数组下标: 8
[ error ] [8]未定义数组下标: 7
[ error ] [8]未定义数组下标: 6
[ error ] [8]未定义数组下标: 5
[ error ] [8]未定义数组下标: 4
[ error ] [8]未定义数组下标: 3
[ error ] [8]未定义数组下标: 2
[ error ] [8]未定义数组下标: 1
[ error ] [8]未定义数组下标: 0
---------------------------------------------------------------

[2022-03-25T10:57:44+08:00] 183.36.162.1 POST tool.ruyo.net/favicon/
[ error ] [8]未定义变量: icANDmask
[ error ] [8]未定义数组下标: 0
[ error ] [8]未定义数组下标: 47
[ error ] [8]未定义数组下标: 46
[ error ] [8]未定义数组下标: 45
[ error ] [8]未定义数组下标: 44
[ error ] [8]未定义数组下标: 43
[ error ] [8]未定义数组下标: 42
[ error ] [8]未定义数组下标: 41
[ error ] [8]未定义数组下标: 40
[ error ] [8]未定义数组下标: 39
[ error ] [8]未定义数组下标: 38
[ error ] [8]未定义数组下标: 37
[ error ] [8]未定义数组下标: 36
[ error ] [8]未定义数组下标: 35
[ error ] [8]未定义数组下标: 34
[ error ] [8]未定义数组下标: 33
[ error ] [8]未定义数组下标: 32
[ error ] [8]未定义数组下标: 31
[ error ] [8]未定义数组下标: 30
[ error ] [8]未定义数组下标: 29
[ error ] [8]未定义数组下标: 28
[ error ] [8]未定义数组下标: 27
[ error ] [8]未定义数组下标: 26
[ error ] [8]未定义数组下标: 25
[ error ] [8]未定义数组下标: 24
[ error ] [8]未定义数组下标: 23
[ error ] [8]未定义数组下标: 22
[ error ] [8]未定义数组下标: 21
[ error ] [8]未定义数组下标: 20
[ error ] [8]未定义数组下标: 19
[ error ] [8]未定义数组下标: 18
[ error ] [8]未定义数组下标: 17
[ error ] [8]未定义数组下标: 16
[ error ] [8]未定义数组下标: 15
[ error ] [8]未定义数组下标: 14
[ error ] [8]未定义数组下标: 13
[ error ] [8]未定义数组下标: 12
[ error ] [8]未定义数组下标: 11
[ error ] [8]未定义数组下标: 10
[ error ] [8]未定义数组下标: 9
[ error ] [8]未定义数组下标: 8
[ error ] [8]未定义数组下标: 7
[ error ] [8]未定义数组下标: 6
[ error ] [8]未定义数组下标: 5
[ error ] [8]未定义数组下标: 4
[ error ] [8]未定义数组下标: 3
[ error ] [8]未定义数组下标: 2
[ error ] [8]未定义数组下标: 1
[ error ] [8]未定义数组下标: 0
---------------------------------------------------------------

[2022-03-25T10:59:15+08:00] 183.36.162.1 POST tool.ruyo.net/favicon/
[ error ] [8]未定义变量: icANDmask
[ error ] [8]未定义数组下标: 0
[ error ] [8]未定义数组下标: 63
[ error ] [8]未定义数组下标: 62
[ error ] [8]未定义数组下标: 61
[ error ] [8]未定义数组下标: 60
[ error ] [8]未定义数组下标: 59
[ error ] [8]未定义数组下标: 58
[ error ] [8]未定义数组下标: 57
[ error ] [8]未定义数组下标: 56
[ error ] [8]未定义数组下标: 55
[ error ] [8]未定义数组下标: 54
[ error ] [8]未定义数组下标: 53
[ error ] [8]未定义数组下标: 52
[ error ] [8]未定义数组下标: 51
[ error ] [8]未定义数组下标: 50
[ error ] [8]未定义数组下标: 49
[ error ] [8]未定义数组下标: 48
[ error ] [8]未定义数组下标: 47
[ error ] [8]未定义数组下标: 46
[ error ] [8]未定义数组下标: 45
[ error ] [8]未定义数组下标: 44
[ error ] [8]未定义数组下标: 43
[ error ] [8]未定义数组下标: 42
[ error ] [8]未定义数组下标: 41
[ error ] [8]未定义数组下标: 40
[ error ] [8]未定义数组下标: 39
[ error ] [8]未定义数组下标: 38
[ error ] [8]未定义数组下标: 37
[ error ] [8]未定义数组下标: 36
[ error ] [8]未定义数组下标: 35
[ error ] [8]未定义数组下标: 34
[ error ] [8]未定义数组下标: 33
[ error ] [8]未定义数组下标: 32
[ error ] [8]未定义数组下标: 31
[ error ] [8]未定义数组下标: 30
[ error ] [8]未定义数组下标: 29
[ error ] [8]未定义数组下标: 28
[ error ] [8]未定义数组下标: 27
[ error ] [8]未定义数组下标: 26
[ error ] [8]未定义数组下标: 25
[ error ] [8]未定义数组下标: 24
[ error ] [8]未定义数组下标: 23
[ error ] [8]未定义数组下标: 22
[ error ] [8]未定义数组下标: 21
[ error ] [8]未定义数组下标: 20
[ error ] [8]未定义数组下标: 19
[ error ] [8]未定义数组下标: 18
[ error ] [8]未定义数组下标: 17
[ error ] [8]未定义数组下标: 16
[ error ] [8]未定义数组下标: 15
[ error ] [8]未定义数组下标: 14
[ error ] [8]未定义数组下标: 13
[ error ] [8]未定义数组下标: 12
[ error ] [8]未定义数组下标: 11
[ error ] [8]未定义数组下标: 10
[ error ] [8]未定义数组下标: 9
[ error ] [8]未定义数组下标: 8
[ error ] [8]未定义数组下标: 7
[ error ] [8]未定义数组下标: 6
[ error ] [8]未定义数组下标: 5
[ error ] [8]未定义数组下标: 4
[ error ] [8]未定义数组下标: 3
[ error ] [8]未定义数组下标: 2
[ error ] [8]未定义数组下标: 1
[ error ] [8]未定义数组下标: 0
---------------------------------------------------------------

[2022-03-25T11:00:16+08:00] 183.36.162.1 POST tool.ruyo.net/favicon/
[ error ] [8]未定义变量: icANDmask
[ error ] [8]未定义数组下标: 0
[ error ] [8]未定义数组下标: 63
[ error ] [8]未定义数组下标: 62
[ error ] [8]未定义数组下标: 61
[ error ] [8]未定义数组下标: 60
[ error ] [8]未定义数组下标: 59
[ error ] [8]未定义数组下标: 58
[ error ] [8]未定义数组下标: 57
[ error ] [8]未定义数组下标: 56
[ error ] [8]未定义数组下标: 55
[ error ] [8]未定义数组下标: 54
[ error ] [8]未定义数组下标: 53
[ error ] [8]未定义数组下标: 52
[ error ] [8]未定义数组下标: 51
[ error ] [8]未定义数组下标: 50
[ error ] [8]未定义数组下标: 49
[ error ] [8]未定义数组下标: 48
[ error ] [8]未定义数组下标: 47
[ error ] [8]未定义数组下标: 46
[ error ] [8]未定义数组下标: 45
[ error ] [8]未定义数组下标: 44
[ error ] [8]未定义数组下标: 43
[ error ] [8]未定义数组下标: 42
[ error ] [8]未定义数组下标: 41
[ error ] [8]未定义数组下标: 40
[ error ] [8]未定义数组下标: 39
[ error ] [8]未定义数组下标: 38
[ error ] [8]未定义数组下标: 37
[ error ] [8]未定义数组下标: 36
[ error ] [8]未定义数组下标: 35
[ error ] [8]未定义数组下标: 34
[ error ] [8]未定义数组下标: 33
[ error ] [8]未定义数组下标: 32
[ error ] [8]未定义数组下标: 31
[ error ] [8]未定义数组下标: 30
[ error ] [8]未定义数组下标: 29
[ error ] [8]未定义数组下标: 28
[ error ] [8]未定义数组下标: 27
[ error ] [8]未定义数组下标: 26
[ error ] [8]未定义数组下标: 25
[ error ] [8]未定义数组下标: 24
[ error ] [8]未定义数组下标: 23
[ error ] [8]未定义数组下标: 22
[ error ] [8]未定义数组下标: 21
[ error ] [8]未定义数组下标: 20
[ error ] [8]未定义数组下标: 19
[ error ] [8]未定义数组下标: 18
[ error ] [8]未定义数组下标: 17
[ error ] [8]未定义数组下标: 16
[ error ] [8]未定义数组下标: 15
[ error ] [8]未定义数组下标: 14
[ error ] [8]未定义数组下标: 13
[ error ] [8]未定义数组下标: 12
[ error ] [8]未定义数组下标: 11
[ error ] [8]未定义数组下标: 10
[ error ] [8]未定义数组下标: 9
[ error ] [8]未定义数组下标: 8
[ error ] [8]未定义数组下标: 7
[ error ] [8]未定义数组下标: 6
[ error ] [8]未定义数组下标: 5
[ error ] [8]未定义数组下标: 4
[ error ] [8]未定义数组下标: 3
[ error ] [8]未定义数组下标: 2
[ error ] [8]未定义数组下标: 1
[ error ] [8]未定义数组下标: 0
---------------------------------------------------------------

[2022-03-25T11:00:29+08:00] 183.36.162.1 POST tool.ruyo.net/favicon/
[ error ] [8]未定义变量: icANDmask
[ error ] [8]未定义数组下标: 0
[ error ] [8]未定义数组下标: 63
[ error ] [8]未定义数组下标: 62
[ error ] [8]未定义数组下标: 61
[ error ] [8]未定义数组下标: 60
[ error ] [8]未定义数组下标: 59
[ error ] [8]未定义数组下标: 58
[ error ] [8]未定义数组下标: 57
[ error ] [8]未定义数组下标: 56
[ error ] [8]未定义数组下标: 55
[ error ] [8]未定义数组下标: 54
[ error ] [8]未定义数组下标: 53
[ error ] [8]未定义数组下标: 52
[ error ] [8]未定义数组下标: 51
[ error ] [8]未定义数组下标: 50
[ error ] [8]未定义数组下标: 49
[ error ] [8]未定义数组下标: 48
[ error ] [8]未定义数组下标: 47
[ error ] [8]未定义数组下标: 46
[ error ] [8]未定义数组下标: 45
[ error ] [8]未定义数组下标: 44
[ error ] [8]未定义数组下标: 43
[ error ] [8]未定义数组下标: 42
[ error ] [8]未定义数组下标: 41
[ error ] [8]未定义数组下标: 40
[ error ] [8]未定义数组下标: 39
[ error ] [8]未定义数组下标: 38
[ error ] [8]未定义数组下标: 37
[ error ] [8]未定义数组下标: 36
[ error ] [8]未定义数组下标: 35
[ error ] [8]未定义数组下标: 34
[ error ] [8]未定义数组下标: 33
[ error ] [8]未定义数组下标: 32
[ error ] [8]未定义数组下标: 31
[ error ] [8]未定义数组下标: 30
[ error ] [8]未定义数组下标: 29
[ error ] [8]未定义数组下标: 28
[ error ] [8]未定义数组下标: 27
[ error ] [8]未定义数组下标: 26
[ error ] [8]未定义数组下标: 25
[ error ] [8]未定义数组下标: 24
[ error ] [8]未定义数组下标: 23
[ error ] [8]未定义数组下标: 22
[ error ] [8]未定义数组下标: 21
[ error ] [8]未定义数组下标: 20
[ error ] [8]未定义数组下标: 19
[ error ] [8]未定义数组下标: 18
[ error ] [8]未定义数组下标: 17
[ error ] [8]未定义数组下标: 16
[ error ] [8]未定义数组下标: 15
[ error ] [8]未定义数组下标: 14
[ error ] [8]未定义数组下标: 13
[ error ] [8]未定义数组下标: 12
[ error ] [8]未定义数组下标: 11
[ error ] [8]未定义数组下标: 10
[ error ] [8]未定义数组下标: 9
[ error ] [8]未定义数组下标: 8
[ error ] [8]未定义数组下标: 7
[ error ] [8]未定义数组下标: 6
[ error ] [8]未定义数组下标: 5
[ error ] [8]未定义数组下标: 4
[ error ] [8]未定义数组下标: 3
[ error ] [8]未定义数组下标: 2
[ error ] [8]未定义数组下标: 1
[ error ] [8]未定义数组下标: 0
---------------------------------------------------------------

[2022-03-25T11:00:33+08:00] 183.36.162.1 POST tool.ruyo.net/favicon/
[ error ] [8]未定义变量: icANDmask
[ error ] [8]未定义数组下标: 0
[ error ] [8]未定义数组下标: 63
[ error ] [8]未定义数组下标: 62
[ error ] [8]未定义数组下标: 61
[ error ] [8]未定义数组下标: 60
[ error ] [8]未定义数组下标: 59
[ error ] [8]未定义数组下标: 58
[ error ] [8]未定义数组下标: 57
[ error ] [8]未定义数组下标: 56
[ error ] [8]未定义数组下标: 55
[ error ] [8]未定义数组下标: 54
[ error ] [8]未定义数组下标: 53
[ error ] [8]未定义数组下标: 52
[ error ] [8]未定义数组下标: 51
[ error ] [8]未定义数组下标: 50
[ error ] [8]未定义数组下标: 49
[ error ] [8]未定义数组下标: 48
[ error ] [8]未定义数组下标: 47
[ error ] [8]未定义数组下标: 46
[ error ] [8]未定义数组下标: 45
[ error ] [8]未定义数组下标: 44
[ error ] [8]未定义数组下标: 43
[ error ] [8]未定义数组下标: 42
[ error ] [8]未定义数组下标: 41
[ error ] [8]未定义数组下标: 40
[ error ] [8]未定义数组下标: 39
[ error ] [8]未定义数组下标: 38
[ error ] [8]未定义数组下标: 37
[ error ] [8]未定义数组下标: 36
[ error ] [8]未定义数组下标: 35
[ error ] [8]未定义数组下标: 34
[ error ] [8]未定义数组下标: 33
[ error ] [8]未定义数组下标: 32
[ error ] [8]未定义数组下标: 31
[ error ] [8]未定义数组下标: 30
[ error ] [8]未定义数组下标: 29
[ error ] [8]未定义数组下标: 28
[ error ] [8]未定义数组下标: 27
[ error ] [8]未定义数组下标: 26
[ error ] [8]未定义数组下标: 25
[ error ] [8]未定义数组下标: 24
[ error ] [8]未定义数组下标: 23
[ error ] [8]未定义数组下标: 22
[ error ] [8]未定义数组下标: 21
[ error ] [8]未定义数组下标: 20
[ error ] [8]未定义数组下标: 19
[ error ] [8]未定义数组下标: 18
[ error ] [8]未定义数组下标: 17
[ error ] [8]未定义数组下标: 16
[ error ] [8]未定义数组下标: 15
[ error ] [8]未定义数组下标: 14
[ error ] [8]未定义数组下标: 13
[ error ] [8]未定义数组下标: 12
[ error ] [8]未定义数组下标: 11
[ error ] [8]未定义数组下标: 10
[ error ] [8]未定义数组下标: 9
[ error ] [8]未定义数组下标: 8
[ error ] [8]未定义数组下标: 7
[ error ] [8]未定义数组下标: 6
[ error ] [8]未定义数组下标: 5
[ error ] [8]未定义数组下标: 4
[ error ] [8]未定义数组下标: 3
[ error ] [8]未定义数组下标: 2
[ error ] [8]未定义数组下标: 1
[ error ] [8]未定义数组下标: 0
---------------------------------------------------------------

[2022-03-25T11:00:38+08:00] 183.36.162.1 POST tool.ruyo.net/favicon/
[ error ] [8]未定义变量: icANDmask
[ error ] [8]未定义数组下标: 0
[ error ] [8]未定义数组下标: 63
[ error ] [8]未定义数组下标: 62
[ error ] [8]未定义数组下标: 61
[ error ] [8]未定义数组下标: 60
[ error ] [8]未定义数组下标: 59
[ error ] [8]未定义数组下标: 58
[ error ] [8]未定义数组下标: 57
[ error ] [8]未定义数组下标: 56
[ error ] [8]未定义数组下标: 55
[ error ] [8]未定义数组下标: 54
[ error ] [8]未定义数组下标: 53
[ error ] [8]未定义数组下标: 52
[ error ] [8]未定义数组下标: 51
[ error ] [8]未定义数组下标: 50
[ error ] [8]未定义数组下标: 49
[ error ] [8]未定义数组下标: 48
[ error ] [8]未定义数组下标: 47
[ error ] [8]未定义数组下标: 46
[ error ] [8]未定义数组下标: 45
[ error ] [8]未定义数组下标: 44
[ error ] [8]未定义数组下标: 43
[ error ] [8]未定义数组下标: 42
[ error ] [8]未定义数组下标: 41
[ error ] [8]未定义数组下标: 40
[ error ] [8]未定义数组下标: 39
[ error ] [8]未定义数组下标: 38
[ error ] [8]未定义数组下标: 37
[ error ] [8]未定义数组下标: 36
[ error ] [8]未定义数组下标: 35
[ error ] [8]未定义数组下标: 34
[ error ] [8]未定义数组下标: 33
[ error ] [8]未定义数组下标: 32
[ error ] [8]未定义数组下标: 31
[ error ] [8]未定义数组下标: 30
[ error ] [8]未定义数组下标: 29
[ error ] [8]未定义数组下标: 28
[ error ] [8]未定义数组下标: 27
[ error ] [8]未定义数组下标: 26
[ error ] [8]未定义数组下标: 25
[ error ] [8]未定义数组下标: 24
[ error ] [8]未定义数组下标: 23
[ error ] [8]未定义数组下标: 22
[ error ] [8]未定义数组下标: 21
[ error ] [8]未定义数组下标: 20
[ error ] [8]未定义数组下标: 19
[ error ] [8]未定义数组下标: 18
[ error ] [8]未定义数组下标: 17
[ error ] [8]未定义数组下标: 16
[ error ] [8]未定义数组下标: 15
[ error ] [8]未定义数组下标: 14
[ error ] [8]未定义数组下标: 13
[ error ] [8]未定义数组下标: 12
[ error ] [8]未定义数组下标: 11
[ error ] [8]未定义数组下标: 10
[ error ] [8]未定义数组下标: 9
[ error ] [8]未定义数组下标: 8
[ error ] [8]未定义数组下标: 7
[ error ] [8]未定义数组下标: 6
[ error ] [8]未定义数组下标: 5
[ error ] [8]未定义数组下标: 4
[ error ] [8]未定义数组下标: 3
[ error ] [8]未定义数组下标: 2
[ error ] [8]未定义数组下标: 1
[ error ] [8]未定义数组下标: 0
---------------------------------------------------------------

[2022-03-25T11:00:45+08:00] 183.36.162.1 POST tool.ruyo.net/favicon/
[ error ] [8]未定义变量: icANDmask
[ error ] [8]未定义数组下标: 0
[ error ] [8]未定义数组下标: 63
[ error ] [8]未定义数组下标: 62
[ error ] [8]未定义数组下标: 61
[ error ] [8]未定义数组下标: 60
[ error ] [8]未定义数组下标: 59
[ error ] [8]未定义数组下标: 58
[ error ] [8]未定义数组下标: 57
[ error ] [8]未定义数组下标: 56
[ error ] [8]未定义数组下标: 55
[ error ] [8]未定义数组下标: 54
[ error ] [8]未定义数组下标: 53
[ error ] [8]未定义数组下标: 52
[ error ] [8]未定义数组下标: 51
[ error ] [8]未定义数组下标: 50
[ error ] [8]未定义数组下标: 49
[ error ] [8]未定义数组下标: 48
[ error ] [8]未定义数组下标: 47
[ error ] [8]未定义数组下标: 46
[ error ] [8]未定义数组下标: 45
[ error ] [8]未定义数组下标: 44
[ error ] [8]未定义数组下标: 43
[ error ] [8]未定义数组下标: 42
[ error ] [8]未定义数组下标: 41
[ error ] [8]未定义数组下标: 40
[ error ] [8]未定义数组下标: 39
[ error ] [8]未定义数组下标: 38
[ error ] [8]未定义数组下标: 37
[ error ] [8]未定义数组下标: 36
[ error ] [8]未定义数组下标: 35
[ error ] [8]未定义数组下标: 34
[ error ] [8]未定义数组下标: 33
[ error ] [8]未定义数组下标: 32
[ error ] [8]未定义数组下标: 31
[ error ] [8]未定义数组下标: 30
[ error ] [8]未定义数组下标: 29
[ error ] [8]未定义数组下标: 28
[ error ] [8]未定义数组下标: 27
[ error ] [8]未定义数组下标: 26
[ error ] [8]未定义数组下标: 25
[ error ] [8]未定义数组下标: 24
[ error ] [8]未定义数组下标: 23
[ error ] [8]未定义数组下标: 22
[ error ] [8]未定义数组下标: 21
[ error ] [8]未定义数组下标: 20
[ error ] [8]未定义数组下标: 19
[ error ] [8]未定义数组下标: 18
[ error ] [8]未定义数组下标: 17
[ error ] [8]未定义数组下标: 16
[ error ] [8]未定义数组下标: 15
[ error ] [8]未定义数组下标: 14
[ error ] [8]未定义数组下标: 13
[ error ] [8]未定义数组下标: 12
[ error ] [8]未定义数组下标: 11
[ error ] [8]未定义数组下标: 10
[ error ] [8]未定义数组下标: 9
[ error ] [8]未定义数组下标: 8
[ error ] [8]未定义数组下标: 7
[ error ] [8]未定义数组下标: 6
[ error ] [8]未定义数组下标: 5
[ error ] [8]未定义数组下标: 4
[ error ] [8]未定义数组下标: 3
[ error ] [8]未定义数组下标: 2
[ error ] [8]未定义数组下标: 1
[ error ] [8]未定义数组下标: 0
---------------------------------------------------------------

[2022-03-25T12:32:45+08:00] 183.154.19.173 GET tool.ruyo.net/ip/239.255.255.250.html
[ error ] [8]未定义数组索引: fw
---------------------------------------------------------------

[2022-03-25T12:55:28+08:00] 113.12.126.66 GET tool.ruyo.net/static/style/fonts/glyphicons-halflings-regular.eot?
[ error ] [0]模板文件不存在:/data/wwwroot/tool.ruyo.net/application/index/view/index/static.html
---------------------------------------------------------------

[2022-03-25T12:57:27+08:00] 14.223.180.17 GET tool.ruyo.net/refresh/?url=https%3A%2F%2Fcet-bm.neea.edu.cn%2FRemoteError.html%3Faspxerrorpath%3D%2FHome%2FVerifyPassport%2F
[ error ] [0]variable type error： boolean
---------------------------------------------------------------

[2022-03-25T12:57:32+08:00] 14.223.180.17 GET tool.ruyo.net/refresh/?url=https%3A%2F%2Fcet-bm.neea.edu.cn%2FRemoteError.html%3Faspxerrorpath%3D%2FHome%2FVerifyPassport%2F
[ error ] [0]variable type error： boolean
---------------------------------------------------------------

[2022-03-25T12:57:37+08:00] 14.223.180.17 GET tool.ruyo.net/refresh/?url=https%3A%2F%2Fcet-bm.neea.edu.cn%2FRemoteError.html%3Faspxerrorpath%3D%2FHome%2FVerifyPassport%2F
[ error ] [0]variable type error： boolean
---------------------------------------------------------------

[2022-03-25T13:53:31+08:00] 207.46.13.75 GET tool.ruyo.net/3000.html
[ error ] [0]模板文件不存在:/data/wwwroot/tool.ruyo.net/application/index/view/index/3000.html
---------------------------------------------------------------

[2022-03-25T14:03:40+08:00] 185.191.171.20 GET tool.ruyo.net/sitemap.xml
[ error ] [0]模板文件不存在:/data/wwwroot/tool.ruyo.net/application/index/view/index/sitemap.html
---------------------------------------------------------------

[2022-03-25T14:06:47+08:00] 121.204.172.235 GET tool.ruyo.net/data/admin/allowurl.txt
[ error ] [0]模板文件不存在:/data/wwwroot/tool.ruyo.net/application/index/view/index/data.html
---------------------------------------------------------------

[2022-03-25T16:26:53+08:00] 207.46.13.162 GET tool.ruyo.net/10000.html
[ error ] [0]模板文件不存在:/data/wwwroot/tool.ruyo.net/application/index/view/index/10000.html
---------------------------------------------------------------

[2022-03-25T16:53:44+08:00] 114.91.1.142 GET tool.ruyo.net/refresh/?url=http%3A%2F%2Ftool.ruyo.net
[ error ] [0]variable type error： boolean
---------------------------------------------------------------

[2022-03-25T16:53:44+08:00] 114.91.1.142 GET tool.ruyo.net/refresh/?url=http%3A%2F%2Ftool.ruyo.net
[ error ] [0]variable type error： boolean
---------------------------------------------------------------

[2022-03-25T16:53:44+08:00] 114.91.1.142 GET tool.ruyo.net/refresh/?url=http%3A%2F%2Ftool.ruyo.net
[ error ] [0]variable type error： boolean
---------------------------------------------------------------

[2022-03-25T16:53:44+08:00] 114.91.1.142 GET tool.ruyo.net/refresh/?url=http%3A%2F%2Ftool.ruyo.net
[ error ] [0]variable type error： boolean
---------------------------------------------------------------

[2022-03-25T16:53:44+08:00] 114.91.1.142 GET tool.ruyo.net/refresh/?url=http%3A%2F%2Ftool.ruyo.net
[ error ] [0]variable type error： boolean
---------------------------------------------------------------

[2022-03-25T16:53:44+08:00] 114.91.1.142 GET tool.ruyo.net/refresh/?url=http%3A%2F%2Ftool.ruyo.net
[ error ] [0]variable type error： boolean
---------------------------------------------------------------

[2022-03-25T16:53:44+08:00] 114.91.1.142 GET tool.ruyo.net/refresh/?url=http%3A%2F%2Ftool.ruyo.net
[ error ] [0]variable type error： boolean
---------------------------------------------------------------

[2022-03-25T16:53:44+08:00] 114.91.1.142 GET tool.ruyo.net/refresh/?url=http%3A%2F%2Ftool.ruyo.net
[ error ] [0]variable type error： boolean
---------------------------------------------------------------

[2022-03-25T16:53:44+08:00] 114.91.1.142 GET tool.ruyo.net/refresh/?url=http%3A%2F%2Ftool.ruyo.net
[ error ] [0]variable type error： boolean
---------------------------------------------------------------

[2022-03-25T16:53:44+08:00] 114.91.1.142 GET tool.ruyo.net/refresh/?url=http%3A%2F%2Ftool.ruyo.net
[ error ] [0]variable type error： boolean
---------------------------------------------------------------

[2022-03-25T16:53:44+08:00] 114.91.1.142 GET tool.ruyo.net/refresh/?url=http%3A%2F%2Ftool.ruyo.net
[ error ] [0]variable type error： boolean
---------------------------------------------------------------

[2022-03-25T16:53:44+08:00] 114.91.1.142 GET tool.ruyo.net/refresh/?url=http%3A%2F%2Ftool.ruyo.net
[ error ] [0]variable type error： boolean
---------------------------------------------------------------

[2022-03-25T16:53:44+08:00] 114.91.1.142 GET tool.ruyo.net/refresh/?url=http%3A%2F%2Ftool.ruyo.net
[ error ] [0]variable type error： boolean
---------------------------------------------------------------

[2022-03-25T16:53:44+08:00] 114.91.1.142 GET tool.ruyo.net/refresh/?url=http%3A%2F%2Ftool.ruyo.net
[ error ] [0]variable type error： boolean
---------------------------------------------------------------

[2022-03-25T16:53:44+08:00] 114.91.1.142 GET tool.ruyo.net/refresh/?url=http%3A%2F%2Ftool.ruyo.net
[ error ] [0]variable type error： boolean
---------------------------------------------------------------

[2022-03-25T16:53:44+08:00] 114.91.1.142 GET tool.ruyo.net/refresh/?url=http%3A%2F%2Ftool.ruyo.net
[ error ] [0]variable type error： boolean
---------------------------------------------------------------

[2022-03-25T16:53:44+08:00] 114.91.1.142 GET tool.ruyo.net/refresh/?url=http%3A%2F%2Ftool.ruyo.net
[ error ] [0]variable type error： boolean
---------------------------------------------------------------

[2022-03-25T16:53:44+08:00] 114.91.1.142 GET tool.ruyo.net/refresh/?url=http%3A%2F%2Ftool.ruyo.net
[ error ] [0]variable type error： boolean
---------------------------------------------------------------

[2022-03-25T16:53:44+08:00] 114.91.1.142 GET tool.ruyo.net/refresh/?url=http%3A%2F%2Ftool.ruyo.net
[ error ] [0]variable type error： boolean
---------------------------------------------------------------

[2022-03-25T16:53:44+08:00] 114.91.1.142 GET tool.ruyo.net/refresh/?url=http%3A%2F%2Ftool.ruyo.net
[ error ] [0]variable type error： boolean
---------------------------------------------------------------

[2022-03-25T16:53:44+08:00] 114.91.1.142 GET tool.ruyo.net/refresh/?url=http%3A%2F%2Ftool.ruyo.net
[ error ] [0]variable type error： boolean
---------------------------------------------------------------

[2022-03-25T16:53:45+08:00] 114.91.1.142 GET tool.ruyo.net/refresh/?url=http%3A%2F%2Ftool.ruyo.net
[ error ] [0]variable type error： boolean
---------------------------------------------------------------

[2022-03-25T16:53:45+08:00] 114.91.1.142 GET tool.ruyo.net/refresh/?url=http%3A%2F%2Ftool.ruyo.net
[ error ] [0]variable type error： boolean
---------------------------------------------------------------

[2022-03-25T16:53:45+08:00] 114.91.1.142 GET tool.ruyo.net/refresh/?url=http%3A%2F%2Ftool.ruyo.net
[ error ] [0]variable type error： boolean
---------------------------------------------------------------

[2022-03-25T16:53:45+08:00] 114.91.1.142 GET tool.ruyo.net/refresh/?url=http%3A%2F%2Ftool.ruyo.net
[ error ] [0]variable type error： boolean
---------------------------------------------------------------

[2022-03-25T16:53:45+08:00] 114.91.1.142 GET tool.ruyo.net/refresh/?url=http%3A%2F%2Ftool.ruyo.net
[ error ] [0]variable type error： boolean
---------------------------------------------------------------

[2022-03-25T16:53:45+08:00] 114.91.1.142 GET tool.ruyo.net/refresh/?url=http%3A%2F%2Ftool.ruyo.net
[ error ] [0]variable type error： boolean
---------------------------------------------------------------

[2022-03-25T16:53:45+08:00] 114.91.1.142 GET tool.ruyo.net/refresh/?url=http%3A%2F%2Ftool.ruyo.net
[ error ] [0]variable type error： boolean
---------------------------------------------------------------

[2022-03-25T16:53:45+08:00] 114.91.1.142 GET tool.ruyo.net/refresh/?url=http%3A%2F%2Ftool.ruyo.net
[ error ] [0]variable type error： boolean
---------------------------------------------------------------

[2022-03-25T16:53:45+08:00] 114.91.1.142 GET tool.ruyo.net/refresh/?url=http%3A%2F%2Ftool.ruyo.net
[ error ] [0]variable type error： boolean
---------------------------------------------------------------

[2022-03-25T16:53:45+08:00] 114.91.1.142 GET tool.ruyo.net/refresh/?url=http%3A%2F%2Ftool.ruyo.net
[ error ] [0]variable type error： boolean
---------------------------------------------------------------

[2022-03-25T16:53:45+08:00] 114.91.1.142 GET tool.ruyo.net/refresh/?url=http%3A%2F%2Ftool.ruyo.net
[ error ] [0]variable type error： boolean
---------------------------------------------------------------

[2022-03-25T16:53:45+08:00] 114.91.1.142 GET tool.ruyo.net/refresh/?url=http%3A%2F%2Ftool.ruyo.net
[ error ] [0]variable type error： boolean
---------------------------------------------------------------

[2022-03-25T16:53:45+08:00] 114.91.1.142 GET tool.ruyo.net/refresh/?url=http%3A%2F%2Ftool.ruyo.net
[ error ] [0]variable type error： boolean
---------------------------------------------------------------

[2022-03-25T16:53:45+08:00] 114.91.1.142 GET tool.ruyo.net/refresh/?url=http%3A%2F%2Ftool.ruyo.net
[ error ] [0]variable type error： boolean
---------------------------------------------------------------

[2022-03-25T16:53:45+08:00] 114.91.1.142 GET tool.ruyo.net/refresh/?url=http%3A%2F%2Ftool.ruyo.net
[ error ] [0]variable type error： boolean
---------------------------------------------------------------

[2022-03-25T16:53:45+08:00] 114.91.1.142 GET tool.ruyo.net/refresh/?url=http%3A%2F%2Ftool.ruyo.net
[ error ] [0]variable type error： boolean
---------------------------------------------------------------

[2022-03-25T16:53:45+08:00] 114.91.1.142 GET tool.ruyo.net/refresh/?url=http%3A%2F%2Ftool.ruyo.net
[ error ] [0]variable type error： boolean
---------------------------------------------------------------

[2022-03-25T16:53:46+08:00] 114.91.1.142 GET tool.ruyo.net/refresh/?url=http%3A%2F%2Ftool.ruyo.net
[ error ] [0]variable type error： boolean
---------------------------------------------------------------

[2022-03-25T16:53:46+08:00] 114.91.1.142 GET tool.ruyo.net/refresh/?url=http%3A%2F%2Ftool.ruyo.net
[ error ] [0]variable type error： boolean
---------------------------------------------------------------

[2022-03-25T16:53:46+08:00] 114.91.1.142 GET tool.ruyo.net/refresh/?url=http%3A%2F%2Ftool.ruyo.net
[ error ] [0]variable type error： boolean
---------------------------------------------------------------

[2022-03-25T16:53:46+08:00] 114.91.1.142 GET tool.ruyo.net/refresh/?url=http%3A%2F%2Ftool.ruyo.net
[ error ] [0]variable type error： boolean
---------------------------------------------------------------

[2022-03-25T16:53:46+08:00] 114.91.1.142 GET tool.ruyo.net/refresh/?url=http%3A%2F%2Ftool.ruyo.net
[ error ] [0]variable type error： boolean
---------------------------------------------------------------

[2022-03-25T16:53:46+08:00] 114.91.1.142 GET tool.ruyo.net/refresh/?url=http%3A%2F%2Ftool.ruyo.net
[ error ] [0]variable type error： boolean
---------------------------------------------------------------

[2022-03-25T16:53:46+08:00] 114.91.1.142 GET tool.ruyo.net/refresh/?url=http%3A%2F%2Ftool.ruyo.net
[ error ] [0]variable type error： boolean
---------------------------------------------------------------

[2022-03-25T16:53:47+08:00] 114.91.1.142 GET tool.ruyo.net/refresh/?url=http%3A%2F%2Ftool.ruyo.net
[ error ] [0]variable type error： boolean
---------------------------------------------------------------

[2022-03-25T16:53:48+08:00] 114.91.1.142 GET tool.ruyo.net/refresh/?url=http%3A%2F%2Ftool.ruyo.net
[ error ] [0]variable type error： boolean
---------------------------------------------------------------

[2022-03-25T16:53:48+08:00] 114.91.1.142 GET tool.ruyo.net/refresh/?url=http%3A%2F%2Ftool.ruyo.net
[ error ] [0]variable type error： boolean
---------------------------------------------------------------

[2022-03-25T16:53:48+08:00] 114.91.1.142 GET tool.ruyo.net/refresh/?url=http%3A%2F%2Ftool.ruyo.net
[ error ] [0]variable type error： boolean
---------------------------------------------------------------

[2022-03-25T16:53:49+08:00] 114.91.1.142 GET tool.ruyo.net/refresh/?url=http%3A%2F%2Ftool.ruyo.net
[ error ] [0]variable type error： boolean
---------------------------------------------------------------

[2022-03-25T16:54:15+08:00] 114.91.1.142 GET tool.ruyo.net/refresh/?url=http%3A%2F%2Ftool.ruyo.net
[ error ] [0]variable type error： boolean
---------------------------------------------------------------

[2022-03-25T16:54:15+08:00] 114.91.1.142 GET tool.ruyo.net/refresh/?url=http%3A%2F%2Ftool.ruyo.net
[ error ] [0]variable type error： boolean
---------------------------------------------------------------

[2022-03-25T16:54:15+08:00] 114.91.1.142 GET tool.ruyo.net/refresh/?url=http%3A%2F%2Ftool.ruyo.net
[ error ] [0]variable type error： boolean
---------------------------------------------------------------

[2022-03-25T16:54:15+08:00] 114.91.1.142 GET tool.ruyo.net/refresh/?url=http%3A%2F%2Ftool.ruyo.net
[ error ] [0]variable type error： boolean
---------------------------------------------------------------

[2022-03-25T16:54:15+08:00] 114.91.1.142 GET tool.ruyo.net/refresh/?url=http%3A%2F%2Ftool.ruyo.net
[ error ] [0]variable type error： boolean
---------------------------------------------------------------

[2022-03-25T16:54:15+08:00] 114.91.1.142 GET tool.ruyo.net/refresh/?url=http%3A%2F%2Ftool.ruyo.net
[ error ] [0]variable type error： boolean
---------------------------------------------------------------

[2022-03-25T16:54:15+08:00] 114.91.1.142 GET tool.ruyo.net/refresh/?url=http%3A%2F%2Ftool.ruyo.net
[ error ] [0]variable type error： boolean
---------------------------------------------------------------

[2022-03-25T16:54:15+08:00] 114.91.1.142 GET tool.ruyo.net/refresh/?url=http%3A%2F%2Ftool.ruyo.net
[ error ] [0]variable type error： boolean
---------------------------------------------------------------

[2022-03-25T16:54:15+08:00] 114.91.1.142 GET tool.ruyo.net/refresh/?url=http%3A%2F%2Ftool.ruyo.net
[ error ] [0]variable type error： boolean
---------------------------------------------------------------

[2022-03-25T16:54:15+08:00] 114.91.1.142 GET tool.ruyo.net/refresh/?url=http%3A%2F%2Ftool.ruyo.net
[ error ] [0]variable type error： boolean
---------------------------------------------------------------

[2022-03-25T16:54:15+08:00] 114.91.1.142 GET tool.ruyo.net/refresh/?url=http%3A%2F%2Ftool.ruyo.net
[ error ] [0]variable type error： boolean
---------------------------------------------------------------

[2022-03-25T16:54:15+08:00] 114.91.1.142 GET tool.ruyo.net/refresh/?url=http%3A%2F%2Ftool.ruyo.net
[ error ] [0]variable type error： boolean
---------------------------------------------------------------

[2022-03-25T16:54:15+08:00] 114.91.1.142 GET tool.ruyo.net/refresh/?url=http%3A%2F%2Ftool.ruyo.net
[ error ] [0]variable type error： boolean
---------------------------------------------------------------

[2022-03-25T16:54:15+08:00] 114.91.1.142 GET tool.ruyo.net/refresh/?url=http%3A%2F%2Ftool.ruyo.net
[ error ] [0]variable type error： boolean
---------------------------------------------------------------

[2022-03-25T16:54:15+08:00] 114.91.1.142 GET tool.ruyo.net/refresh/?url=http%3A%2F%2Ftool.ruyo.net
[ error ] [0]variable type error： boolean
---------------------------------------------------------------

[2022-03-25T16:54:15+08:00] 114.91.1.142 GET tool.ruyo.net/refresh/?url=http%3A%2F%2Ftool.ruyo.net
[ error ] [0]variable type error： boolean
---------------------------------------------------------------

[2022-03-25T16:54:15+08:00] 114.91.1.142 GET tool.ruyo.net/refresh/?url=http%3A%2F%2Ftool.ruyo.net
[ error ] [0]variable type error： boolean
---------------------------------------------------------------

[2022-03-25T16:54:15+08:00] 114.91.1.142 GET tool.ruyo.net/refresh/?url=http%3A%2F%2Ftool.ruyo.net
[ error ] [0]variable type error： boolean
---------------------------------------------------------------

[2022-03-25T16:54:15+08:00] 114.91.1.142 GET tool.ruyo.net/refresh/?url=http%3A%2F%2Ftool.ruyo.net
[ error ] [0]variable type error： boolean
---------------------------------------------------------------

[2022-03-25T16:54:15+08:00] 114.91.1.142 GET tool.ruyo.net/refresh/?url=http%3A%2F%2Ftool.ruyo.net
[ error ] [0]variable type error： boolean
---------------------------------------------------------------

[2022-03-25T16:54:16+08:00] 114.91.1.142 GET tool.ruyo.net/refresh/?url=http%3A%2F%2Ftool.ruyo.net
[ error ] [0]variable type error： boolean
---------------------------------------------------------------

[2022-03-25T16:54:16+08:00] 114.91.1.142 GET tool.ruyo.net/refresh/?url=http%3A%2F%2Ftool.ruyo.net
[ error ] [0]variable type error： boolean
---------------------------------------------------------------

[2022-03-25T16:54:16+08:00] 114.91.1.142 GET tool.ruyo.net/refresh/?url=http%3A%2F%2Ftool.ruyo.net
[ error ] [0]variable type error： boolean
---------------------------------------------------------------

[2022-03-25T16:54:16+08:00] 114.91.1.142 GET tool.ruyo.net/refresh/?url=http%3A%2F%2Ftool.ruyo.net
[ error ] [0]variable type error： boolean
---------------------------------------------------------------

[2022-03-25T16:54:16+08:00] 114.91.1.142 GET tool.ruyo.net/refresh/?url=http%3A%2F%2Ftool.ruyo.net
[ error ] [0]variable type error： boolean
---------------------------------------------------------------

[2022-03-25T16:54:16+08:00] 114.91.1.142 GET tool.ruyo.net/refresh/?url=http%3A%2F%2Ftool.ruyo.net
[ error ] [0]variable type error： boolean
---------------------------------------------------------------

[2022-03-25T16:54:16+08:00] 114.91.1.142 GET tool.ruyo.net/refresh/?url=http%3A%2F%2Ftool.ruyo.net
[ error ] [0]variable type error： boolean
---------------------------------------------------------------

[2022-03-25T16:54:16+08:00] 114.91.1.142 GET tool.ruyo.net/refresh/?url=http%3A%2F%2Ftool.ruyo.net
[ error ] [0]variable type error： boolean
---------------------------------------------------------------

[2022-03-25T16:54:16+08:00] 114.91.1.142 GET tool.ruyo.net/refresh/?url=http%3A%2F%2Ftool.ruyo.net
[ error ] [0]variable type error： boolean
---------------------------------------------------------------

[2022-03-25T16:54:16+08:00] 114.91.1.142 GET tool.ruyo.net/refresh/?url=http%3A%2F%2Ftool.ruyo.net
[ error ] [0]variable type error： boolean
---------------------------------------------------------------

[2022-03-25T16:54:16+08:00] 114.91.1.142 GET tool.ruyo.net/refresh/?url=http%3A%2F%2Ftool.ruyo.net
[ error ] [0]variable type error： boolean
---------------------------------------------------------------

[2022-03-25T16:54:16+08:00] 114.91.1.142 GET tool.ruyo.net/refresh/?url=http%3A%2F%2Ftool.ruyo.net
[ error ] [0]variable type error： boolean
---------------------------------------------------------------

[2022-03-25T16:54:16+08:00] 114.91.1.142 GET tool.ruyo.net/refresh/?url=http%3A%2F%2Ftool.ruyo.net
[ error ] [0]variable type error： boolean
---------------------------------------------------------------

[2022-03-25T16:54:16+08:00] 114.91.1.142 GET tool.ruyo.net/refresh/?url=http%3A%2F%2Ftool.ruyo.net
[ error ] [0]variable type error： boolean
---------------------------------------------------------------

[2022-03-25T16:54:16+08:00] 114.91.1.142 GET tool.ruyo.net/refresh/?url=http%3A%2F%2Ftool.ruyo.net
[ error ] [0]variable type error： boolean
---------------------------------------------------------------

[2022-03-25T16:54:16+08:00] 114.91.1.142 GET tool.ruyo.net/refresh/?url=http%3A%2F%2Ftool.ruyo.net
[ error ] [0]variable type error： boolean
---------------------------------------------------------------

[2022-03-25T16:54:16+08:00] 114.91.1.142 GET tool.ruyo.net/refresh/?url=http%3A%2F%2Ftool.ruyo.net
[ error ] [0]variable type error： boolean
---------------------------------------------------------------

[2022-03-25T16:54:16+08:00] 114.91.1.142 GET tool.ruyo.net/refresh/?url=http%3A%2F%2Ftool.ruyo.net
[ error ] [0]variable type error： boolean
---------------------------------------------------------------

[2022-03-25T16:54:17+08:00] 114.91.1.142 GET tool.ruyo.net/refresh/?url=http%3A%2F%2Ftool.ruyo.net
[ error ] [0]variable type error： boolean
---------------------------------------------------------------

[2022-03-25T16:54:17+08:00] 114.91.1.142 GET tool.ruyo.net/refresh/?url=http%3A%2F%2Ftool.ruyo.net
[ error ] [0]variable type error： boolean
---------------------------------------------------------------

[2022-03-25T16:54:17+08:00] 114.91.1.142 GET tool.ruyo.net/refresh/?url=http%3A%2F%2Ftool.ruyo.net
[ error ] [0]variable type error： boolean
---------------------------------------------------------------

[2022-03-25T16:54:17+08:00] 114.91.1.142 GET tool.ruyo.net/refresh/?url=http%3A%2F%2Ftool.ruyo.net
[ error ] [0]variable type error： boolean
---------------------------------------------------------------

[2022-03-25T16:54:17+08:00] 114.91.1.142 GET tool.ruyo.net/refresh/?url=http%3A%2F%2Ftool.ruyo.net
[ error ] [0]variable type error： boolean
---------------------------------------------------------------

[2022-03-25T16:54:17+08:00] 114.91.1.142 GET tool.ruyo.net/refresh/?url=http%3A%2F%2Ftool.ruyo.net
[ error ] [0]variable type error： boolean
---------------------------------------------------------------

[2022-03-25T16:54:17+08:00] 114.91.1.142 GET tool.ruyo.net/refresh/?url=http%3A%2F%2Ftool.ruyo.net
[ error ] [0]variable type error： boolean
---------------------------------------------------------------

[2022-03-25T16:54:18+08:00] 114.91.1.142 GET tool.ruyo.net/refresh/?url=http%3A%2F%2Ftool.ruyo.net
[ error ] [0]variable type error： boolean
---------------------------------------------------------------

[2022-03-25T16:54:19+08:00] 114.91.1.142 GET tool.ruyo.net/refresh/?url=http%3A%2F%2Ftool.ruyo.net
[ error ] [0]variable type error： boolean
---------------------------------------------------------------

[2022-03-25T16:54:19+08:00] 114.91.1.142 GET tool.ruyo.net/refresh/?url=http%3A%2F%2Ftool.ruyo.net
[ error ] [0]variable type error： boolean
---------------------------------------------------------------

[2022-03-25T16:54:19+08:00] 114.91.1.142 GET tool.ruyo.net/refresh/?url=http%3A%2F%2Ftool.ruyo.net
[ error ] [0]variable type error： boolean
---------------------------------------------------------------

[2022-03-25T16:54:20+08:00] 114.91.1.142 GET tool.ruyo.net/refresh/?url=http%3A%2F%2Ftool.ruyo.net
[ error ] [0]variable type error： boolean
---------------------------------------------------------------

[2022-03-25T16:54:46+08:00] 114.91.1.142 GET tool.ruyo.net/refresh/?url=http%3A%2F%2Ftool.ruyo.net
[ error ] [0]variable type error： boolean
---------------------------------------------------------------

[2022-03-25T16:54:46+08:00] 114.91.1.142 GET tool.ruyo.net/refresh/?url=http%3A%2F%2Ftool.ruyo.net
[ error ] [0]variable type error： boolean
---------------------------------------------------------------

[2022-03-25T16:54:46+08:00] 114.91.1.142 GET tool.ruyo.net/refresh/?url=http%3A%2F%2Ftool.ruyo.net
[ error ] [0]variable type error： boolean
---------------------------------------------------------------

[2022-03-25T16:54:46+08:00] 114.91.1.142 GET tool.ruyo.net/refresh/?url=http%3A%2F%2Ftool.ruyo.net
[ error ] [0]variable type error： boolean
---------------------------------------------------------------

[2022-03-25T16:54:46+08:00] 114.91.1.142 GET tool.ruyo.net/refresh/?url=http%3A%2F%2Ftool.ruyo.net
[ error ] [0]variable type error： boolean
---------------------------------------------------------------

[2022-03-25T16:54:46+08:00] 114.91.1.142 GET tool.ruyo.net/refresh/?url=http%3A%2F%2Ftool.ruyo.net
[ error ] [0]variable type error： boolean
---------------------------------------------------------------

[2022-03-25T16:54:46+08:00] 114.91.1.142 GET tool.ruyo.net/refresh/?url=http%3A%2F%2Ftool.ruyo.net
[ error ] [0]variable type error： boolean
---------------------------------------------------------------

[2022-03-25T16:54:46+08:00] 114.91.1.142 GET tool.ruyo.net/refresh/?url=http%3A%2F%2Ftool.ruyo.net
[ error ] [0]variable type error： boolean
---------------------------------------------------------------

[2022-03-25T16:54:46+08:00] 114.91.1.142 GET tool.ruyo.net/refresh/?url=http%3A%2F%2Ftool.ruyo.net
[ error ] [0]variable type error： boolean
---------------------------------------------------------------

[2022-03-25T16:54:46+08:00] 114.91.1.142 GET tool.ruyo.net/refresh/?url=http%3A%2F%2Ftool.ruyo.net
[ error ] [0]variable type error： boolean
---------------------------------------------------------------

[2022-03-25T16:54:46+08:00] 114.91.1.142 GET tool.ruyo.net/refresh/?url=http%3A%2F%2Ftool.ruyo.net
[ error ] [0]variable type error： boolean
---------------------------------------------------------------

[2022-03-25T16:54:46+08:00] 114.91.1.142 GET tool.ruyo.net/refresh/?url=http%3A%2F%2Ftool.ruyo.net
[ error ] [0]variable type error： boolean
---------------------------------------------------------------

[2022-03-25T16:54:46+08:00] 114.91.1.142 GET tool.ruyo.net/refresh/?url=http%3A%2F%2Ftool.ruyo.net
[ error ] [0]variable type error： boolean
---------------------------------------------------------------

[2022-03-25T16:54:46+08:00] 114.91.1.142 GET tool.ruyo.net/refresh/?url=http%3A%2F%2Ftool.ruyo.net
[ error ] [0]variable type error： boolean
---------------------------------------------------------------

[2022-03-25T16:54:46+08:00] 114.91.1.142 GET tool.ruyo.net/refresh/?url=http%3A%2F%2Ftool.ruyo.net
[ error ] [0]variable type error： boolean
---------------------------------------------------------------

[2022-03-25T16:54:46+08:00] 114.91.1.142 GET tool.ruyo.net/refresh/?url=http%3A%2F%2Ftool.ruyo.net
[ error ] [0]variable type error： boolean
---------------------------------------------------------------

[2022-03-25T16:54:46+08:00] 114.91.1.142 GET tool.ruyo.net/refresh/?url=http%3A%2F%2Ftool.ruyo.net
[ error ] [0]variable type error： boolean
---------------------------------------------------------------

[2022-03-25T16:54:47+08:00] 114.91.1.142 GET tool.ruyo.net/refresh/?url=http%3A%2F%2Ftool.ruyo.net
[ error ] [0]variable type error： boolean
---------------------------------------------------------------

[2022-03-25T16:54:47+08:00] 114.91.1.142 GET tool.ruyo.net/refresh/?url=http%3A%2F%2Ftool.ruyo.net
[ error ] [0]variable type error： boolean
---------------------------------------------------------------

[2022-03-25T16:54:47+08:00] 114.91.1.142 GET tool.ruyo.net/refresh/?url=http%3A%2F%2Ftool.ruyo.net
[ error ] [0]variable type error： boolean
---------------------------------------------------------------

[2022-03-25T16:54:47+08:00] 114.91.1.142 GET tool.ruyo.net/refresh/?url=http%3A%2F%2Ftool.ruyo.net
[ error ] [0]variable type error： boolean
---------------------------------------------------------------

[2022-03-25T16:54:47+08:00] 114.91.1.142 GET tool.ruyo.net/refresh/?url=http%3A%2F%2Ftool.ruyo.net
[ error ] [0]variable type error： boolean
---------------------------------------------------------------

[2022-03-25T16:54:47+08:00] 114.91.1.142 GET tool.ruyo.net/refresh/?url=http%3A%2F%2Ftool.ruyo.net
[ error ] [0]variable type error： boolean
---------------------------------------------------------------

[2022-03-25T16:54:47+08:00] 114.91.1.142 GET tool.ruyo.net/refresh/?url=http%3A%2F%2Ftool.ruyo.net
[ error ] [0]variable type error： boolean
---------------------------------------------------------------

[2022-03-25T16:54:47+08:00] 114.91.1.142 GET tool.ruyo.net/refresh/?url=http%3A%2F%2Ftool.ruyo.net
[ error ] [0]variable type error： boolean
---------------------------------------------------------------

[2022-03-25T16:54:47+08:00] 114.91.1.142 GET tool.ruyo.net/refresh/?url=http%3A%2F%2Ftool.ruyo.net
[ error ] [0]variable type error： boolean
---------------------------------------------------------------

[2022-03-25T16:54:47+08:00] 114.91.1.142 GET tool.ruyo.net/refresh/?url=http%3A%2F%2Ftool.ruyo.net
[ error ] [0]variable type error： boolean
---------------------------------------------------------------

[2022-03-25T16:54:47+08:00] 114.91.1.142 GET tool.ruyo.net/refresh/?url=http%3A%2F%2Ftool.ruyo.net
[ error ] [0]variable type error： boolean
---------------------------------------------------------------

[2022-03-25T16:54:47+08:00] 114.91.1.142 GET tool.ruyo.net/refresh/?url=http%3A%2F%2Ftool.ruyo.net
[ error ] [0]variable type error： boolean
---------------------------------------------------------------

[2022-03-25T16:54:47+08:00] 114.91.1.142 GET tool.ruyo.net/refresh/?url=http%3A%2F%2Ftool.ruyo.net
[ error ] [0]variable type error： boolean
---------------------------------------------------------------

[2022-03-25T16:54:47+08:00] 114.91.1.142 GET tool.ruyo.net/refresh/?url=http%3A%2F%2Ftool.ruyo.net
[ error ] [0]variable type error： boolean
---------------------------------------------------------------

[2022-03-25T16:54:47+08:00] 114.91.1.142 GET tool.ruyo.net/refresh/?url=http%3A%2F%2Ftool.ruyo.net
[ error ] [0]variable type error： boolean
---------------------------------------------------------------

[2022-03-25T16:54:47+08:00] 114.91.1.142 GET tool.ruyo.net/refresh/?url=http%3A%2F%2Ftool.ruyo.net
[ error ] [0]variable type error： boolean
---------------------------------------------------------------

[2022-03-25T16:54:47+08:00] 114.91.1.142 GET tool.ruyo.net/refresh/?url=http%3A%2F%2Ftool.ruyo.net
[ error ] [0]variable type error： boolean
---------------------------------------------------------------

[2022-03-25T16:54:47+08:00] 114.91.1.142 GET tool.ruyo.net/refresh/?url=http%3A%2F%2Ftool.ruyo.net
[ error ] [0]variable type error： boolean
---------------------------------------------------------------

[2022-03-25T16:54:47+08:00] 114.91.1.142 GET tool.ruyo.net/refresh/?url=http%3A%2F%2Ftool.ruyo.net
[ error ] [0]variable type error： boolean
---------------------------------------------------------------

[2022-03-25T16:54:47+08:00] 114.91.1.142 GET tool.ruyo.net/refresh/?url=http%3A%2F%2Ftool.ruyo.net
[ error ] [0]variable type error： boolean
---------------------------------------------------------------

[2022-03-25T16:54:47+08:00] 114.91.1.142 GET tool.ruyo.net/refresh/?url=http%3A%2F%2Ftool.ruyo.net
[ error ] [0]variable type error： boolean
---------------------------------------------------------------

[2022-03-25T16:54:48+08:00] 114.91.1.142 GET tool.ruyo.net/refresh/?url=http%3A%2F%2Ftool.ruyo.net
[ error ] [0]variable type error： boolean
---------------------------------------------------------------

[2022-03-25T16:54:48+08:00] 114.91.1.142 GET tool.ruyo.net/refresh/?url=http%3A%2F%2Ftool.ruyo.net
[ error ] [0]variable type error： boolean
---------------------------------------------------------------

[2022-03-25T16:54:48+08:00] 114.91.1.142 GET tool.ruyo.net/refresh/?url=http%3A%2F%2Ftool.ruyo.net
[ error ] [0]variable type error： boolean
---------------------------------------------------------------

[2022-03-25T16:54:48+08:00] 114.91.1.142 GET tool.ruyo.net/refresh/?url=http%3A%2F%2Ftool.ruyo.net
[ error ] [0]variable type error： boolean
---------------------------------------------------------------

[2022-03-25T16:54:48+08:00] 114.91.1.142 GET tool.ruyo.net/refresh/?url=http%3A%2F%2Ftool.ruyo.net
[ error ] [0]variable type error： boolean
---------------------------------------------------------------

[2022-03-25T16:54:48+08:00] 114.91.1.142 GET tool.ruyo.net/refresh/?url=http%3A%2F%2Ftool.ruyo.net
[ error ] [0]variable type error： boolean
---------------------------------------------------------------

[2022-03-25T16:54:49+08:00] 114.91.1.142 GET tool.ruyo.net/refresh/?url=http%3A%2F%2Ftool.ruyo.net
[ error ] [0]variable type error： boolean
---------------------------------------------------------------

[2022-03-25T16:54:49+08:00] 114.91.1.142 GET tool.ruyo.net/refresh/?url=http%3A%2F%2Ftool.ruyo.net
[ error ] [0]variable type error： boolean
---------------------------------------------------------------

[2022-03-25T16:54:50+08:00] 114.91.1.142 GET tool.ruyo.net/refresh/?url=http%3A%2F%2Ftool.ruyo.net
[ error ] [0]variable type error： boolean
---------------------------------------------------------------

[2022-03-25T16:54:50+08:00] 114.91.1.142 GET tool.ruyo.net/refresh/?url=http%3A%2F%2Ftool.ruyo.net
[ error ] [0]variable type error： boolean
---------------------------------------------------------------

[2022-03-25T16:54:50+08:00] 114.91.1.142 GET tool.ruyo.net/refresh/?url=http%3A%2F%2Ftool.ruyo.net
[ error ] [0]variable type error： boolean
---------------------------------------------------------------

[2022-03-25T16:54:51+08:00] 114.91.1.142 GET tool.ruyo.net/refresh/?url=http%3A%2F%2Ftool.ruyo.net
[ error ] [0]variable type error： boolean
---------------------------------------------------------------

[2022-03-25T16:55:17+08:00] 114.91.1.142 GET tool.ruyo.net/refresh/?url=http%3A%2F%2Ftool.ruyo.net
[ error ] [0]variable type error： boolean
---------------------------------------------------------------

[2022-03-25T16:55:17+08:00] 114.91.1.142 GET tool.ruyo.net/refresh/?url=http%3A%2F%2Ftool.ruyo.net
[ error ] [0]variable type error： boolean
---------------------------------------------------------------

[2022-03-25T16:55:17+08:00] 114.91.1.142 GET tool.ruyo.net/refresh/?url=http%3A%2F%2Ftool.ruyo.net
[ error ] [0]variable type error： boolean
---------------------------------------------------------------

[2022-03-25T16:55:17+08:00] 114.91.1.142 GET tool.ruyo.net/refresh/?url=http%3A%2F%2Ftool.ruyo.net
[ error ] [0]variable type error： boolean
---------------------------------------------------------------

[2022-03-25T16:55:17+08:00] 114.91.1.142 GET tool.ruyo.net/refresh/?url=http%3A%2F%2Ftool.ruyo.net
[ error ] [0]variable type error： boolean
---------------------------------------------------------------

[2022-03-25T16:55:17+08:00] 114.91.1.142 GET tool.ruyo.net/refresh/?url=http%3A%2F%2Ftool.ruyo.net
[ error ] [0]variable type error： boolean
---------------------------------------------------------------

[2022-03-25T16:55:17+08:00] 114.91.1.142 GET tool.ruyo.net/refresh/?url=http%3A%2F%2Ftool.ruyo.net
[ error ] [0]variable type error： boolean
---------------------------------------------------------------

[2022-03-25T16:55:17+08:00] 114.91.1.142 GET tool.ruyo.net/refresh/?url=http%3A%2F%2Ftool.ruyo.net
[ error ] [0]variable type error： boolean
---------------------------------------------------------------

[2022-03-25T16:55:17+08:00] 114.91.1.142 GET tool.ruyo.net/refresh/?url=http%3A%2F%2Ftool.ruyo.net
[ error ] [0]variable type error： boolean
---------------------------------------------------------------

[2022-03-25T16:55:17+08:00] 114.91.1.142 GET tool.ruyo.net/refresh/?url=http%3A%2F%2Ftool.ruyo.net
[ error ] [0]variable type error： boolean
---------------------------------------------------------------

[2022-03-25T16:55:17+08:00] 114.91.1.142 GET tool.ruyo.net/refresh/?url=http%3A%2F%2Ftool.ruyo.net
[ error ] [0]variable type error： boolean
---------------------------------------------------------------

[2022-03-25T16:55:17+08:00] 114.91.1.142 GET tool.ruyo.net/refresh/?url=http%3A%2F%2Ftool.ruyo.net
[ error ] [0]variable type error： boolean
---------------------------------------------------------------

[2022-03-25T16:55:17+08:00] 114.91.1.142 GET tool.ruyo.net/refresh/?url=http%3A%2F%2Ftool.ruyo.net
[ error ] [0]variable type error： boolean
---------------------------------------------------------------

[2022-03-25T16:55:17+08:00] 114.91.1.142 GET tool.ruyo.net/refresh/?url=http%3A%2F%2Ftool.ruyo.net
[ error ] [0]variable type error： boolean
---------------------------------------------------------------

[2022-03-25T16:55:17+08:00] 114.91.1.142 GET tool.ruyo.net/refresh/?url=http%3A%2F%2Ftool.ruyo.net
[ error ] [0]variable type error： boolean
---------------------------------------------------------------

[2022-03-25T16:55:17+08:00] 114.91.1.142 GET tool.ruyo.net/refresh/?url=http%3A%2F%2Ftool.ruyo.net
[ error ] [0]variable type error： boolean
---------------------------------------------------------------

[2022-03-25T16:55:18+08:00] 114.91.1.142 GET tool.ruyo.net/refresh/?url=http%3A%2F%2Ftool.ruyo.net
[ error ] [0]variable type error： boolean
---------------------------------------------------------------

[2022-03-25T16:55:18+08:00] 114.91.1.142 GET tool.ruyo.net/refresh/?url=http%3A%2F%2Ftool.ruyo.net
[ error ] [0]variable type error： boolean
---------------------------------------------------------------

[2022-03-25T16:55:18+08:00] 114.91.1.142 GET tool.ruyo.net/refresh/?url=http%3A%2F%2Ftool.ruyo.net
[ error ] [0]variable type error： boolean
---------------------------------------------------------------

[2022-03-25T16:55:18+08:00] 114.91.1.142 GET tool.ruyo.net/refresh/?url=http%3A%2F%2Ftool.ruyo.net
[ error ] [0]variable type error： boolean
---------------------------------------------------------------

[2022-03-25T16:55:18+08:00] 114.91.1.142 GET tool.ruyo.net/refresh/?url=http%3A%2F%2Ftool.ruyo.net
[ error ] [0]variable type error： boolean
---------------------------------------------------------------

[2022-03-25T16:55:18+08:00] 114.91.1.142 GET tool.ruyo.net/refresh/?url=http%3A%2F%2Ftool.ruyo.net
[ error ] [0]variable type error： boolean
---------------------------------------------------------------

[2022-03-25T16:55:18+08:00] 114.91.1.142 GET tool.ruyo.net/refresh/?url=http%3A%2F%2Ftool.ruyo.net
[ error ] [0]variable type error： boolean
---------------------------------------------------------------

[2022-03-25T16:55:18+08:00] 114.91.1.142 GET tool.ruyo.net/refresh/?url=http%3A%2F%2Ftool.ruyo.net
[ error ] [0]variable type error： boolean
---------------------------------------------------------------

[2022-03-25T16:55:18+08:00] 114.91.1.142 GET tool.ruyo.net/refresh/?url=http%3A%2F%2Ftool.ruyo.net
[ error ] [0]variable type error： boolean
---------------------------------------------------------------

[2022-03-25T16:55:18+08:00] 114.91.1.142 GET tool.ruyo.net/refresh/?url=http%3A%2F%2Ftool.ruyo.net
[ error ] [0]variable type error： boolean
---------------------------------------------------------------

[2022-03-25T16:55:18+08:00] 114.91.1.142 GET tool.ruyo.net/refresh/?url=http%3A%2F%2Ftool.ruyo.net
[ error ] [0]variable type error： boolean
---------------------------------------------------------------

[2022-03-25T16:55:18+08:00] 114.91.1.142 GET tool.ruyo.net/refresh/?url=http%3A%2F%2Ftool.ruyo.net
[ error ] [0]variable type error： boolean
---------------------------------------------------------------

[2022-03-25T16:55:18+08:00] 114.91.1.142 GET tool.ruyo.net/refresh/?url=http%3A%2F%2Ftool.ruyo.net
[ error ] [0]variable type error： boolean
---------------------------------------------------------------

[2022-03-25T16:55:18+08:00] 114.91.1.142 GET tool.ruyo.net/refresh/?url=http%3A%2F%2Ftool.ruyo.net
[ error ] [0]variable type error： boolean
---------------------------------------------------------------

[2022-03-25T16:55:18+08:00] 114.91.1.142 GET tool.ruyo.net/refresh/?url=http%3A%2F%2Ftool.ruyo.net
[ error ] [0]variable type error： boolean
---------------------------------------------------------------

[2022-03-25T16:55:18+08:00] 114.91.1.142 GET tool.ruyo.net/refresh/?url=http%3A%2F%2Ftool.ruyo.net
[ error ] [0]variable type error： boolean
---------------------------------------------------------------

[2022-03-25T16:55:18+08:00] 114.91.1.142 GET tool.ruyo.net/refresh/?url=http%3A%2F%2Ftool.ruyo.net
[ error ] [0]variable type error： boolean
---------------------------------------------------------------

[2022-03-25T16:55:18+08:00] 114.91.1.142 GET tool.ruyo.net/refresh/?url=http%3A%2F%2Ftool.ruyo.net
[ error ] [0]variable type error： boolean
---------------------------------------------------------------

[2022-03-25T16:55:18+08:00] 114.91.1.142 GET tool.ruyo.net/refresh/?url=http%3A%2F%2Ftool.ruyo.net
[ error ] [0]variable type error： boolean
---------------------------------------------------------------

[2022-03-25T16:55:18+08:00] 114.91.1.142 GET tool.ruyo.net/refresh/?url=http%3A%2F%2Ftool.ruyo.net
[ error ] [0]variable type error： boolean
---------------------------------------------------------------

[2022-03-25T16:55:18+08:00] 114.91.1.142 GET tool.ruyo.net/refresh/?url=http%3A%2F%2Ftool.ruyo.net
[ error ] [0]variable type error： boolean
---------------------------------------------------------------

[2022-03-25T16:55:18+08:00] 114.91.1.142 GET tool.ruyo.net/refresh/?url=http%3A%2F%2Ftool.ruyo.net
[ error ] [0]variable type error： boolean
---------------------------------------------------------------

[2022-03-25T16:55:19+08:00] 114.91.1.142 GET tool.ruyo.net/refresh/?url=http%3A%2F%2Ftool.ruyo.net
[ error ] [0]variable type error： boolean
---------------------------------------------------------------

[2022-03-25T16:55:19+08:00] 114.91.1.142 GET tool.ruyo.net/refresh/?url=http%3A%2F%2Ftool.ruyo.net
[ error ] [0]variable type error： boolean
---------------------------------------------------------------

[2022-03-25T16:55:19+08:00] 114.91.1.142 GET tool.ruyo.net/refresh/?url=http%3A%2F%2Ftool.ruyo.net
[ error ] [0]variable type error： boolean
---------------------------------------------------------------

[2022-03-25T16:55:19+08:00] 114.91.1.142 GET tool.ruyo.net/refresh/?url=http%3A%2F%2Ftool.ruyo.net
[ error ] [0]variable type error： boolean
---------------------------------------------------------------

[2022-03-25T16:55:19+08:00] 114.91.1.142 GET tool.ruyo.net/refresh/?url=http%3A%2F%2Ftool.ruyo.net
[ error ] [0]variable type error： boolean
---------------------------------------------------------------

[2022-03-25T16:55:19+08:00] 114.91.1.142 GET tool.ruyo.net/refresh/?url=http%3A%2F%2Ftool.ruyo.net
[ error ] [0]variable type error： boolean
---------------------------------------------------------------

[2022-03-25T16:55:20+08:00] 114.91.1.142 GET tool.ruyo.net/refresh/?url=http%3A%2F%2Ftool.ruyo.net
[ error ] [0]variable type error： boolean
---------------------------------------------------------------

[2022-03-25T16:55:20+08:00] 114.91.1.142 GET tool.ruyo.net/refresh/?url=http%3A%2F%2Ftool.ruyo.net
[ error ] [0]variable type error： boolean
---------------------------------------------------------------

[2022-03-25T16:55:21+08:00] 114.91.1.142 GET tool.ruyo.net/refresh/?url=http%3A%2F%2Ftool.ruyo.net
[ error ] [0]variable type error： boolean
---------------------------------------------------------------

[2022-03-25T16:55:21+08:00] 114.91.1.142 GET tool.ruyo.net/refresh/?url=http%3A%2F%2Ftool.ruyo.net
[ error ] [0]variable type error： boolean
---------------------------------------------------------------

[2022-03-25T16:55:21+08:00] 114.91.1.142 GET tool.ruyo.net/refresh/?url=http%3A%2F%2Ftool.ruyo.net
[ error ] [0]variable type error： boolean
---------------------------------------------------------------

[2022-03-25T16:55:22+08:00] 114.91.1.142 GET tool.ruyo.net/refresh/?url=http%3A%2F%2Ftool.ruyo.net
[ error ] [0]variable type error： boolean
---------------------------------------------------------------

[2022-03-25T16:55:48+08:00] 114.91.1.142 GET tool.ruyo.net/refresh/?url=http%3A%2F%2Ftool.ruyo.net
[ error ] [0]variable type error： boolean
---------------------------------------------------------------

[2022-03-25T16:55:48+08:00] 114.91.1.142 GET tool.ruyo.net/refresh/?url=http%3A%2F%2Ftool.ruyo.net
[ error ] [0]variable type error： boolean
---------------------------------------------------------------

[2022-03-25T16:55:48+08:00] 114.91.1.142 GET tool.ruyo.net/refresh/?url=http%3A%2F%2Ftool.ruyo.net
[ error ] [0]variable type error： boolean
---------------------------------------------------------------

[2022-03-25T16:55:48+08:00] 114.91.1.142 GET tool.ruyo.net/refresh/?url=http%3A%2F%2Ftool.ruyo.net
[ error ] [0]variable type error： boolean
---------------------------------------------------------------

[2022-03-25T16:55:48+08:00] 114.91.1.142 GET tool.ruyo.net/refresh/?url=http%3A%2F%2Ftool.ruyo.net
[ error ] [0]variable type error： boolean
---------------------------------------------------------------

[2022-03-25T16:55:48+08:00] 114.91.1.142 GET tool.ruyo.net/refresh/?url=http%3A%2F%2Ftool.ruyo.net
[ error ] [0]variable type error： boolean
---------------------------------------------------------------

[2022-03-25T16:55:48+08:00] 114.91.1.142 GET tool.ruyo.net/refresh/?url=http%3A%2F%2Ftool.ruyo.net
[ error ] [0]variable type error： boolean
---------------------------------------------------------------

[2022-03-25T16:55:48+08:00] 114.91.1.142 GET tool.ruyo.net/refresh/?url=http%3A%2F%2Ftool.ruyo.net
[ error ] [0]variable type error： boolean
---------------------------------------------------------------

[2022-03-25T16:55:48+08:00] 114.91.1.142 GET tool.ruyo.net/refresh/?url=http%3A%2F%2Ftool.ruyo.net
[ error ] [0]variable type error： boolean
---------------------------------------------------------------

[2022-03-25T16:55:48+08:00] 114.91.1.142 GET tool.ruyo.net/refresh/?url=http%3A%2F%2Ftool.ruyo.net
[ error ] [0]variable type error： boolean
---------------------------------------------------------------

[2022-03-25T16:55:48+08:00] 114.91.1.142 GET tool.ruyo.net/refresh/?url=http%3A%2F%2Ftool.ruyo.net
[ error ] [0]variable type error： boolean
---------------------------------------------------------------

[2022-03-25T16:55:48+08:00] 114.91.1.142 GET tool.ruyo.net/refresh/?url=http%3A%2F%2Ftool.ruyo.net
[ error ] [0]variable type error： boolean
---------------------------------------------------------------

[2022-03-25T16:55:48+08:00] 114.91.1.142 GET tool.ruyo.net/refresh/?url=http%3A%2F%2Ftool.ruyo.net
[ error ] [0]variable type error： boolean
---------------------------------------------------------------

[2022-03-25T16:55:48+08:00] 114.91.1.142 GET tool.ruyo.net/refresh/?url=http%3A%2F%2Ftool.ruyo.net
[ error ] [0]variable type error： boolean
---------------------------------------------------------------

[2022-03-25T16:55:48+08:00] 114.91.1.142 GET tool.ruyo.net/refresh/?url=http%3A%2F%2Ftool.ruyo.net
[ error ] [0]variable type error： boolean
---------------------------------------------------------------

[2022-03-25T16:55:49+08:00] 114.91.1.142 GET tool.ruyo.net/refresh/?url=http%3A%2F%2Ftool.ruyo.net
[ error ] [0]variable type error： boolean
---------------------------------------------------------------

[2022-03-25T16:55:49+08:00] 114.91.1.142 GET tool.ruyo.net/refresh/?url=http%3A%2F%2Ftool.ruyo.net
[ error ] [0]variable type error： boolean
---------------------------------------------------------------

[2022-03-25T16:55:49+08:00] 114.91.1.142 GET tool.ruyo.net/refresh/?url=http%3A%2F%2Ftool.ruyo.net
[ error ] [0]variable type error： boolean
---------------------------------------------------------------

[2022-03-25T16:55:49+08:00] 114.91.1.142 GET tool.ruyo.net/refresh/?url=http%3A%2F%2Ftool.ruyo.net
[ error ] [0]variable type error： boolean
---------------------------------------------------------------

[2022-03-25T16:55:49+08:00] 114.91.1.142 GET tool.ruyo.net/refresh/?url=http%3A%2F%2Ftool.ruyo.net
[ error ] [0]variable type error： boolean
---------------------------------------------------------------

[2022-03-25T16:55:49+08:00] 114.91.1.142 GET tool.ruyo.net/refresh/?url=http%3A%2F%2Ftool.ruyo.net
[ error ] [0]variable type error： boolean
---------------------------------------------------------------

[2022-03-25T16:55:49+08:00] 114.91.1.142 GET tool.ruyo.net/refresh/?url=http%3A%2F%2Ftool.ruyo.net
[ error ] [0]variable type error： boolean
---------------------------------------------------------------

[2022-03-25T16:55:49+08:00] 114.91.1.142 GET tool.ruyo.net/refresh/?url=http%3A%2F%2Ftool.ruyo.net
[ error ] [0]variable type error： boolean
---------------------------------------------------------------

[2022-03-25T16:55:49+08:00] 114.91.1.142 GET tool.ruyo.net/refresh/?url=http%3A%2F%2Ftool.ruyo.net
[ error ] [0]variable type error： boolean
---------------------------------------------------------------

[2022-03-25T16:55:49+08:00] 114.91.1.142 GET tool.ruyo.net/refresh/?url=http%3A%2F%2Ftool.ruyo.net
[ error ] [0]variable type error： boolean
---------------------------------------------------------------

[2022-03-25T16:55:49+08:00] 114.91.1.142 GET tool.ruyo.net/refresh/?url=http%3A%2F%2Ftool.ruyo.net
[ error ] [0]variable type error： boolean
---------------------------------------------------------------

[2022-03-25T16:55:49+08:00] 114.91.1.142 GET tool.ruyo.net/refresh/?url=http%3A%2F%2Ftool.ruyo.net
[ error ] [0]variable type error： boolean
---------------------------------------------------------------

[2022-03-25T16:55:49+08:00] 114.91.1.142 GET tool.ruyo.net/refresh/?url=http%3A%2F%2Ftool.ruyo.net
[ error ] [0]variable type error： boolean
---------------------------------------------------------------

[2022-03-25T16:55:49+08:00] 114.91.1.142 GET tool.ruyo.net/refresh/?url=http%3A%2F%2Ftool.ruyo.net
[ error ] [0]variable type error： boolean
---------------------------------------------------------------

[2022-03-25T16:55:49+08:00] 114.91.1.142 GET tool.ruyo.net/refresh/?url=http%3A%2F%2Ftool.ruyo.net
[ error ] [0]variable type error： boolean
---------------------------------------------------------------

[2022-03-25T16:55:49+08:00] 114.91.1.142 GET tool.ruyo.net/refresh/?url=http%3A%2F%2Ftool.ruyo.net
[ error ] [0]variable type error： boolean
---------------------------------------------------------------

[2022-03-25T16:55:49+08:00] 114.91.1.142 GET tool.ruyo.net/refresh/?url=http%3A%2F%2Ftool.ruyo.net
[ error ] [0]variable type error： boolean
---------------------------------------------------------------

[2022-03-25T16:55:49+08:00] 114.91.1.142 GET tool.ruyo.net/refresh/?url=http%3A%2F%2Ftool.ruyo.net
[ error ] [0]variable type error： boolean
---------------------------------------------------------------

[2022-03-25T16:55:49+08:00] 114.91.1.142 GET tool.ruyo.net/refresh/?url=http%3A%2F%2Ftool.ruyo.net
[ error ] [0]variable type error： boolean
---------------------------------------------------------------

[2022-03-25T16:55:49+08:00] 114.91.1.142 GET tool.ruyo.net/refresh/?url=http%3A%2F%2Ftool.ruyo.net
[ error ] [0]variable type error： boolean
---------------------------------------------------------------

[2022-03-25T16:55:49+08:00] 114.91.1.142 GET tool.ruyo.net/refresh/?url=http%3A%2F%2Ftool.ruyo.net
[ error ] [0]variable type error： boolean
---------------------------------------------------------------

[2022-03-25T16:55:49+08:00] 114.91.1.142 GET tool.ruyo.net/refresh/?url=http%3A%2F%2Ftool.ruyo.net
[ error ] [0]variable type error： boolean
---------------------------------------------------------------

[2022-03-25T16:55:49+08:00] 114.91.1.142 GET tool.ruyo.net/refresh/?url=http%3A%2F%2Ftool.ruyo.net
[ error ] [0]variable type error： boolean
---------------------------------------------------------------

[2022-03-25T16:55:50+08:00] 114.91.1.142 GET tool.ruyo.net/refresh/?url=http%3A%2F%2Ftool.ruyo.net
[ error ] [0]variable type error： boolean
---------------------------------------------------------------

[2022-03-25T16:55:50+08:00] 114.91.1.142 GET tool.ruyo.net/refresh/?url=http%3A%2F%2Ftool.ruyo.net
[ error ] [0]variable type error： boolean
---------------------------------------------------------------

[2022-03-25T16:55:50+08:00] 114.91.1.142 GET tool.ruyo.net/refresh/?url=http%3A%2F%2Ftool.ruyo.net
[ error ] [0]variable type error： boolean
---------------------------------------------------------------

[2022-03-25T16:55:50+08:00] 114.91.1.142 GET tool.ruyo.net/refresh/?url=http%3A%2F%2Ftool.ruyo.net
[ error ] [0]variable type error： boolean
---------------------------------------------------------------

[2022-03-25T16:55:50+08:00] 114.91.1.142 GET tool.ruyo.net/refresh/?url=http%3A%2F%2Ftool.ruyo.net
[ error ] [0]variable type error： boolean
---------------------------------------------------------------

[2022-03-25T16:55:50+08:00] 114.91.1.142 GET tool.ruyo.net/refresh/?url=http%3A%2F%2Ftool.ruyo.net
[ error ] [0]variable type error： boolean
---------------------------------------------------------------

[2022-03-25T16:55:51+08:00] 114.91.1.142 GET tool.ruyo.net/refresh/?url=http%3A%2F%2Ftool.ruyo.net
[ error ] [0]variable type error： boolean
---------------------------------------------------------------

[2022-03-25T16:55:51+08:00] 114.91.1.142 GET tool.ruyo.net/refresh/?url=http%3A%2F%2Ftool.ruyo.net
[ error ] [0]variable type error： boolean
---------------------------------------------------------------

[2022-03-25T16:55:52+08:00] 114.91.1.142 GET tool.ruyo.net/refresh/?url=http%3A%2F%2Ftool.ruyo.net
[ error ] [0]variable type error： boolean
---------------------------------------------------------------

[2022-03-25T16:55:52+08:00] 114.91.1.142 GET tool.ruyo.net/refresh/?url=http%3A%2F%2Ftool.ruyo.net
[ error ] [0]variable type error： boolean
---------------------------------------------------------------

[2022-03-25T16:55:52+08:00] 114.91.1.142 GET tool.ruyo.net/refresh/?url=http%3A%2F%2Ftool.ruyo.net
[ error ] [0]variable type error： boolean
---------------------------------------------------------------

[2022-03-25T16:55:53+08:00] 114.91.1.142 GET tool.ruyo.net/refresh/?url=http%3A%2F%2Ftool.ruyo.net
[ error ] [0]variable type error： boolean
---------------------------------------------------------------

[2022-03-25T16:56:19+08:00] 114.91.1.142 GET tool.ruyo.net/refresh/?url=http%3A%2F%2Ftool.ruyo.net
[ error ] [0]variable type error： boolean
---------------------------------------------------------------

[2022-03-25T16:56:19+08:00] 114.91.1.142 GET tool.ruyo.net/refresh/?url=http%3A%2F%2Ftool.ruyo.net
[ error ] [0]variable type error： boolean
---------------------------------------------------------------

[2022-03-25T16:56:19+08:00] 114.91.1.142 GET tool.ruyo.net/refresh/?url=http%3A%2F%2Ftool.ruyo.net
[ error ] [0]variable type error： boolean
---------------------------------------------------------------

[2022-03-25T16:56:19+08:00] 114.91.1.142 GET tool.ruyo.net/refresh/?url=http%3A%2F%2Ftool.ruyo.net
[ error ] [0]variable type error： boolean
---------------------------------------------------------------

[2022-03-25T16:56:19+08:00] 114.91.1.142 GET tool.ruyo.net/refresh/?url=http%3A%2F%2Ftool.ruyo.net
[ error ] [0]variable type error： boolean
---------------------------------------------------------------

[2022-03-25T16:56:19+08:00] 114.91.1.142 GET tool.ruyo.net/refresh/?url=http%3A%2F%2Ftool.ruyo.net
[ error ] [0]variable type error： boolean
---------------------------------------------------------------

[2022-03-25T16:56:19+08:00] 114.91.1.142 GET tool.ruyo.net/refresh/?url=http%3A%2F%2Ftool.ruyo.net
[ error ] [0]variable type error： boolean
---------------------------------------------------------------

[2022-03-25T16:56:19+08:00] 114.91.1.142 GET tool.ruyo.net/refresh/?url=http%3A%2F%2Ftool.ruyo.net
[ error ] [0]variable type error： boolean
---------------------------------------------------------------

[2022-03-25T16:56:19+08:00] 114.91.1.142 GET tool.ruyo.net/refresh/?url=http%3A%2F%2Ftool.ruyo.net
[ error ] [0]variable type error： boolean
---------------------------------------------------------------

[2022-03-25T16:56:19+08:00] 114.91.1.142 GET tool.ruyo.net/refresh/?url=http%3A%2F%2Ftool.ruyo.net
[ error ] [0]variable type error： boolean
---------------------------------------------------------------

[2022-03-25T16:56:19+08:00] 114.91.1.142 GET tool.ruyo.net/refresh/?url=http%3A%2F%2Ftool.ruyo.net
[ error ] [0]variable type error： boolean
---------------------------------------------------------------

[2022-03-25T16:56:20+08:00] 114.91.1.142 GET tool.ruyo.net/refresh/?url=http%3A%2F%2Ftool.ruyo.net
[ error ] [0]variable type error： boolean
---------------------------------------------------------------

[2022-03-25T16:56:20+08:00] 114.91.1.142 GET tool.ruyo.net/refresh/?url=http%3A%2F%2Ftool.ruyo.net
[ error ] [0]variable type error： boolean
---------------------------------------------------------------

[2022-03-25T16:56:20+08:00] 114.91.1.142 GET tool.ruyo.net/refresh/?url=http%3A%2F%2Ftool.ruyo.net
[ error ] [0]variable type error： boolean
---------------------------------------------------------------

[2022-03-25T16:56:20+08:00] 114.91.1.142 GET tool.ruyo.net/refresh/?url=http%3A%2F%2Ftool.ruyo.net
[ error ] [0]variable type error： boolean
---------------------------------------------------------------

[2022-03-25T16:56:20+08:00] 114.91.1.142 GET tool.ruyo.net/refresh/?url=http%3A%2F%2Ftool.ruyo.net
[ error ] [0]variable type error： boolean
---------------------------------------------------------------

[2022-03-25T16:56:20+08:00] 114.91.1.142 GET tool.ruyo.net/refresh/?url=http%3A%2F%2Ftool.ruyo.net
[ error ] [0]variable type error： boolean
---------------------------------------------------------------

[2022-03-25T16:56:20+08:00] 114.91.1.142 GET tool.ruyo.net/refresh/?url=http%3A%2F%2Ftool.ruyo.net
[ error ] [0]variable type error： boolean
---------------------------------------------------------------

[2022-03-25T16:56:20+08:00] 114.91.1.142 GET tool.ruyo.net/refresh/?url=http%3A%2F%2Ftool.ruyo.net
[ error ] [0]variable type error： boolean
---------------------------------------------------------------

[2022-03-25T16:56:20+08:00] 114.91.1.142 GET tool.ruyo.net/refresh/?url=http%3A%2F%2Ftool.ruyo.net
[ error ] [0]variable type error： boolean
---------------------------------------------------------------

[2022-03-25T16:56:20+08:00] 114.91.1.142 GET tool.ruyo.net/refresh/?url=http%3A%2F%2Ftool.ruyo.net
[ error ] [0]variable type error： boolean
---------------------------------------------------------------

[2022-03-25T16:56:20+08:00] 114.91.1.142 GET tool.ruyo.net/refresh/?url=http%3A%2F%2Ftool.ruyo.net
[ error ] [0]variable type error： boolean
---------------------------------------------------------------

[2022-03-25T16:56:20+08:00] 114.91.1.142 GET tool.ruyo.net/refresh/?url=http%3A%2F%2Ftool.ruyo.net
[ error ] [0]variable type error： boolean
---------------------------------------------------------------

[2022-03-25T16:56:20+08:00] 114.91.1.142 GET tool.ruyo.net/refresh/?url=http%3A%2F%2Ftool.ruyo.net
[ error ] [0]variable type error： boolean
---------------------------------------------------------------

[2022-03-25T16:56:20+08:00] 114.91.1.142 GET tool.ruyo.net/refresh/?url=http%3A%2F%2Ftool.ruyo.net
[ error ] [0]variable type error： boolean
---------------------------------------------------------------

[2022-03-25T16:56:20+08:00] 114.91.1.142 GET tool.ruyo.net/refresh/?url=http%3A%2F%2Ftool.ruyo.net
[ error ] [0]variable type error： boolean
---------------------------------------------------------------

[2022-03-25T16:56:20+08:00] 114.91.1.142 GET tool.ruyo.net/refresh/?url=http%3A%2F%2Ftool.ruyo.net
[ error ] [0]variable type error： boolean
---------------------------------------------------------------

[2022-03-25T16:56:20+08:00] 114.91.1.142 GET tool.ruyo.net/refresh/?url=http%3A%2F%2Ftool.ruyo.net
[ error ] [0]variable type error： boolean
---------------------------------------------------------------

[2022-03-25T16:56:20+08:00] 114.91.1.142 GET tool.ruyo.net/refresh/?url=http%3A%2F%2Ftool.ruyo.net
[ error ] [0]variable type error： boolean
---------------------------------------------------------------

[2022-03-25T16:56:20+08:00] 114.91.1.142 GET tool.ruyo.net/refresh/?url=http%3A%2F%2Ftool.ruyo.net
[ error ] [0]variable type error： boolean
---------------------------------------------------------------

[2022-03-25T16:56:20+08:00] 114.91.1.142 GET tool.ruyo.net/refresh/?url=http%3A%2F%2Ftool.ruyo.net
[ error ] [0]variable type error： boolean
---------------------------------------------------------------

[2022-03-25T16:56:20+08:00] 114.91.1.142 GET tool.ruyo.net/refresh/?url=http%3A%2F%2Ftool.ruyo.net
[ error ] [0]variable type error： boolean
---------------------------------------------------------------

[2022-03-25T16:56:20+08:00] 114.91.1.142 GET tool.ruyo.net/refresh/?url=http%3A%2F%2Ftool.ruyo.net
[ error ] [0]variable type error： boolean
---------------------------------------------------------------

[2022-03-25T16:56:20+08:00] 114.91.1.142 GET tool.ruyo.net/refresh/?url=http%3A%2F%2Ftool.ruyo.net
[ error ] [0]variable type error： boolean
---------------------------------------------------------------

[2022-03-25T16:56:20+08:00] 114.91.1.142 GET tool.ruyo.net/refresh/?url=http%3A%2F%2Ftool.ruyo.net
[ error ] [0]variable type error： boolean
---------------------------------------------------------------

[2022-03-25T16:56:20+08:00] 114.91.1.142 GET tool.ruyo.net/refresh/?url=http%3A%2F%2Ftool.ruyo.net
[ error ] [0]variable type error： boolean
---------------------------------------------------------------

[2022-03-25T16:56:20+08:00] 114.91.1.142 GET tool.ruyo.net/refresh/?url=http%3A%2F%2Ftool.ruyo.net
[ error ] [0]variable type error： boolean
---------------------------------------------------------------

[2022-03-25T16:56:20+08:00] 114.91.1.142 GET tool.ruyo.net/refresh/?url=http%3A%2F%2Ftool.ruyo.net
[ error ] [0]variable type error： boolean
---------------------------------------------------------------

[2022-03-25T16:56:20+08:00] 114.91.1.142 GET tool.ruyo.net/refresh/?url=http%3A%2F%2Ftool.ruyo.net
[ error ] [0]variable type error： boolean
---------------------------------------------------------------

[2022-03-25T16:56:21+08:00] 114.91.1.142 GET tool.ruyo.net/refresh/?url=http%3A%2F%2Ftool.ruyo.net
[ error ] [0]variable type error： boolean
---------------------------------------------------------------

[2022-03-25T16:56:21+08:00] 114.91.1.142 GET tool.ruyo.net/refresh/?url=http%3A%2F%2Ftool.ruyo.net
[ error ] [0]variable type error： boolean
---------------------------------------------------------------

[2022-03-25T16:56:21+08:00] 114.91.1.142 GET tool.ruyo.net/refresh/?url=http%3A%2F%2Ftool.ruyo.net
[ error ] [0]variable type error： boolean
---------------------------------------------------------------

[2022-03-25T16:56:21+08:00] 114.91.1.142 GET tool.ruyo.net/refresh/?url=http%3A%2F%2Ftool.ruyo.net
[ error ] [0]variable type error： boolean
---------------------------------------------------------------

[2022-03-25T16:56:21+08:00] 114.91.1.142 GET tool.ruyo.net/refresh/?url=http%3A%2F%2Ftool.ruyo.net
[ error ] [0]variable type error： boolean
---------------------------------------------------------------

[2022-03-25T16:56:22+08:00] 114.91.1.142 GET tool.ruyo.net/refresh/?url=http%3A%2F%2Ftool.ruyo.net
[ error ] [0]variable type error： boolean
---------------------------------------------------------------

[2022-03-25T16:56:22+08:00] 114.91.1.142 GET tool.ruyo.net/refresh/?url=http%3A%2F%2Ftool.ruyo.net
[ error ] [0]variable type error： boolean
---------------------------------------------------------------

[2022-03-25T16:56:23+08:00] 114.91.1.142 GET tool.ruyo.net/refresh/?url=http%3A%2F%2Ftool.ruyo.net
[ error ] [0]variable type error： boolean
---------------------------------------------------------------

[2022-03-25T16:56:23+08:00] 114.91.1.142 GET tool.ruyo.net/refresh/?url=http%3A%2F%2Ftool.ruyo.net
[ error ] [0]variable type error： boolean
---------------------------------------------------------------

[2022-03-25T16:56:23+08:00] 114.91.1.142 GET tool.ruyo.net/refresh/?url=http%3A%2F%2Ftool.ruyo.net
[ error ] [0]variable type error： boolean
---------------------------------------------------------------

[2022-03-25T16:56:24+08:00] 114.91.1.142 GET tool.ruyo.net/refresh/?url=http%3A%2F%2Ftool.ruyo.net
[ error ] [0]variable type error： boolean
---------------------------------------------------------------

[2022-03-25T17:25:32+08:00] 112.47.58.184 GET tool.ruyo.net/data/admin/allowurl.txt
[ error ] [0]模板文件不存在:/data/wwwroot/tool.ruyo.net/application/index/view/index/data.html
---------------------------------------------------------------

[2022-03-25T19:27:00+08:00] 61.167.89.145 GET tool.ruyo.net/static/style/fonts/glyphicons-halflings-regular.eot?
[ error ] [0]模板文件不存在:/data/wwwroot/tool.ruyo.net/application/index/view/index/static.html
---------------------------------------------------------------

[2022-03-25T20:48:10+08:00] 222.79.251.62 GET tool.ruyo.net/static/style/fonts/glyphicons-halflings-regular.eot?
[ error ] [0]模板文件不存在:/data/wwwroot/tool.ruyo.net/application/index/view/index/static.html
---------------------------------------------------------------

[2022-03-25T20:58:44+08:00] 222.79.251.62 GET tool.ruyo.net/static/style/fonts/glyphicons-halflings-regular.eot?
[ error ] [0]模板文件不存在:/data/wwwroot/tool.ruyo.net/application/index/view/index/static.html
---------------------------------------------------------------

[2022-03-25T21:07:36+08:00] 125.43.69.136 POST tool.ruyo.net/favicon/
[ error ] [8]未定义变量: icANDmask
[ error ] [8]未定义数组下标: 0
[ error ] [8]未定义数组下标: 31
[ error ] [8]未定义数组下标: 30
[ error ] [8]未定义数组下标: 29
[ error ] [8]未定义数组下标: 28
[ error ] [8]未定义数组下标: 27
[ error ] [8]未定义数组下标: 26
[ error ] [8]未定义数组下标: 25
[ error ] [8]未定义数组下标: 24
[ error ] [8]未定义数组下标: 23
[ error ] [8]未定义数组下标: 22
[ error ] [8]未定义数组下标: 21
[ error ] [8]未定义数组下标: 20
[ error ] [8]未定义数组下标: 19
[ error ] [8]未定义数组下标: 18
[ error ] [8]未定义数组下标: 17
[ error ] [8]未定义数组下标: 16
[ error ] [8]未定义数组下标: 15
[ error ] [8]未定义数组下标: 14
[ error ] [8]未定义数组下标: 13
[ error ] [8]未定义数组下标: 12
[ error ] [8]未定义数组下标: 11
[ error ] [8]未定义数组下标: 10
[ error ] [8]未定义数组下标: 9
[ error ] [8]未定义数组下标: 8
[ error ] [8]未定义数组下标: 7
[ error ] [8]未定义数组下标: 6
[ error ] [8]未定义数组下标: 5
[ error ] [8]未定义数组下标: 4
[ error ] [8]未定义数组下标: 3
[ error ] [8]未定义数组下标: 2
[ error ] [8]未定义数组下标: 1
[ error ] [8]未定义数组下标: 0
---------------------------------------------------------------

[2022-03-25T23:39:43+08:00] 175.178.84.120 HEAD tool.ruyo.net/tool.ruyo.net.rar
[ error ] [0]模板文件不存在:/data/wwwroot/tool.ruyo.net/application/index/view/index/tool.html
---------------------------------------------------------------

[2022-03-25T23:39:43+08:00] 175.178.84.120 HEAD tool.ruyo.net/tool.ruyo.net.zip
[ error ] [0]模板文件不存在:/data/wwwroot/tool.ruyo.net/application/index/view/index/tool.html
---------------------------------------------------------------

[2022-03-25T23:39:43+08:00] 175.178.84.120 HEAD tool.ruyo.net/tool.ruyo.net.tar.gz
[ error ] [0]模板文件不存在:/data/wwwroot/tool.ruyo.net/application/index/view/index/tool.html
---------------------------------------------------------------

[2022-03-25T23:39:43+08:00] 175.178.84.120 HEAD tool.ruyo.net/tool.ruyo.net.7z
[ error ] [0]模板文件不存在:/data/wwwroot/tool.ruyo.net/application/index/view/index/tool.html
---------------------------------------------------------------

[2022-03-25T23:39:43+08:00] 175.178.84.120 HEAD tool.ruyo.net/tool_ruyo_net.rar
[ error ] [0]模板文件不存在:/data/wwwroot/tool.ruyo.net/application/index/view/index/tool_ruyo_net.html
---------------------------------------------------------------

[2022-03-25T23:39:44+08:00] 175.178.84.120 HEAD tool.ruyo.net/tool_ruyo_net.zip
[ error ] [0]模板文件不存在:/data/wwwroot/tool.ruyo.net/application/index/view/index/tool_ruyo_net.html
---------------------------------------------------------------

[2022-03-25T23:39:44+08:00] 175.178.84.120 HEAD tool.ruyo.net/tool_ruyo_net.tar.gz
[ error ] [0]模板文件不存在:/data/wwwroot/tool.ruyo.net/application/index/view/index/tool_ruyo_net.html
---------------------------------------------------------------

[2022-03-25T23:39:44+08:00] 175.178.84.120 HEAD tool.ruyo.net/tool_ruyo_net.7z
[ error ] [0]模板文件不存在:/data/wwwroot/tool.ruyo.net/application/index/view/index/tool_ruyo_net.html
---------------------------------------------------------------

[2022-03-25T23:39:44+08:00] 175.178.84.120 HEAD tool.ruyo.net/toolruyonet.rar
[ error ] [0]模板文件不存在:/data/wwwroot/tool.ruyo.net/application/index/view/index/toolruyonet.html
---------------------------------------------------------------

[2022-03-25T23:39:44+08:00] 175.178.84.120 HEAD tool.ruyo.net/toolruyonet.zip
[ error ] [0]模板文件不存在:/data/wwwroot/tool.ruyo.net/application/index/view/index/toolruyonet.html
---------------------------------------------------------------

[2022-03-25T23:39:44+08:00] 175.178.84.120 HEAD tool.ruyo.net/toolruyonet.tar.gz
[ error ] [0]模板文件不存在:/data/wwwroot/tool.ruyo.net/application/index/view/index/toolruyonet.html
---------------------------------------------------------------

[2022-03-25T23:39:44+08:00] 175.178.84.120 HEAD tool.ruyo.net/toolruyonet.7z
[ error ] [0]模板文件不存在:/data/wwwroot/tool.ruyo.net/application/index/view/index/toolruyonet.html
---------------------------------------------------------------

[2022-03-25T23:39:44+08:00] 175.178.84.120 HEAD tool.ruyo.net/ruyo.net.rar
[ error ] [0]模板文件不存在:/data/wwwroot/tool.ruyo.net/application/index/view/index/ruyo.html
---------------------------------------------------------------

[2022-03-25T23:39:44+08:00] 175.178.84.120 HEAD tool.ruyo.net/ruyo.net.zip
[ error ] [0]模板文件不存在:/data/wwwroot/tool.ruyo.net/application/index/view/index/ruyo.html
---------------------------------------------------------------

[2022-03-25T23:39:44+08:00] 175.178.84.120 HEAD tool.ruyo.net/ruyo.net.tar.gz
[ error ] [0]模板文件不存在:/data/wwwroot/tool.ruyo.net/application/index/view/index/ruyo.html
---------------------------------------------------------------

[2022-03-25T23:39:44+08:00] 175.178.84.120 HEAD tool.ruyo.net/ruyo.net.7z
[ error ] [0]模板文件不存在:/data/wwwroot/tool.ruyo.net/application/index/view/index/ruyo.html
---------------------------------------------------------------

[2022-03-25T23:39:44+08:00] 175.178.84.120 HEAD tool.ruyo.net/ruyo.rar
[ error ] [0]模板文件不存在:/data/wwwroot/tool.ruyo.net/application/index/view/index/ruyo.html
---------------------------------------------------------------

[2022-03-25T23:39:44+08:00] 175.178.84.120 HEAD tool.ruyo.net/ruyo.zip
[ error ] [0]模板文件不存在:/data/wwwroot/tool.ruyo.net/application/index/view/index/ruyo.html
---------------------------------------------------------------

[2022-03-25T23:39:45+08:00] 175.178.84.120 HEAD tool.ruyo.net/ruyo.tar.gz
[ error ] [0]模板文件不存在:/data/wwwroot/tool.ruyo.net/application/index/view/index/ruyo.html
---------------------------------------------------------------

[2022-03-25T23:39:45+08:00] 175.178.84.120 HEAD tool.ruyo.net/ruyo.7z
[ error ] [0]模板文件不存在:/data/wwwroot/tool.ruyo.net/application/index/view/index/ruyo.html
---------------------------------------------------------------

[2022-03-25T23:39:45+08:00] 175.178.84.120 HEAD tool.ruyo.net/ruyowww.zip
[ error ] [0]模板文件不存在:/data/wwwroot/tool.ruyo.net/application/index/view/index/ruyowww.html
---------------------------------------------------------------

[2022-03-25T23:39:45+08:00] 175.178.84.120 HEAD tool.ruyo.net/ruyowww.rar
[ error ] [0]模板文件不存在:/data/wwwroot/tool.ruyo.net/application/index/view/index/ruyowww.html
---------------------------------------------------------------

[2022-03-25T23:39:45+08:00] 175.178.84.120 HEAD tool.ruyo.net/ruyowww.tar.gz
[ error ] [0]模板文件不存在:/data/wwwroot/tool.ruyo.net/application/index/view/index/ruyowww.html
---------------------------------------------------------------

[2022-03-25T23:39:45+08:00] 175.178.84.120 HEAD tool.ruyo.net/ruyowww.7z
[ error ] [0]模板文件不存在:/data/wwwroot/tool.ruyo.net/application/index/view/index/ruyowww.html
---------------------------------------------------------------

[2022-03-25T23:39:45+08:00] 175.178.84.120 HEAD tool.ruyo.net/ruyoweb.rar
[ error ] [0]模板文件不存在:/data/wwwroot/tool.ruyo.net/application/index/view/index/ruyoweb.html
---------------------------------------------------------------

[2022-03-25T23:39:45+08:00] 175.178.84.120 HEAD tool.ruyo.net/ruyoweb.zip
[ error ] [0]模板文件不存在:/data/wwwroot/tool.ruyo.net/application/index/view/index/ruyoweb.html
---------------------------------------------------------------

[2022-03-25T23:39:45+08:00] 175.178.84.120 HEAD tool.ruyo.net/ruyoweb.tar.gz
[ error ] [0]模板文件不存在:/data/wwwroot/tool.ruyo.net/application/index/view/index/ruyoweb.html
---------------------------------------------------------------

[2022-03-25T23:39:45+08:00] 175.178.84.120 HEAD tool.ruyo.net/ruyoweb.7z
[ error ] [0]模板文件不存在:/data/wwwroot/tool.ruyo.net/application/index/view/index/ruyoweb.html
---------------------------------------------------------------

[2022-03-25T23:39:45+08:00] 175.178.84.120 HEAD tool.ruyo.net/ruyowwwroot.zip
[ error ] [0]模板文件不存在:/data/wwwroot/tool.ruyo.net/application/index/view/index/ruyowwwroot.html
---------------------------------------------------------------

[2022-03-25T23:39:45+08:00] 175.178.84.120 HEAD tool.ruyo.net/ruyowwwroot.rar
[ error ] [0]模板文件不存在:/data/wwwroot/tool.ruyo.net/application/index/view/index/ruyowwwroot.html
---------------------------------------------------------------

[2022-03-25T23:39:45+08:00] 175.178.84.120 HEAD tool.ruyo.net/ruyowwwroot.tar.gz
[ error ] [0]模板文件不存在:/data/wwwroot/tool.ruyo.net/application/index/view/index/ruyowwwroot.html
---------------------------------------------------------------

[2022-03-25T23:39:46+08:00] 175.178.84.120 HEAD tool.ruyo.net/ruyowwwroot.7z
[ error ] [0]模板文件不存在:/data/wwwroot/tool.ruyo.net/application/index/view/index/ruyowwwroot.html
---------------------------------------------------------------

[2022-03-25T23:39:46+08:00] 175.178.84.120 HEAD tool.ruyo.net/www.rar
[ error ] [0]模板文件不存在:/data/wwwroot/tool.ruyo.net/application/index/view/index/www.html
---------------------------------------------------------------

[2022-03-25T23:39:46+08:00] 175.178.84.120 HEAD tool.ruyo.net/www.zip
[ error ] [0]模板文件不存在:/data/wwwroot/tool.ruyo.net/application/index/view/index/www.html
---------------------------------------------------------------

[2022-03-25T23:39:46+08:00] 175.178.84.120 HEAD tool.ruyo.net/www.tar.gz
[ error ] [0]模板文件不存在:/data/wwwroot/tool.ruyo.net/application/index/view/index/www.html
---------------------------------------------------------------

[2022-03-25T23:39:46+08:00] 175.178.84.120 HEAD tool.ruyo.net/www.7z
[ error ] [0]模板文件不存在:/data/wwwroot/tool.ruyo.net/application/index/view/index/www.html
---------------------------------------------------------------

[2022-03-25T23:39:46+08:00] 175.178.84.120 HEAD tool.ruyo.net/web.rar
[ error ] [0]模板文件不存在:/data/wwwroot/tool.ruyo.net/application/index/view/index/web.html
---------------------------------------------------------------

[2022-03-25T23:39:46+08:00] 175.178.84.120 HEAD tool.ruyo.net/web.zip
[ error ] [0]模板文件不存在:/data/wwwroot/tool.ruyo.net/application/index/view/index/web.html
---------------------------------------------------------------

[2022-03-25T23:39:46+08:00] 175.178.84.120 HEAD tool.ruyo.net/web.tar.gz
[ error ] [0]模板文件不存在:/data/wwwroot/tool.ruyo.net/application/index/view/index/web.html
---------------------------------------------------------------

[2022-03-25T23:39:46+08:00] 175.178.84.120 HEAD tool.ruyo.net/web.tar.7z
[ error ] [0]模板文件不存在:/data/wwwroot/tool.ruyo.net/application/index/view/index/web.html
---------------------------------------------------------------

[2022-03-25T23:39:46+08:00] 175.178.84.120 HEAD tool.ruyo.net/wwwroot.rar
[ error ] [0]模板文件不存在:/data/wwwroot/tool.ruyo.net/application/index/view/index/wwwroot.html
---------------------------------------------------------------

[2022-03-25T23:39:46+08:00] 175.178.84.120 HEAD tool.ruyo.net/wwwroot.zip
[ error ] [0]模板文件不存在:/data/wwwroot/tool.ruyo.net/application/index/view/index/wwwroot.html
---------------------------------------------------------------

[2022-03-25T23:39:46+08:00] 175.178.84.120 HEAD tool.ruyo.net/wwwroot.tar.gz
[ error ] [0]模板文件不存在:/data/wwwroot/tool.ruyo.net/application/index/view/index/wwwroot.html
---------------------------------------------------------------

[2022-03-25T23:39:46+08:00] 175.178.84.120 HEAD tool.ruyo.net/wwwroot.7z
[ error ] [0]模板文件不存在:/data/wwwroot/tool.ruyo.net/application/index/view/index/wwwroot.html
---------------------------------------------------------------

[2022-03-25T23:39:46+08:00] 175.178.84.120 HEAD tool.ruyo.net/website.rar
[ error ] [0]模板文件不存在:/data/wwwroot/tool.ruyo.net/application/index/view/index/website.html
---------------------------------------------------------------

[2022-03-25T23:39:47+08:00] 175.178.84.120 HEAD tool.ruyo.net/website.zip
[ error ] [0]模板文件不存在:/data/wwwroot/tool.ruyo.net/application/index/view/index/website.html
---------------------------------------------------------------

[2022-03-25T23:39:47+08:00] 175.178.84.120 HEAD tool.ruyo.net/website.tar.gz
[ error ] [0]模板文件不存在:/data/wwwroot/tool.ruyo.net/application/index/view/index/website.html
---------------------------------------------------------------

[2022-03-25T23:39:47+08:00] 175.178.84.120 HEAD tool.ruyo.net/website1.7z
[ error ] [0]模板文件不存在:/data/wwwroot/tool.ruyo.net/application/index/view/index/website1.html
---------------------------------------------------------------

[2022-03-25T23:39:47+08:00] 175.178.84.120 HEAD tool.ruyo.net/website1.rar
[ error ] [0]模板文件不存在:/data/wwwroot/tool.ruyo.net/application/index/view/index/website1.html
---------------------------------------------------------------

[2022-03-25T23:39:47+08:00] 175.178.84.120 HEAD tool.ruyo.net/website1.zip
[ error ] [0]模板文件不存在:/data/wwwroot/tool.ruyo.net/application/index/view/index/website1.html
---------------------------------------------------------------

[2022-03-25T23:39:47+08:00] 175.178.84.120 HEAD tool.ruyo.net/website1.tar.gz
[ error ] [0]模板文件不存在:/data/wwwroot/tool.ruyo.net/application/index/view/index/website1.html
---------------------------------------------------------------

[2022-03-25T23:39:47+08:00] 175.178.84.120 HEAD tool.ruyo.net/website1.7z
[ error ] [0]模板文件不存在:/data/wwwroot/tool.ruyo.net/application/index/view/index/website1.html
---------------------------------------------------------------

[2022-03-25T23:39:48+08:00] 175.178.84.120 HEAD tool.ruyo.net/yuanma.zip
[ error ] [0]模板文件不存在:/data/wwwroot/tool.ruyo.net/application/index/view/index/yuanma.html
---------------------------------------------------------------

[2022-03-25T23:39:48+08:00] 175.178.84.120 HEAD tool.ruyo.net/yuanma.rar
[ error ] [0]模板文件不存在:/data/wwwroot/tool.ruyo.net/application/index/view/index/yuanma.html
---------------------------------------------------------------

[2022-03-25T23:39:48+08:00] 175.178.84.120 HEAD tool.ruyo.net/yuanma.tar.gz
[ error ] [0]模板文件不存在:/data/wwwroot/tool.ruyo.net/application/index/view/index/yuanma.html
---------------------------------------------------------------

[2022-03-25T23:39:48+08:00] 175.178.84.120 HEAD tool.ruyo.net/yuanma.7z
[ error ] [0]模板文件不存在:/data/wwwroot/tool.ruyo.net/application/index/view/index/yuanma.html
---------------------------------------------------------------

[2022-03-25T23:39:48+08:00] 175.178.84.120 HEAD tool.ruyo.net/beifen.rar
[ error ] [0]模板文件不存在:/data/wwwroot/tool.ruyo.net/application/index/view/index/beifen.html
---------------------------------------------------------------

[2022-03-25T23:39:48+08:00] 175.178.84.120 HEAD tool.ruyo.net/beifen.zip
[ error ] [0]模板文件不存在:/data/wwwroot/tool.ruyo.net/application/index/view/index/beifen.html
---------------------------------------------------------------

[2022-03-25T23:39:48+08:00] 175.178.84.120 HEAD tool.ruyo.net/beifen.tar.gz
[ error ] [0]模板文件不存在:/data/wwwroot/tool.ruyo.net/application/index/view/index/beifen.html
---------------------------------------------------------------

[2022-03-25T23:39:48+08:00] 175.178.84.120 HEAD tool.ruyo.net/beifen.7z
[ error ] [0]模板文件不存在:/data/wwwroot/tool.ruyo.net/application/index/view/index/beifen.html
---------------------------------------------------------------

[2022-03-25T23:39:48+08:00] 175.178.84.120 HEAD tool.ruyo.net/backup.rar
[ error ] [0]模板文件不存在:/data/wwwroot/tool.ruyo.net/application/index/view/index/backup.html
---------------------------------------------------------------

[2022-03-25T23:39:48+08:00] 175.178.84.120 HEAD tool.ruyo.net/backup.zip
[ error ] [0]模板文件不存在:/data/wwwroot/tool.ruyo.net/application/index/view/index/backup.html
---------------------------------------------------------------

[2022-03-25T23:39:48+08:00] 175.178.84.120 HEAD tool.ruyo.net/backup.tar.gz
[ error ] [0]模板文件不存在:/data/wwwroot/tool.ruyo.net/application/index/view/index/backup.html
---------------------------------------------------------------

[2022-03-25T23:39:49+08:00] 175.178.84.120 HEAD tool.ruyo.net/backup.7z
[ error ] [0]模板文件不存在:/data/wwwroot/tool.ruyo.net/application/index/view/index/backup.html
---------------------------------------------------------------

[2022-03-25T23:39:49+08:00] 175.178.84.120 HEAD tool.ruyo.net/bf.tar.gz
[ error ] [0]模板文件不存在:/data/wwwroot/tool.ruyo.net/application/index/view/index/bf.html
---------------------------------------------------------------

[2022-03-25T23:39:49+08:00] 175.178.84.120 HEAD tool.ruyo.net/bf.rar
[ error ] [0]模板文件不存在:/data/wwwroot/tool.ruyo.net/application/index/view/index/bf.html
---------------------------------------------------------------

[2022-03-25T23:39:49+08:00] 175.178.84.120 HEAD tool.ruyo.net/bf.zip
[ error ] [0]模板文件不存在:/data/wwwroot/tool.ruyo.net/application/index/view/index/bf.html
---------------------------------------------------------------

[2022-03-25T23:39:49+08:00] 175.178.84.120 HEAD tool.ruyo.net/bf.7z
[ error ] [0]模板文件不存在:/data/wwwroot/tool.ruyo.net/application/index/view/index/bf.html
