---------------------------------------------------------------

[2022-03-26T00:20:55+08:00] 60.195.62.94 GET tool.ruyo.net/static/style/fonts/glyphicons-halflings-regular.eot?
[ error ] [0]模板文件不存在:/data/wwwroot/tool.ruyo.net/application/index/view/index/static.html
---------------------------------------------------------------

[2022-03-26T00:59:13+08:00] 218.23.208.98 GET tool.ruyo.net/static/style/fonts/glyphicons-halflings-regular.eot?
[ error ] [0]模板文件不存在:/data/wwwroot/tool.ruyo.net/application/index/view/index/static.html
---------------------------------------------------------------

[2022-03-26T01:23:47+08:00] 60.207.247.17 GET tool.ruyo.net/static/style/fonts/glyphicons-halflings-regular.eot?
[ error ] [0]模板文件不存在:/data/wwwroot/tool.ruyo.net/application/index/view/index/static.html
---------------------------------------------------------------

[2022-03-26T03:12:29+08:00] 157.55.39.89 GET tool.ruyo.net/19.html
[ error ] [0]模板文件不存在:/data/wwwroot/tool.ruyo.net/application/index/view/index/19.html
---------------------------------------------------------------

[2022-03-26T03:52:22+08:00] 157.55.39.89 GET tool.ruyo.net/12.html
[ error ] [0]模板文件不存在:/data/wwwroot/tool.ruyo.net/application/index/view/index/12.html
---------------------------------------------------------------

[2022-03-26T05:15:26+08:00] 36.161.107.245 POST tool.ruyo.net/favicon/
[ error ] [8]未定义变量: icANDmask
[ error ] [8]未定义数组下标: 0
[ error ] [8]未定义数组下标: 31
[ error ] [8]未定义数组下标: 30
[ error ] [8]未定义数组下标: 29
[ error ] [8]未定义数组下标: 28
[ error ] [8]未定义数组下标: 27
[ error ] [8]未定义数组下标: 26
[ error ] [8]未定义数组下标: 25
[ error ] [8]未定义数组下标: 24
[ error ] [8]未定义数组下标: 23
[ error ] [8]未定义数组下标: 22
[ error ] [8]未定义数组下标: 21
[ error ] [8]未定义数组下标: 20
[ error ] [8]未定义数组下标: 19
[ error ] [8]未定义数组下标: 18
[ error ] [8]未定义数组下标: 17
[ error ] [8]未定义数组下标: 16
[ error ] [8]未定义数组下标: 15
[ error ] [8]未定义数组下标: 14
[ error ] [8]未定义数组下标: 13
[ error ] [8]未定义数组下标: 12
[ error ] [8]未定义数组下标: 11
[ error ] [8]未定义数组下标: 10
[ error ] [8]未定义数组下标: 9
[ error ] [8]未定义数组下标: 8
[ error ] [8]未定义数组下标: 7
[ error ] [8]未定义数组下标: 6
[ error ] [8]未定义数组下标: 5
[ error ] [8]未定义数组下标: 4
[ error ] [8]未定义数组下标: 3
[ error ] [8]未定义数组下标: 2
[ error ] [8]未定义数组下标: 1
[ error ] [8]未定义数组下标: 0
---------------------------------------------------------------

[2022-03-26T05:56:42+08:00] 36.161.107.245 POST tool.ruyo.net/favicon/
[ error ] [8]未定义变量: icANDmask
[ error ] [8]未定义数组下标: 0
[ error ] [8]未定义数组下标: 31
[ error ] [8]未定义数组下标: 30
[ error ] [8]未定义数组下标: 29
[ error ] [8]未定义数组下标: 28
[ error ] [8]未定义数组下标: 27
[ error ] [8]未定义数组下标: 26
[ error ] [8]未定义数组下标: 25
[ error ] [8]未定义数组下标: 24
[ error ] [8]未定义数组下标: 23
[ error ] [8]未定义数组下标: 22
[ error ] [8]未定义数组下标: 21
[ error ] [8]未定义数组下标: 20
[ error ] [8]未定义数组下标: 19
[ error ] [8]未定义数组下标: 18
[ error ] [8]未定义数组下标: 17
[ error ] [8]未定义数组下标: 16
[ error ] [8]未定义数组下标: 15
[ error ] [8]未定义数组下标: 14
[ error ] [8]未定义数组下标: 13
[ error ] [8]未定义数组下标: 12
[ error ] [8]未定义数组下标: 11
[ error ] [8]未定义数组下标: 10
[ error ] [8]未定义数组下标: 9
[ error ] [8]未定义数组下标: 8
[ error ] [8]未定义数组下标: 7
[ error ] [8]未定义数组下标: 6
[ error ] [8]未定义数组下标: 5
[ error ] [8]未定义数组下标: 4
[ error ] [8]未定义数组下标: 3
[ error ] [8]未定义数组下标: 2
[ error ] [8]未定义数组下标: 1
[ error ] [8]未定义数组下标: 0
---------------------------------------------------------------

[2022-03-26T05:57:07+08:00] 36.161.107.245 POST tool.ruyo.net/favicon/
[ error ] [8]未定义变量: icANDmask
[ error ] [8]未定义数组下标: 0
[ error ] [8]未定义数组下标: 47
[ error ] [8]未定义数组下标: 46
[ error ] [8]未定义数组下标: 45
[ error ] [8]未定义数组下标: 44
[ error ] [8]未定义数组下标: 43
[ error ] [8]未定义数组下标: 42
[ error ] [8]未定义数组下标: 41
[ error ] [8]未定义数组下标: 40
[ error ] [8]未定义数组下标: 39
[ error ] [8]未定义数组下标: 38
[ error ] [8]未定义数组下标: 37
[ error ] [8]未定义数组下标: 36
[ error ] [8]未定义数组下标: 35
[ error ] [8]未定义数组下标: 34
[ error ] [8]未定义数组下标: 33
[ error ] [8]未定义数组下标: 32
[ error ] [8]未定义数组下标: 31
[ error ] [8]未定义数组下标: 30
[ error ] [8]未定义数组下标: 29
[ error ] [8]未定义数组下标: 28
[ error ] [8]未定义数组下标: 27
[ error ] [8]未定义数组下标: 26
[ error ] [8]未定义数组下标: 25
[ error ] [8]未定义数组下标: 24
[ error ] [8]未定义数组下标: 23
[ error ] [8]未定义数组下标: 22
[ error ] [8]未定义数组下标: 21
[ error ] [8]未定义数组下标: 20
[ error ] [8]未定义数组下标: 19
[ error ] [8]未定义数组下标: 18
[ error ] [8]未定义数组下标: 17
[ error ] [8]未定义数组下标: 16
[ error ] [8]未定义数组下标: 15
[ error ] [8]未定义数组下标: 14
[ error ] [8]未定义数组下标: 13
[ error ] [8]未定义数组下标: 12
[ error ] [8]未定义数组下标: 11
[ error ] [8]未定义数组下标: 10
[ error ] [8]未定义数组下标: 9
[ error ] [8]未定义数组下标: 8
[ error ] [8]未定义数组下标: 7
[ error ] [8]未定义数组下标: 6
[ error ] [8]未定义数组下标: 5
[ error ] [8]未定义数组下标: 4
[ error ] [8]未定义数组下标: 3
[ error ] [8]未定义数组下标: 2
[ error ] [8]未定义数组下标: 1
[ error ] [8]未定义数组下标: 0
---------------------------------------------------------------

[2022-03-26T05:57:25+08:00] 36.161.107.245 POST tool.ruyo.net/favicon/
[ error ] [8]未定义变量: icANDmask
[ error ] [8]未定义数组下标: 0
[ error ] [8]未定义数组下标: 63
[ error ] [8]未定义数组下标: 62
[ error ] [8]未定义数组下标: 61
[ error ] [8]未定义数组下标: 60
[ error ] [8]未定义数组下标: 59
[ error ] [8]未定义数组下标: 58
[ error ] [8]未定义数组下标: 57
[ error ] [8]未定义数组下标: 56
[ error ] [8]未定义数组下标: 55
[ error ] [8]未定义数组下标: 54
[ error ] [8]未定义数组下标: 53
[ error ] [8]未定义数组下标: 52
[ error ] [8]未定义数组下标: 51
[ error ] [8]未定义数组下标: 50
[ error ] [8]未定义数组下标: 49
[ error ] [8]未定义数组下标: 48
[ error ] [8]未定义数组下标: 47
[ error ] [8]未定义数组下标: 46
[ error ] [8]未定义数组下标: 45
[ error ] [8]未定义数组下标: 44
[ error ] [8]未定义数组下标: 43
[ error ] [8]未定义数组下标: 42
[ error ] [8]未定义数组下标: 41
[ error ] [8]未定义数组下标: 40
[ error ] [8]未定义数组下标: 39
[ error ] [8]未定义数组下标: 38
[ error ] [8]未定义数组下标: 37
[ error ] [8]未定义数组下标: 36
[ error ] [8]未定义数组下标: 35
[ error ] [8]未定义数组下标: 34
[ error ] [8]未定义数组下标: 33
[ error ] [8]未定义数组下标: 32
[ error ] [8]未定义数组下标: 31
[ error ] [8]未定义数组下标: 30
[ error ] [8]未定义数组下标: 29
[ error ] [8]未定义数组下标: 28
[ error ] [8]未定义数组下标: 27
[ error ] [8]未定义数组下标: 26
[ error ] [8]未定义数组下标: 25
[ error ] [8]未定义数组下标: 24
[ error ] [8]未定义数组下标: 23
[ error ] [8]未定义数组下标: 22
[ error ] [8]未定义数组下标: 21
[ error ] [8]未定义数组下标: 20
[ error ] [8]未定义数组下标: 19
[ error ] [8]未定义数组下标: 18
[ error ] [8]未定义数组下标: 17
[ error ] [8]未定义数组下标: 16
[ error ] [8]未定义数组下标: 15
[ error ] [8]未定义数组下标: 14
[ error ] [8]未定义数组下标: 13
[ error ] [8]未定义数组下标: 12
[ error ] [8]未定义数组下标: 11
[ error ] [8]未定义数组下标: 10
[ error ] [8]未定义数组下标: 9
[ error ] [8]未定义数组下标: 8
[ error ] [8]未定义数组下标: 7
[ error ] [8]未定义数组下标: 6
[ error ] [8]未定义数组下标: 5
[ error ] [8]未定义数组下标: 4
[ error ] [8]未定义数组下标: 3
[ error ] [8]未定义数组下标: 2
[ error ] [8]未定义数组下标: 1
[ error ] [8]未定义数组下标: 0
---------------------------------------------------------------

[2022-03-26T05:57:51+08:00] 36.161.107.245 POST tool.ruyo.net/favicon/
[ error ] [8]未定义变量: icANDmask
[ error ] [8]未定义数组下标: 0
[ error ] [8]未定义数组下标: 63
[ error ] [8]未定义数组下标: 62
[ error ] [8]未定义数组下标: 61
[ error ] [8]未定义数组下标: 60
[ error ] [8]未定义数组下标: 59
[ error ] [8]未定义数组下标: 58
[ error ] [8]未定义数组下标: 57
[ error ] [8]未定义数组下标: 56
[ error ] [8]未定义数组下标: 55
[ error ] [8]未定义数组下标: 54
[ error ] [8]未定义数组下标: 53
[ error ] [8]未定义数组下标: 52
[ error ] [8]未定义数组下标: 51
[ error ] [8]未定义数组下标: 50
[ error ] [8]未定义数组下标: 49
[ error ] [8]未定义数组下标: 48
[ error ] [8]未定义数组下标: 47
[ error ] [8]未定义数组下标: 46
[ error ] [8]未定义数组下标: 45
[ error ] [8]未定义数组下标: 44
[ error ] [8]未定义数组下标: 43
[ error ] [8]未定义数组下标: 42
[ error ] [8]未定义数组下标: 41
[ error ] [8]未定义数组下标: 40
[ error ] [8]未定义数组下标: 39
[ error ] [8]未定义数组下标: 38
[ error ] [8]未定义数组下标: 37
[ error ] [8]未定义数组下标: 36
[ error ] [8]未定义数组下标: 35
[ error ] [8]未定义数组下标: 34
[ error ] [8]未定义数组下标: 33
[ error ] [8]未定义数组下标: 32
[ error ] [8]未定义数组下标: 31
[ error ] [8]未定义数组下标: 30
[ error ] [8]未定义数组下标: 29
[ error ] [8]未定义数组下标: 28
[ error ] [8]未定义数组下标: 27
[ error ] [8]未定义数组下标: 26
[ error ] [8]未定义数组下标: 25
[ error ] [8]未定义数组下标: 24
[ error ] [8]未定义数组下标: 23
[ error ] [8]未定义数组下标: 22
[ error ] [8]未定义数组下标: 21
[ error ] [8]未定义数组下标: 20
[ error ] [8]未定义数组下标: 19
[ error ] [8]未定义数组下标: 18
[ error ] [8]未定义数组下标: 17
[ error ] [8]未定义数组下标: 16
[ error ] [8]未定义数组下标: 15
[ error ] [8]未定义数组下标: 14
[ error ] [8]未定义数组下标: 13
[ error ] [8]未定义数组下标: 12
[ error ] [8]未定义数组下标: 11
[ error ] [8]未定义数组下标: 10
[ error ] [8]未定义数组下标: 9
[ error ] [8]未定义数组下标: 8
[ error ] [8]未定义数组下标: 7
[ error ] [8]未定义数组下标: 6
[ error ] [8]未定义数组下标: 5
[ error ] [8]未定义数组下标: 4
[ error ] [8]未定义数组下标: 3
[ error ] [8]未定义数组下标: 2
[ error ] [8]未定义数组下标: 1
[ error ] [8]未定义数组下标: 0
---------------------------------------------------------------

[2022-03-26T06:00:23+08:00] 36.161.107.245 POST tool.ruyo.net/favicon/
[ error ] [8]未定义变量: icANDmask
[ error ] [8]未定义数组下标: 0
[ error ] [8]未定义数组下标: 63
[ error ] [8]未定义数组下标: 62
[ error ] [8]未定义数组下标: 61
[ error ] [8]未定义数组下标: 60
[ error ] [8]未定义数组下标: 59
[ error ] [8]未定义数组下标: 58
[ error ] [8]未定义数组下标: 57
[ error ] [8]未定义数组下标: 56
[ error ] [8]未定义数组下标: 55
[ error ] [8]未定义数组下标: 54
[ error ] [8]未定义数组下标: 53
[ error ] [8]未定义数组下标: 52
[ error ] [8]未定义数组下标: 51
[ error ] [8]未定义数组下标: 50
[ error ] [8]未定义数组下标: 49
[ error ] [8]未定义数组下标: 48
[ error ] [8]未定义数组下标: 47
[ error ] [8]未定义数组下标: 46
[ error ] [8]未定义数组下标: 45
[ error ] [8]未定义数组下标: 44
[ error ] [8]未定义数组下标: 43
[ error ] [8]未定义数组下标: 42
[ error ] [8]未定义数组下标: 41
[ error ] [8]未定义数组下标: 40
[ error ] [8]未定义数组下标: 39
[ error ] [8]未定义数组下标: 38
[ error ] [8]未定义数组下标: 37
[ error ] [8]未定义数组下标: 36
[ error ] [8]未定义数组下标: 35
[ error ] [8]未定义数组下标: 34
[ error ] [8]未定义数组下标: 33
[ error ] [8]未定义数组下标: 32
[ error ] [8]未定义数组下标: 31
[ error ] [8]未定义数组下标: 30
[ error ] [8]未定义数组下标: 29
[ error ] [8]未定义数组下标: 28
[ error ] [8]未定义数组下标: 27
[ error ] [8]未定义数组下标: 26
[ error ] [8]未定义数组下标: 25
[ error ] [8]未定义数组下标: 24
[ error ] [8]未定义数组下标: 23
[ error ] [8]未定义数组下标: 22
[ error ] [8]未定义数组下标: 21
[ error ] [8]未定义数组下标: 20
[ error ] [8]未定义数组下标: 19
[ error ] [8]未定义数组下标: 18
[ error ] [8]未定义数组下标: 17
[ error ] [8]未定义数组下标: 16
[ error ] [8]未定义数组下标: 15
[ error ] [8]未定义数组下标: 14
[ error ] [8]未定义数组下标: 13
[ error ] [8]未定义数组下标: 12
[ error ] [8]未定义数组下标: 11
[ error ] [8]未定义数组下标: 10
[ error ] [8]未定义数组下标: 9
[ error ] [8]未定义数组下标: 8
[ error ] [8]未定义数组下标: 7
[ error ] [8]未定义数组下标: 6
[ error ] [8]未定义数组下标: 5
[ error ] [8]未定义数组下标: 4
[ error ] [8]未定义数组下标: 3
[ error ] [8]未定义数组下标: 2
[ error ] [8]未定义数组下标: 1
[ error ] [8]未定义数组下标: 0
---------------------------------------------------------------

[2022-03-26T06:01:47+08:00] 36.161.107.245 POST tool.ruyo.net/favicon/
[ error ] [8]未定义变量: icANDmask
[ error ] [8]未定义数组下标: 0
[ error ] [8]未定义数组下标: 63
[ error ] [8]未定义数组下标: 62
[ error ] [8]未定义数组下标: 61
[ error ] [8]未定义数组下标: 60
[ error ] [8]未定义数组下标: 59
[ error ] [8]未定义数组下标: 58
[ error ] [8]未定义数组下标: 57
[ error ] [8]未定义数组下标: 56
[ error ] [8]未定义数组下标: 55
[ error ] [8]未定义数组下标: 54
[ error ] [8]未定义数组下标: 53
[ error ] [8]未定义数组下标: 52
[ error ] [8]未定义数组下标: 51
[ error ] [8]未定义数组下标: 50
[ error ] [8]未定义数组下标: 49
[ error ] [8]未定义数组下标: 48
[ error ] [8]未定义数组下标: 47
[ error ] [8]未定义数组下标: 46
[ error ] [8]未定义数组下标: 45
[ error ] [8]未定义数组下标: 44
[ error ] [8]未定义数组下标: 43
[ error ] [8]未定义数组下标: 42
[ error ] [8]未定义数组下标: 41
[ error ] [8]未定义数组下标: 40
[ error ] [8]未定义数组下标: 39
[ error ] [8]未定义数组下标: 38
[ error ] [8]未定义数组下标: 37
[ error ] [8]未定义数组下标: 36
[ error ] [8]未定义数组下标: 35
[ error ] [8]未定义数组下标: 34
[ error ] [8]未定义数组下标: 33
[ error ] [8]未定义数组下标: 32
[ error ] [8]未定义数组下标: 31
[ error ] [8]未定义数组下标: 30
[ error ] [8]未定义数组下标: 29
[ error ] [8]未定义数组下标: 28
[ error ] [8]未定义数组下标: 27
[ error ] [8]未定义数组下标: 26
[ error ] [8]未定义数组下标: 25
[ error ] [8]未定义数组下标: 24
[ error ] [8]未定义数组下标: 23
[ error ] [8]未定义数组下标: 22
[ error ] [8]未定义数组下标: 21
[ error ] [8]未定义数组下标: 20
[ error ] [8]未定义数组下标: 19
[ error ] [8]未定义数组下标: 18
[ error ] [8]未定义数组下标: 17
[ error ] [8]未定义数组下标: 16
[ error ] [8]未定义数组下标: 15
[ error ] [8]未定义数组下标: 14
[ error ] [8]未定义数组下标: 13
[ error ] [8]未定义数组下标: 12
[ error ] [8]未定义数组下标: 11
[ error ] [8]未定义数组下标: 10
[ error ] [8]未定义数组下标: 9
[ error ] [8]未定义数组下标: 8
[ error ] [8]未定义数组下标: 7
[ error ] [8]未定义数组下标: 6
[ error ] [8]未定义数组下标: 5
[ error ] [8]未定义数组下标: 4
[ error ] [8]未定义数组下标: 3
[ error ] [8]未定义数组下标: 2
[ error ] [8]未定义数组下标: 1
[ error ] [8]未定义数组下标: 0
---------------------------------------------------------------

[2022-03-26T06:25:07+08:00] 157.55.39.89 GET tool.ruyo.net/12.html
[ error ] [0]模板文件不存在:/data/wwwroot/tool.ruyo.net/application/index/view/index/12.html
---------------------------------------------------------------

[2022-03-26T06:41:18+08:00] 112.114.106.249 HEAD tool.ruyo.net/wwwroot.rar
[ error ] [0]模板文件不存在:/data/wwwroot/tool.ruyo.net/application/index/view/index/wwwroot.html
---------------------------------------------------------------

[2022-03-26T06:41:18+08:00] 112.114.106.249 HEAD tool.ruyo.net/wwwroot.zip
[ error ] [0]模板文件不存在:/data/wwwroot/tool.ruyo.net/application/index/view/index/wwwroot.html
---------------------------------------------------------------

[2022-03-26T06:41:18+08:00] 112.114.106.249 HEAD tool.ruyo.net/www.rar
[ error ] [0]模板文件不存在:/data/wwwroot/tool.ruyo.net/application/index/view/index/www.html
---------------------------------------------------------------

[2022-03-26T06:41:19+08:00] 112.114.106.249 HEAD tool.ruyo.net/www.zip
[ error ] [0]模板文件不存在:/data/wwwroot/tool.ruyo.net/application/index/view/index/www.html
---------------------------------------------------------------

[2022-03-26T06:41:19+08:00] 112.114.106.249 HEAD tool.ruyo.net/web.rar
[ error ] [0]模板文件不存在:/data/wwwroot/tool.ruyo.net/application/index/view/index/web.html
---------------------------------------------------------------

[2022-03-26T06:41:19+08:00] 112.114.106.249 HEAD tool.ruyo.net/web.zip
[ error ] [0]模板文件不存在:/data/wwwroot/tool.ruyo.net/application/index/view/index/web.html
---------------------------------------------------------------

[2022-03-26T06:41:19+08:00] 112.114.106.249 HEAD tool.ruyo.net/tool.ruyo.net.rar
[ error ] [0]模板文件不存在:/data/wwwroot/tool.ruyo.net/application/index/view/index/tool.html
---------------------------------------------------------------

[2022-03-26T06:41:19+08:00] 112.114.106.249 HEAD tool.ruyo.net/tool.ruyo.net.zip
[ error ] [0]模板文件不存在:/data/wwwroot/tool.ruyo.net/application/index/view/index/tool.html
---------------------------------------------------------------

[2022-03-26T06:41:19+08:00] 112.114.106.249 HEAD tool.ruyo.net/tool_ruyo_net.rar
[ error ] [0]模板文件不存在:/data/wwwroot/tool.ruyo.net/application/index/view/index/tool_ruyo_net.html
---------------------------------------------------------------

[2022-03-26T06:41:19+08:00] 112.114.106.249 HEAD tool.ruyo.net/tool_ruyo_net.zip
[ error ] [0]模板文件不存在:/data/wwwroot/tool.ruyo.net/application/index/view/index/tool_ruyo_net.html
---------------------------------------------------------------

[2022-03-26T06:41:19+08:00] 112.114.106.249 HEAD tool.ruyo.net/toolruyonet.rar
[ error ] [0]模板文件不存在:/data/wwwroot/tool.ruyo.net/application/index/view/index/toolruyonet.html
---------------------------------------------------------------

[2022-03-26T06:41:20+08:00] 112.114.106.249 HEAD tool.ruyo.net/toolruyonet.zip
[ error ] [0]模板文件不存在:/data/wwwroot/tool.ruyo.net/application/index/view/index/toolruyonet.html
---------------------------------------------------------------

[2022-03-26T06:41:20+08:00] 112.114.106.249 HEAD tool.ruyo.net/ruyo.net.rar
[ error ] [0]模板文件不存在:/data/wwwroot/tool.ruyo.net/application/index/view/index/ruyo.html
---------------------------------------------------------------

[2022-03-26T06:41:20+08:00] 112.114.106.249 HEAD tool.ruyo.net/ruyo.net.zip
[ error ] [0]模板文件不存在:/data/wwwroot/tool.ruyo.net/application/index/view/index/ruyo.html
---------------------------------------------------------------

[2022-03-26T06:41:20+08:00] 112.114.106.249 HEAD tool.ruyo.net/ruyo.rar
[ error ] [0]模板文件不存在:/data/wwwroot/tool.ruyo.net/application/index/view/index/ruyo.html
---------------------------------------------------------------

[2022-03-26T06:41:20+08:00] 112.114.106.249 HEAD tool.ruyo.net/ruyo.zip
[ error ] [0]模板文件不存在:/data/wwwroot/tool.ruyo.net/application/index/view/index/ruyo.html
---------------------------------------------------------------

[2022-03-26T06:41:20+08:00] 112.114.106.249 HEAD tool.ruyo.net/bbs.rar
[ error ] [0]模板文件不存在:/data/wwwroot/tool.ruyo.net/application/index/view/index/bbs.html
---------------------------------------------------------------

[2022-03-26T06:41:20+08:00] 112.114.106.249 HEAD tool.ruyo.net/bbs.zip
[ error ] [0]模板文件不存在:/data/wwwroot/tool.ruyo.net/application/index/view/index/bbs.html
---------------------------------------------------------------

[2022-03-26T06:41:21+08:00] 112.114.106.249 HEAD tool.ruyo.net/www.root.rar
[ error ] [0]模板文件不存在:/data/wwwroot/tool.ruyo.net/application/index/view/index/www.html
---------------------------------------------------------------

[2022-03-26T06:41:21+08:00] 112.114.106.249 HEAD tool.ruyo.net/www.root.zip
[ error ] [0]模板文件不存在:/data/wwwroot/tool.ruyo.net/application/index/view/index/www.html
---------------------------------------------------------------

[2022-03-26T06:41:21+08:00] 112.114.106.249 HEAD tool.ruyo.net/123.rar
[ error ] [0]模板文件不存在:/data/wwwroot/tool.ruyo.net/application/index/view/index/123.html
---------------------------------------------------------------

[2022-03-26T06:41:21+08:00] 112.114.106.249 HEAD tool.ruyo.net/123.zip
[ error ] [0]模板文件不存在:/data/wwwroot/tool.ruyo.net/application/index/view/index/123.html
---------------------------------------------------------------

[2022-03-26T06:41:21+08:00] 112.114.106.249 HEAD tool.ruyo.net/bak.rar
[ error ] [0]模板文件不存在:/data/wwwroot/tool.ruyo.net/application/index/view/index/bak.html
---------------------------------------------------------------

[2022-03-26T06:41:21+08:00] 112.114.106.249 HEAD tool.ruyo.net/bak.zip
[ error ] [0]模板文件不存在:/data/wwwroot/tool.ruyo.net/application/index/view/index/bak.html
---------------------------------------------------------------

[2022-03-26T07:56:43+08:00] 207.46.13.75 GET tool.ruyo.net/60000.html
[ error ] [0]模板文件不存在:/data/wwwroot/tool.ruyo.net/application/index/view/index/60000.html
---------------------------------------------------------------

[2022-03-26T08:44:09+08:00] 222.79.251.62 GET tool.ruyo.net/static/style/fonts/glyphicons-halflings-regular.eot?
[ error ] [0]模板文件不存在:/data/wwwroot/tool.ruyo.net/application/index/view/index/static.html
---------------------------------------------------------------

[2022-03-26T08:46:54+08:00] 222.79.251.62 GET tool.ruyo.net/static/style/fonts/glyphicons-halflings-regular.eot?
[ error ] [0]模板文件不存在:/data/wwwroot/tool.ruyo.net/application/index/view/index/static.html
---------------------------------------------------------------

[2022-03-26T08:49:03+08:00] 222.79.251.62 GET tool.ruyo.net/static/style/fonts/glyphicons-halflings-regular.eot?
[ error ] [0]模板文件不存在:/data/wwwroot/tool.ruyo.net/application/index/view/index/static.html
---------------------------------------------------------------

[2022-03-26T08:49:15+08:00] 222.79.251.62 GET tool.ruyo.net/static/style/fonts/glyphicons-halflings-regular.eot?
[ error ] [0]模板文件不存在:/data/wwwroot/tool.ruyo.net/application/index/view/index/static.html
---------------------------------------------------------------

[2022-03-26T09:11:47+08:00] 157.55.39.79 GET tool.ruyo.net/0.html
[ error ] [0]模板文件不存在:/data/wwwroot/tool.ruyo.net/application/index/view/index/0.html
---------------------------------------------------------------

[2022-03-26T11:14:43+08:00] 111.20.201.182 GET tool.ruyo.net/static/style/fonts/glyphicons-halflings-regular.eot?
[ error ] [0]模板文件不存在:/data/wwwroot/tool.ruyo.net/application/index/view/index/static.html
---------------------------------------------------------------

[2022-03-26T11:31:03+08:00] 113.8.85.156 GET tool.ruyo.net/static/style/fonts/glyphicons-halflings-regular.eot?
[ error ] [0]模板文件不存在:/data/wwwroot/tool.ruyo.net/application/index/view/index/static.html
---------------------------------------------------------------

[2022-03-26T11:31:40+08:00] 157.55.39.79 GET tool.ruyo.net/0.html
[ error ] [0]模板文件不存在:/data/wwwroot/tool.ruyo.net/application/index/view/index/0.html
---------------------------------------------------------------

[2022-03-26T12:30:21+08:00] 207.46.13.29 GET tool.ruyo.net/1.5.html
[ error ] [0]模板文件不存在:/data/wwwroot/tool.ruyo.net/application/index/view/index/1.html
---------------------------------------------------------------

[2022-03-26T13:31:58+08:00] 157.55.39.89 GET tool.ruyo.net/0.3.html
[ error ] [0]模板文件不存在:/data/wwwroot/tool.ruyo.net/application/index/view/index/0.html
---------------------------------------------------------------

[2022-03-26T15:33:10+08:00] 157.55.39.89 GET tool.ruyo.net/0.3.html
[ error ] [0]模板文件不存在:/data/wwwroot/tool.ruyo.net/application/index/view/index/0.html
---------------------------------------------------------------

[2022-03-26T20:21:17+08:00] 207.46.13.208 GET tool.ruyo.net/5000.html
[ error ] [0]模板文件不存在:/data/wwwroot/tool.ruyo.net/application/index/view/index/5000.html
---------------------------------------------------------------

[2022-03-26T20:35:35+08:00] 207.46.13.75 GET tool.ruyo.net/1.4.html
[ error ] [0]模板文件不存在:/data/wwwroot/tool.ruyo.net/application/index/view/index/1.html
---------------------------------------------------------------

[2022-03-26T23:09:12+08:00] 207.46.13.162 GET tool.ruyo.net/400.html
[ error ] [0]模板文件不存在:/data/wwwroot/tool.ruyo.net/application/index/view/index/400.html
