---------------------------------------------------------------

[2022-08-05T00:31:14+08:00] 157.90.181.219 GET tool.ruyo.net/sitemap
[ error ] [0]模板文件不存在:/data/wwwroot/tool.ruyo.net/application/index/view/index/sitemap.html
---------------------------------------------------------------

[2022-08-05T00:31:19+08:00] 157.90.181.219 GET tool.ruyo.net/sitemap.txt
[ error ] [0]模板文件不存在:/data/wwwroot/tool.ruyo.net/application/index/view/index/sitemap.html
---------------------------------------------------------------

[2022-08-05T01:56:54+08:00] 103.104.101.44 GET tool.ruyo.net/data/admin/allowurl.txt
[ error ] [0]模板文件不存在:/data/wwwroot/tool.ruyo.net/application/index/view/index/data.html
---------------------------------------------------------------

[2022-08-05T02:40:07+08:00] 222.186.43.66 GET tool.ruyo.net/data/admin/allowurl.txt
[ error ] [0]模板文件不存在:/data/wwwroot/tool.ruyo.net/application/index/view/index/data.html
---------------------------------------------------------------

[2022-08-05T02:54:14+08:00] 20.24.122.177 GET tool.ruyo.net/data/admin/allowurl.txt
[ error ] [0]模板文件不存在:/data/wwwroot/tool.ruyo.net/application/index/view/index/data.html
---------------------------------------------------------------

[2022-08-05T09:56:46+08:00] 121.4.172.153 GET tool.ruyo.net/templets/system/channel_list.htm
[ error ] [0]模板文件不存在:/data/wwwroot/tool.ruyo.net/application/index/view/index/templets.html
---------------------------------------------------------------

[2022-08-05T09:56:47+08:00] 121.4.172.153 GET tool.ruyo.net/comp/portalRouter
[ error ] [0]模板文件不存在:/data/wwwroot/tool.ruyo.net/application/index/view/index/comp.html
---------------------------------------------------------------

[2022-08-05T09:56:48+08:00] 121.4.172.153 GET tool.ruyo.net/A/t/tpl/admin.html
[ error ] [0]模板文件不存在:/data/wwwroot/tool.ruyo.net/application/index/view/index/A.html
---------------------------------------------------------------

[2022-08-05T09:56:50+08:00] 121.4.172.153 GET tool.ruyo.net/services/platform/validateCode.aspx
[ error ] [0]模板文件不存在:/data/wwwroot/tool.ruyo.net/application/index/view/index/services.html
---------------------------------------------------------------

[2022-08-05T14:55:26+08:00] 49.232.6.201 GET tool.ruyo.net/SiteFiles/SiteTemplates/sectest/include.aspx
[ error ] [0]模板文件不存在:/data/wwwroot/tool.ruyo.net/application/index/view/index/SiteFiles.html
---------------------------------------------------------------

[2022-08-05T15:50:53+08:00] 207.46.13.92 GET tool.ruyo.net/sitemap.xml
[ error ] [0]模板文件不存在:/data/wwwroot/tool.ruyo.net/application/index/view/index/sitemap.html
---------------------------------------------------------------

[2022-08-05T15:58:33+08:00] 180.165.130.159 POST tool.ruyo.net/favicon/
[ error ] [8]未定义变量: icANDmask
[ error ] [8]未定义数组下标: 0
[ error ] [8]未定义数组下标: 127
[ error ] [8]未定义数组下标: 126
[ error ] [8]未定义数组下标: 125
[ error ] [8]未定义数组下标: 124
[ error ] [8]未定义数组下标: 123
[ error ] [8]未定义数组下标: 122
[ error ] [8]未定义数组下标: 121
[ error ] [8]未定义数组下标: 120
[ error ] [8]未定义数组下标: 119
[ error ] [8]未定义数组下标: 118
[ error ] [8]未定义数组下标: 117
[ error ] [8]未定义数组下标: 116
[ error ] [8]未定义数组下标: 115
[ error ] [8]未定义数组下标: 114
[ error ] [8]未定义数组下标: 113
[ error ] [8]未定义数组下标: 112
[ error ] [8]未定义数组下标: 111
[ error ] [8]未定义数组下标: 110
[ error ] [8]未定义数组下标: 109
[ error ] [8]未定义数组下标: 108
[ error ] [8]未定义数组下标: 107
[ error ] [8]未定义数组下标: 106
[ error ] [8]未定义数组下标: 105
[ error ] [8]未定义数组下标: 104
[ error ] [8]未定义数组下标: 103
[ error ] [8]未定义数组下标: 102
[ error ] [8]未定义数组下标: 101
[ error ] [8]未定义数组下标: 100
[ error ] [8]未定义数组下标: 99
[ error ] [8]未定义数组下标: 98
[ error ] [8]未定义数组下标: 97
[ error ] [8]未定义数组下标: 96
[ error ] [8]未定义数组下标: 95
[ error ] [8]未定义数组下标: 94
[ error ] [8]未定义数组下标: 93
[ error ] [8]未定义数组下标: 92
[ error ] [8]未定义数组下标: 91
[ error ] [8]未定义数组下标: 90
[ error ] [8]未定义数组下标: 89
[ error ] [8]未定义数组下标: 88
[ error ] [8]未定义数组下标: 87
[ error ] [8]未定义数组下标: 86
[ error ] [8]未定义数组下标: 85
[ error ] [8]未定义数组下标: 84
[ error ] [8]未定义数组下标: 83
[ error ] [8]未定义数组下标: 82
[ error ] [8]未定义数组下标: 81
[ error ] [8]未定义数组下标: 80
[ error ] [8]未定义数组下标: 79
[ error ] [8]未定义数组下标: 78
[ error ] [8]未定义数组下标: 77
[ error ] [8]未定义数组下标: 76
[ error ] [8]未定义数组下标: 75
[ error ] [8]未定义数组下标: 74
[ error ] [8]未定义数组下标: 73
[ error ] [8]未定义数组下标: 72
[ error ] [8]未定义数组下标: 71
[ error ] [8]未定义数组下标: 70
[ error ] [8]未定义数组下标: 69
[ error ] [8]未定义数组下标: 68
[ error ] [8]未定义数组下标: 67
[ error ] [8]未定义数组下标: 66
[ error ] [8]未定义数组下标: 65
[ error ] [8]未定义数组下标: 64
[ error ] [8]未定义数组下标: 63
[ error ] [8]未定义数组下标: 62
[ error ] [8]未定义数组下标: 61
[ error ] [8]未定义数组下标: 60
[ error ] [8]未定义数组下标: 59
[ error ] [8]未定义数组下标: 58
[ error ] [8]未定义数组下标: 57
[ error ] [8]未定义数组下标: 56
[ error ] [8]未定义数组下标: 55
[ error ] [8]未定义数组下标: 54
[ error ] [8]未定义数组下标: 53
[ error ] [8]未定义数组下标: 52
[ error ] [8]未定义数组下标: 51
[ error ] [8]未定义数组下标: 50
[ error ] [8]未定义数组下标: 49
[ error ] [8]未定义数组下标: 48
[ error ] [8]未定义数组下标: 47
[ error ] [8]未定义数组下标: 46
[ error ] [8]未定义数组下标: 45
[ error ] [8]未定义数组下标: 44
[ error ] [8]未定义数组下标: 43
[ error ] [8]未定义数组下标: 42
[ error ] [8]未定义数组下标: 41
[ error ] [8]未定义数组下标: 40
[ error ] [8]未定义数组下标: 39
[ error ] [8]未定义数组下标: 38
[ error ] [8]未定义数组下标: 37
[ error ] [8]未定义数组下标: 36
[ error ] [8]未定义数组下标: 35
[ error ] [8]未定义数组下标: 34
[ error ] [8]未定义数组下标: 33
[ error ] [8]未定义数组下标: 32
[ error ] [8]未定义数组下标: 31
[ error ] [8]未定义数组下标: 30
[ error ] [8]未定义数组下标: 29
[ error ] [8]未定义数组下标: 28
[ error ] [8]未定义数组下标: 27
[ error ] [8]未定义数组下标: 26
[ error ] [8]未定义数组下标: 25
[ error ] [8]未定义数组下标: 24
[ error ] [8]未定义数组下标: 23
[ error ] [8]未定义数组下标: 22
[ error ] [8]未定义数组下标: 21
[ error ] [8]未定义数组下标: 20
[ error ] [8]未定义数组下标: 19
[ error ] [8]未定义数组下标: 18
[ error ] [8]未定义数组下标: 17
[ error ] [8]未定义数组下标: 16
[ error ] [8]未定义数组下标: 15
[ error ] [8]未定义数组下标: 14
[ error ] [8]未定义数组下标: 13
[ error ] [8]未定义数组下标: 12
[ error ] [8]未定义数组下标: 11
[ error ] [8]未定义数组下标: 10
[ error ] [8]未定义数组下标: 9
[ error ] [8]未定义数组下标: 8
[ error ] [8]未定义数组下标: 7
[ error ] [8]未定义数组下标: 6
[ error ] [8]未定义数组下标: 5
[ error ] [8]未定义数组下标: 4
[ error ] [8]未定义数组下标: 3
[ error ] [8]未定义数组下标: 2
[ error ] [8]未定义数组下标: 1
[ error ] [8]未定义数组下标: 0
---------------------------------------------------------------

[2022-08-05T16:26:42+08:00] 148.66.8.195 POST tool.ruyo.net/Ueditor/net/controller.ashx?action=catchimage
[ error ] [0]模板文件不存在:/data/wwwroot/tool.ruyo.net/application/index/view/index/Ueditor.html
---------------------------------------------------------------

[2022-08-05T16:26:42+08:00] 148.66.8.195 POST tool.ruyo.net/install/index.php.bak?step=11&insLockfile=a&s_lang=a&install_demo_name=eurtv.php&updateHost=http:///
[ error ] [0]模板文件不存在:/data/wwwroot/tool.ruyo.net/application/index/view/index/install.html
---------------------------------------------------------------

[2022-08-05T16:26:42+08:00] 148.66.8.195 POST tool.ruyo.net/Ueditor/controller.ashx?action=catchimage
[ error ] [0]模板文件不存在:/data/wwwroot/tool.ruyo.net/application/index/view/index/Ueditor.html
---------------------------------------------------------------

[2022-08-05T16:26:42+08:00] 148.66.8.195 POST tool.ruyo.net/Ueditor/net/controller.ashx?action=catchimage
[ error ] [0]模板文件不存在:/data/wwwroot/tool.ruyo.net/application/index/view/index/Ueditor.html
---------------------------------------------------------------

[2022-08-05T16:26:42+08:00] 148.66.8.195 POST tool.ruyo.net/FCKeditor/editor/filemanager/connectors/asp/connector.asp?Command=FileUpload&Type=File&CurrentFolder=%2F
[ error ] [0]模板文件不存在:/data/wwwroot/tool.ruyo.net/application/index/view/index/FCKeditor.html
---------------------------------------------------------------

[2022-08-05T16:26:43+08:00] 148.66.8.195 GET tool.ruyo.net/e/aspx/upload.aspx?a=pageadmin_cms
[ error ] [0]模板文件不存在:/data/wwwroot/tool.ruyo.net/application/index/view/index/e.html
---------------------------------------------------------------

[2022-08-05T16:26:53+08:00] 148.66.8.195 GET tool.ruyo.net/SiteServer/Ajax/ajaxOtherService.aspx
[ error ] [0]模板文件不存在:/data/wwwroot/tool.ruyo.net/application/index/view/index/SiteServer.html
---------------------------------------------------------------

[2022-08-05T16:26:58+08:00] 148.66.8.195 GET tool.ruyo.net/search.asp
[ error ] [0]模板文件不存在:/data/wwwroot/tool.ruyo.net/application/index/view/index/search.html
---------------------------------------------------------------

[2022-08-05T16:26:58+08:00] 148.66.8.195 GET tool.ruyo.net/search.asp?searchword=%7Bif:eval(action)%7D99&action=Response.Write(Hex(665554))
[ error ] [0]模板文件不存在:/data/wwwroot/tool.ruyo.net/application/index/view/index/search.html
---------------------------------------------------------------

[2022-08-05T16:30:27+08:00] 157.55.39.71 GET tool.ruyo.net/sitemap_index.xml
[ error ] [0]模板文件不存在:/data/wwwroot/tool.ruyo.net/application/index/view/index/sitemap_index.html
---------------------------------------------------------------

[2022-08-05T16:46:06+08:00] 52.128.231.58 POST tool.ruyo.net/Ueditor/net/controller.ashx?action=catchimage
[ error ] [0]模板文件不存在:/data/wwwroot/tool.ruyo.net/application/index/view/index/Ueditor.html
---------------------------------------------------------------

[2022-08-05T16:46:06+08:00] 52.128.231.58 POST tool.ruyo.net/install/index.php.bak?step=11&insLockfile=a&s_lang=a&install_demo_name=hipig.php&updateHost=http:///
[ error ] [0]模板文件不存在:/data/wwwroot/tool.ruyo.net/application/index/view/index/install.html
---------------------------------------------------------------

[2022-08-05T16:46:06+08:00] 52.128.231.58 POST tool.ruyo.net/Ueditor/controller.ashx?action=catchimage
[ error ] [0]模板文件不存在:/data/wwwroot/tool.ruyo.net/application/index/view/index/Ueditor.html
---------------------------------------------------------------

[2022-08-05T16:46:06+08:00] 52.128.231.58 POST tool.ruyo.net/Ueditor/net/controller.ashx?action=catchimage
[ error ] [0]模板文件不存在:/data/wwwroot/tool.ruyo.net/application/index/view/index/Ueditor.html
---------------------------------------------------------------

[2022-08-05T16:46:07+08:00] 52.128.231.58 POST tool.ruyo.net/FCKeditor/editor/filemanager/connectors/asp/connector.asp?Command=FileUpload&Type=File&CurrentFolder=%2F
[ error ] [0]模板文件不存在:/data/wwwroot/tool.ruyo.net/application/index/view/index/FCKeditor.html
---------------------------------------------------------------

[2022-08-05T16:46:07+08:00] 52.128.231.58 GET tool.ruyo.net/e/aspx/upload.aspx?a=pageadmin_cms
[ error ] [0]模板文件不存在:/data/wwwroot/tool.ruyo.net/application/index/view/index/e.html
---------------------------------------------------------------

[2022-08-05T16:46:18+08:00] 52.128.231.58 GET tool.ruyo.net/SiteServer/Ajax/ajaxOtherService.aspx
[ error ] [0]模板文件不存在:/data/wwwroot/tool.ruyo.net/application/index/view/index/SiteServer.html
---------------------------------------------------------------

[2022-08-05T16:46:21+08:00] 52.128.231.58 GET tool.ruyo.net/search.asp
[ error ] [0]模板文件不存在:/data/wwwroot/tool.ruyo.net/application/index/view/index/search.html
---------------------------------------------------------------

[2022-08-05T16:46:21+08:00] 52.128.231.58 GET tool.ruyo.net/search.asp?searchword=%7Bif:eval(action)%7D99&action=Response.Write(Hex(665554))
[ error ] [0]模板文件不存在:/data/wwwroot/tool.ruyo.net/application/index/view/index/search.html
---------------------------------------------------------------

[2022-08-05T16:50:08+08:00] 157.90.181.219 GET tool.ruyo.net/sitemap
[ error ] [0]模板文件不存在:/data/wwwroot/tool.ruyo.net/application/index/view/index/sitemap.html
---------------------------------------------------------------

[2022-08-05T16:50:14+08:00] 157.90.181.219 GET tool.ruyo.net/sitemap.txt
[ error ] [0]模板文件不存在:/data/wwwroot/tool.ruyo.net/application/index/view/index/sitemap.html
---------------------------------------------------------------

[2022-08-05T16:55:18+08:00] 157.55.39.176 GET tool.ruyo.net/sitemap.txt
[ error ] [0]模板文件不存在:/data/wwwroot/tool.ruyo.net/application/index/view/index/sitemap.html
---------------------------------------------------------------

[2022-08-05T17:18:26+08:00] 40.77.167.56 GET tool.ruyo.net/sitemaps.xml
[ error ] [0]模板文件不存在:/data/wwwroot/tool.ruyo.net/application/index/view/index/sitemaps.html
---------------------------------------------------------------

[2022-08-05T17:23:42+08:00] 157.55.39.176 GET tool.ruyo.net/sitemap.xml.gz
[ error ] [0]模板文件不存在:/data/wwwroot/tool.ruyo.net/application/index/view/index/sitemap.html
---------------------------------------------------------------

[2022-08-05T17:47:24+08:00] 114.96.11.22 GET tool.ruyo.net/static/style/fonts/glyphicons-halflings-regular.eot
[ error ] [0]模板文件不存在:/data/wwwroot/tool.ruyo.net/application/index/view/index/static.html
