---------------------------------------------------------------

[2022-08-31T11:41:27+08:00] 211.156.84.49 POST tool.ruyo.net/favicon/
[ error ] [8]未定义变量: icANDmask
[ error ] [8]未定义数组下标: 0
[ error ] [8]未定义数组下标: 63
[ error ] [8]未定义数组下标: 62
[ error ] [8]未定义数组下标: 61
[ error ] [8]未定义数组下标: 60
[ error ] [8]未定义数组下标: 59
[ error ] [8]未定义数组下标: 58
[ error ] [8]未定义数组下标: 57
[ error ] [8]未定义数组下标: 56
[ error ] [8]未定义数组下标: 55
[ error ] [8]未定义数组下标: 54
[ error ] [8]未定义数组下标: 53
[ error ] [8]未定义数组下标: 52
[ error ] [8]未定义数组下标: 51
[ error ] [8]未定义数组下标: 50
[ error ] [8]未定义数组下标: 49
[ error ] [8]未定义数组下标: 48
[ error ] [8]未定义数组下标: 47
[ error ] [8]未定义数组下标: 46
[ error ] [8]未定义数组下标: 45
[ error ] [8]未定义数组下标: 44
[ error ] [8]未定义数组下标: 43
[ error ] [8]未定义数组下标: 42
[ error ] [8]未定义数组下标: 41
[ error ] [8]未定义数组下标: 40
[ error ] [8]未定义数组下标: 39
[ error ] [8]未定义数组下标: 38
[ error ] [8]未定义数组下标: 37
[ error ] [8]未定义数组下标: 36
[ error ] [8]未定义数组下标: 35
[ error ] [8]未定义数组下标: 34
[ error ] [8]未定义数组下标: 33
[ error ] [8]未定义数组下标: 32
[ error ] [8]未定义数组下标: 31
[ error ] [8]未定义数组下标: 30
[ error ] [8]未定义数组下标: 29
[ error ] [8]未定义数组下标: 28
[ error ] [8]未定义数组下标: 27
[ error ] [8]未定义数组下标: 26
[ error ] [8]未定义数组下标: 25
[ error ] [8]未定义数组下标: 24
[ error ] [8]未定义数组下标: 23
[ error ] [8]未定义数组下标: 22
[ error ] [8]未定义数组下标: 21
[ error ] [8]未定义数组下标: 20
[ error ] [8]未定义数组下标: 19
[ error ] [8]未定义数组下标: 18
[ error ] [8]未定义数组下标: 17
[ error ] [8]未定义数组下标: 16
[ error ] [8]未定义数组下标: 15
[ error ] [8]未定义数组下标: 14
[ error ] [8]未定义数组下标: 13
[ error ] [8]未定义数组下标: 12
[ error ] [8]未定义数组下标: 11
[ error ] [8]未定义数组下标: 10
[ error ] [8]未定义数组下标: 9
[ error ] [8]未定义数组下标: 8
[ error ] [8]未定义数组下标: 7
[ error ] [8]未定义数组下标: 6
[ error ] [8]未定义数组下标: 5
[ error ] [8]未定义数组下标: 4
[ error ] [8]未定义数组下标: 3
[ error ] [8]未定义数组下标: 2
[ error ] [8]未定义数组下标: 1
[ error ] [8]未定义数组下标: 0
---------------------------------------------------------------

[2022-08-31T15:46:07+08:00] 40.77.167.2 GET tool.ruyo.net/sitemap.xml
[ error ] [0]模板文件不存在:/data/wwwroot/tool.ruyo.net/application/index/view/index/sitemap.html
---------------------------------------------------------------

[2022-08-31T16:01:27+08:00] 157.55.39.8 GET tool.ruyo.net/atom.xml
[ error ] [0]模板文件不存在:/data/wwwroot/tool.ruyo.net/application/index/view/index/atom.html
---------------------------------------------------------------

[2022-08-31T16:25:59+08:00] 40.77.167.63 GET tool.ruyo.net/sitemap_index.xml
[ error ] [0]模板文件不存在:/data/wwwroot/tool.ruyo.net/application/index/view/index/sitemap_index.html
---------------------------------------------------------------

[2022-08-31T16:50:23+08:00] 207.46.13.187 GET tool.ruyo.net/sitemap.txt
[ error ] [0]模板文件不存在:/data/wwwroot/tool.ruyo.net/application/index/view/index/sitemap.html
---------------------------------------------------------------

[2022-08-31T17:12:58+08:00] 157.55.39.23 GET tool.ruyo.net/sitemaps.xml
[ error ] [0]模板文件不存在:/data/wwwroot/tool.ruyo.net/application/index/view/index/sitemaps.html
---------------------------------------------------------------

[2022-08-31T17:18:06+08:00] 207.46.13.187 GET tool.ruyo.net/sitemap.xml.gz
[ error ] [0]模板文件不存在:/data/wwwroot/tool.ruyo.net/application/index/view/index/sitemap.html
