---------------------------------------------------------------

[2022-07-22T01:59:21+08:00] 124.248.67.73 GET tool.ruyo.net/data/admin/allowurl.txt
[ error ] [0]模板文件不存在:/data/wwwroot/tool.ruyo.net/application/index/view/index/data.html
---------------------------------------------------------------

[2022-07-22T02:59:47+08:00] 172.247.38.191 GET tool.ruyo.net/data/admin/allowurl.txt
[ error ] [0]模板文件不存在:/data/wwwroot/tool.ruyo.net/application/index/view/index/data.html
---------------------------------------------------------------

[2022-07-22T03:22:06+08:00] 52.139.152.169 GET tool.ruyo.net/data/admin/allowurl.txt
[ error ] [0]模板文件不存在:/data/wwwroot/tool.ruyo.net/application/index/view/index/data.html
---------------------------------------------------------------

[2022-07-22T03:30:24+08:00] 52.139.152.169 GET tool.ruyo.net/xxxss
[ error ] [0]模板文件不存在:/data/wwwroot/tool.ruyo.net/application/index/view/index/xxxss.html
---------------------------------------------------------------

[2022-07-22T03:37:34+08:00] 49.232.6.201 GET tool.ruyo.net/xxxss
[ error ] [0]模板文件不存在:/data/wwwroot/tool.ruyo.net/application/index/view/index/xxxss.html
---------------------------------------------------------------

[2022-07-22T07:24:02+08:00] 157.90.181.219 GET tool.ruyo.net/sitemap
[ error ] [0]模板文件不存在:/data/wwwroot/tool.ruyo.net/application/index/view/index/sitemap.html
---------------------------------------------------------------

[2022-07-22T07:24:09+08:00] 157.90.181.219 GET tool.ruyo.net/sitemap.txt
[ error ] [0]模板文件不存在:/data/wwwroot/tool.ruyo.net/application/index/view/index/sitemap.html
---------------------------------------------------------------

[2022-07-22T07:55:03+08:00] 121.226.40.209 POST tool.ruyo.net/favicon/
[ error ] [8]未定义变量: icANDmask
[ error ] [8]未定义数组下标: 0
[ error ] [8]未定义数组下标: 31
[ error ] [8]未定义数组下标: 30
[ error ] [8]未定义数组下标: 29
[ error ] [8]未定义数组下标: 28
[ error ] [8]未定义数组下标: 27
[ error ] [8]未定义数组下标: 26
[ error ] [8]未定义数组下标: 25
[ error ] [8]未定义数组下标: 24
[ error ] [8]未定义数组下标: 23
[ error ] [8]未定义数组下标: 22
[ error ] [8]未定义数组下标: 21
[ error ] [8]未定义数组下标: 20
[ error ] [8]未定义数组下标: 19
[ error ] [8]未定义数组下标: 18
[ error ] [8]未定义数组下标: 17
[ error ] [8]未定义数组下标: 16
[ error ] [8]未定义数组下标: 15
[ error ] [8]未定义数组下标: 14
[ error ] [8]未定义数组下标: 13
[ error ] [8]未定义数组下标: 12
[ error ] [8]未定义数组下标: 11
[ error ] [8]未定义数组下标: 10
[ error ] [8]未定义数组下标: 9
[ error ] [8]未定义数组下标: 8
[ error ] [8]未定义数组下标: 7
[ error ] [8]未定义数组下标: 6
[ error ] [8]未定义数组下标: 5
[ error ] [8]未定义数组下标: 4
[ error ] [8]未定义数组下标: 3
[ error ] [8]未定义数组下标: 2
[ error ] [8]未定义数组下标: 1
[ error ] [8]未定义数组下标: 0
---------------------------------------------------------------

[2022-07-22T08:17:00+08:00] 172.247.38.212 GET tool.ruyo.net/data/admin/allowurl.txt
[ error ] [0]模板文件不存在:/data/wwwroot/tool.ruyo.net/application/index/view/index/data.html
---------------------------------------------------------------

[2022-07-22T09:29:09+08:00] 115.196.176.133 POST tool.ruyo.net/caiji/
[ error ] [8]iconv(): Detected an illegal character in input string
---------------------------------------------------------------

[2022-07-22T11:26:19+08:00] 103.104.103.201 GET tool.ruyo.net/data/admin/allowurl.txt
[ error ] [0]模板文件不存在:/data/wwwroot/tool.ruyo.net/application/index/view/index/data.html
---------------------------------------------------------------

[2022-07-22T12:52:29+08:00] 218.93.206.9 GET tool.ruyo.net/data/admin/allowurl.txt
[ error ] [0]模板文件不存在:/data/wwwroot/tool.ruyo.net/application/index/view/index/data.html
---------------------------------------------------------------

[2022-07-22T16:43:59+08:00] 156.146.45.182 POST tool.ruyo.net/api/
[ error ] [2]get_headers(): php_network_getaddresses: getaddrinfo failed: Name or service not known
---------------------------------------------------------------

[2022-07-22T16:44:38+08:00] 156.146.45.182 POST tool.ruyo.net/api/
[ error ] [2]get_headers(): php_network_getaddresses: getaddrinfo failed: Name or service not known
---------------------------------------------------------------

[2022-07-22T22:48:30+08:00] 111.173.114.209 GET tool.ruyo.net/data/admin/allowurl.txt
[ error ] [0]模板文件不存在:/data/wwwroot/tool.ruyo.net/application/index/view/index/data.html
---------------------------------------------------------------

[2022-07-22T22:57:49+08:00] 218.93.206.9 GET tool.ruyo.net/data/admin/allowurl.txt
[ error ] [0]模板文件不存在:/data/wwwroot/tool.ruyo.net/application/index/view/index/data.html
---------------------------------------------------------------

[2022-07-22T23:47:09+08:00] 111.173.114.152 GET tool.ruyo.net/data/admin/allowurl.txt
[ error ] [0]模板文件不存在:/data/wwwroot/tool.ruyo.net/application/index/view/index/data.html
