---------------------------------------------------------------

[2022-09-12T01:02:53+08:00] 157.55.39.125 GET tool.ruyo.net/sitemap.xml
[ error ] [0]模板文件不存在:/data/wwwroot/tool.ruyo.net/application/index/view/index/sitemap.html
---------------------------------------------------------------

[2022-09-12T01:07:04+08:00] 106.225.131.216 GET tool.ruyo.net/xxxss
[ error ] [0]模板文件不存在:/data/wwwroot/tool.ruyo.net/application/index/view/index/xxxss.html
---------------------------------------------------------------

[2022-09-12T01:18:28+08:00] 207.46.13.166 GET tool.ruyo.net/atom.xml
[ error ] [0]模板文件不存在:/data/wwwroot/tool.ruyo.net/application/index/view/index/atom.html
---------------------------------------------------------------

[2022-09-12T01:32:21+08:00] 106.225.131.216 GET tool.ruyo.net/data/admin/allowurl.txt
[ error ] [0]模板文件不存在:/data/wwwroot/tool.ruyo.net/application/index/view/index/data.html
---------------------------------------------------------------

[2022-09-12T01:42:46+08:00] 207.46.13.170 GET tool.ruyo.net/sitemap_index.xml
[ error ] [0]模板文件不存在:/data/wwwroot/tool.ruyo.net/application/index/view/index/sitemap_index.html
---------------------------------------------------------------

[2022-09-12T02:06:49+08:00] 157.55.39.126 GET tool.ruyo.net/sitemap.txt
[ error ] [0]模板文件不存在:/data/wwwroot/tool.ruyo.net/application/index/view/index/sitemap.html
---------------------------------------------------------------

[2022-09-12T02:29:13+08:00] 157.55.39.126 GET tool.ruyo.net/sitemaps.xml
[ error ] [0]模板文件不存在:/data/wwwroot/tool.ruyo.net/application/index/view/index/sitemaps.html
---------------------------------------------------------------

[2022-09-12T02:29:52+08:00] 14.157.20.148 POST tool.ruyo.net/favicon/
[ error ] [8]未定义变量: icANDmask
[ error ] [8]未定义数组下标: 0
[ error ] [8]未定义数组下标: 31
[ error ] [8]未定义数组下标: 30
[ error ] [8]未定义数组下标: 29
[ error ] [8]未定义数组下标: 28
[ error ] [8]未定义数组下标: 27
[ error ] [8]未定义数组下标: 26
[ error ] [8]未定义数组下标: 25
[ error ] [8]未定义数组下标: 24
[ error ] [8]未定义数组下标: 23
[ error ] [8]未定义数组下标: 22
[ error ] [8]未定义数组下标: 21
[ error ] [8]未定义数组下标: 20
[ error ] [8]未定义数组下标: 19
[ error ] [8]未定义数组下标: 18
[ error ] [8]未定义数组下标: 17
[ error ] [8]未定义数组下标: 16
[ error ] [8]未定义数组下标: 15
[ error ] [8]未定义数组下标: 14
[ error ] [8]未定义数组下标: 13
[ error ] [8]未定义数组下标: 12
[ error ] [8]未定义数组下标: 11
[ error ] [8]未定义数组下标: 10
[ error ] [8]未定义数组下标: 9
[ error ] [8]未定义数组下标: 8
[ error ] [8]未定义数组下标: 7
[ error ] [8]未定义数组下标: 6
[ error ] [8]未定义数组下标: 5
[ error ] [8]未定义数组下标: 4
[ error ] [8]未定义数组下标: 3
[ error ] [8]未定义数组下标: 2
[ error ] [8]未定义数组下标: 1
[ error ] [8]未定义数组下标: 0
---------------------------------------------------------------

[2022-09-12T02:34:21+08:00] 157.55.39.126 GET tool.ruyo.net/sitemap.xml.gz
[ error ] [0]模板文件不存在:/data/wwwroot/tool.ruyo.net/application/index/view/index/sitemap.html
---------------------------------------------------------------

[2022-09-12T05:22:21+08:00] 20.239.158.147 GET tool.ruyo.net/data/admin/allowurl.txt
[ error ] [0]模板文件不存在:/data/wwwroot/tool.ruyo.net/application/index/view/index/data.html
---------------------------------------------------------------

[2022-09-12T05:45:29+08:00] 103.104.101.40 GET tool.ruyo.net/data/admin/allowurl.txt
[ error ] [0]模板文件不存在:/data/wwwroot/tool.ruyo.net/application/index/view/index/data.html
---------------------------------------------------------------

[2022-09-12T11:38:46+08:00] 222.186.43.114 GET tool.ruyo.net/data/admin/allowurl.txt
[ error ] [0]模板文件不存在:/data/wwwroot/tool.ruyo.net/application/index/view/index/data.html
---------------------------------------------------------------

[2022-09-12T13:45:32+08:00] 107.167.35.130 GET tool.ruyo.net/data/admin/allowurl.txt
[ error ] [0]模板文件不存在:/data/wwwroot/tool.ruyo.net/application/index/view/index/data.html
---------------------------------------------------------------

[2022-09-12T13:46:59+08:00] 103.104.101.45 GET tool.ruyo.net/data/admin/allowurl.txt
[ error ] [0]模板文件不存在:/data/wwwroot/tool.ruyo.net/application/index/view/index/data.html
---------------------------------------------------------------

[2022-09-12T20:10:07+08:00] 103.104.101.40 GET tool.ruyo.net/data/admin/allowurl.txt
[ error ] [0]模板文件不存在:/data/wwwroot/tool.ruyo.net/application/index/view/index/data.html
---------------------------------------------------------------

[2022-09-12T20:17:52+08:00] 20.187.169.37 GET tool.ruyo.net/data/admin/allowurl.txt
[ error ] [0]模板文件不存在:/data/wwwroot/tool.ruyo.net/application/index/view/index/data.html
---------------------------------------------------------------

[2022-09-12T20:49:37+08:00] 157.55.39.125 GET tool.ruyo.net/sitemap.xml
[ error ] [0]模板文件不存在:/data/wwwroot/tool.ruyo.net/application/index/view/index/sitemap.html
---------------------------------------------------------------

[2022-09-12T21:05:02+08:00] 207.46.13.166 GET tool.ruyo.net/atom.xml
[ error ] [0]模板文件不存在:/data/wwwroot/tool.ruyo.net/application/index/view/index/atom.html
---------------------------------------------------------------

[2022-09-12T21:31:03+08:00] 207.46.13.170 GET tool.ruyo.net/sitemap_index.xml
[ error ] [0]模板文件不存在:/data/wwwroot/tool.ruyo.net/application/index/view/index/sitemap_index.html
---------------------------------------------------------------

[2022-09-12T21:45:22+08:00] 222.186.43.66 GET tool.ruyo.net/data/admin/allowurl.txt
[ error ] [0]模板文件不存在:/data/wwwroot/tool.ruyo.net/application/index/view/index/data.html
---------------------------------------------------------------

[2022-09-12T21:55:43+08:00] 157.55.39.126 GET tool.ruyo.net/sitemap.txt
[ error ] [0]模板文件不存在:/data/wwwroot/tool.ruyo.net/application/index/view/index/sitemap.html
---------------------------------------------------------------

[2022-09-12T22:22:16+08:00] 157.55.39.126 GET tool.ruyo.net/sitemaps.xml
[ error ] [0]模板文件不存在:/data/wwwroot/tool.ruyo.net/application/index/view/index/sitemaps.html
---------------------------------------------------------------

[2022-09-12T22:27:36+08:00] 157.55.39.126 GET tool.ruyo.net/sitemap.xml.gz
[ error ] [0]模板文件不存在:/data/wwwroot/tool.ruyo.net/application/index/view/index/sitemap.html
